Determining if the pthread_create exist failed with the following output:
Change Dir: /opt/CMakeFiles/CMakeTmp

Run Build Command:"/usr/bin/make" "cmTC_d80bd/fast"
/usr/bin/make -f CMakeFiles/cmTC_d80bd.dir/build.make CMakeFiles/cmTC_d80bd.dir/build
make[1]: Entering directory '/opt/CMakeFiles/CMakeTmp'
Building C object CMakeFiles/cmTC_d80bd.dir/CheckSymbolExists.c.o
/usr/bin/cc     -o CMakeFiles/cmTC_d80bd.dir/CheckSymbolExists.c.o   -c /opt/CMakeFiles/CMakeTmp/CheckSymbolExists.c
Linking C executable cmTC_d80bd
/usr/bin/cmake -E cmake_link_script CMakeFiles/cmTC_d80bd.dir/link.txt --verbose=1
/usr/bin/cc       CMakeFiles/cmTC_d80bd.dir/CheckSymbolExists.c.o  -o cmTC_d80bd -rdynamic 
CMakeFiles/cmTC_d80bd.dir/CheckSymbolExists.c.o: In function `main':
CheckSymbolExists.c:(.text+0x48): undefined reference to `pthread_create'
collect2: error: ld returned 1 exit status
CMakeFiles/cmTC_d80bd.dir/build.make:97: recipe for target 'cmTC_d80bd' failed
make[1]: *** [cmTC_d80bd] Error 1
make[1]: Leaving directory '/opt/CMakeFiles/CMakeTmp'
Makefile:126: recipe for target 'cmTC_d80bd/fast' failed
make: *** [cmTC_d80bd/fast] Error 2

File /opt/CMakeFiles/CMakeTmp/CheckSymbolExists.c:
/* */
#include <pthread.h>

int main(int argc, char** argv)
{
  (void)argv;
#ifndef pthread_create
  return ((int*)(&pthread_create))[argc];
#else
  (void)argc;
  return 0;
#endif
}

Determining if the function pthread_create exists in the pthreads failed with the following output:
Change Dir: /opt/CMakeFiles/CMakeTmp

Run Build Command:"/usr/bin/make" "cmTC_574b2/fast"
/usr/bin/make -f CMakeFiles/cmTC_574b2.dir/build.make CMakeFiles/cmTC_574b2.dir/build
make[1]: Entering directory '/opt/CMakeFiles/CMakeTmp'
Building C object CMakeFiles/cmTC_574b2.dir/CheckFunctionExists.c.o
/usr/bin/cc    -DCHECK_FUNCTION_EXISTS=pthread_create   -o CMakeFiles/cmTC_574b2.dir/CheckFunctionExists.c.o   -c /usr/share/cmake-3.7/Modules/CheckFunctionExists.c
Linking C executable cmTC_574b2
/usr/bin/cmake -E cmake_link_script CMakeFiles/cmTC_574b2.dir/link.txt --verbose=1
/usr/bin/cc   -DCHECK_FUNCTION_EXISTS=pthread_create    CMakeFiles/cmTC_574b2.dir/CheckFunctionExists.c.o  -o cmTC_574b2 -rdynamic -lpthreads 
/usr/bin/ld: cannot find -lpthreads
collect2: error: ld returned 1 exit status
CMakeFiles/cmTC_574b2.dir/build.make:97: recipe for target 'cmTC_574b2' failed
make[1]: *** [cmTC_574b2] Error 1
make[1]: Leaving directory '/opt/CMakeFiles/CMakeTmp'
Makefile:126: recipe for target 'cmTC_574b2/fast' failed
make: *** [cmTC_574b2/fast] Error 2


Determining if the pthread_create exist failed with the following output:
Change Dir: /opt/CMakeFiles/CMakeTmp

Run Build Command:"/usr/bin/make" "cmTC_70dfa/fast"
/usr/bin/make -f CMakeFiles/cmTC_70dfa.dir/build.make CMakeFiles/cmTC_70dfa.dir/build
make[1]: Entering directory '/opt/CMakeFiles/CMakeTmp'
Building C object CMakeFiles/cmTC_70dfa.dir/CheckSymbolExists.c.o
/usr/bin/cc     -o CMakeFiles/cmTC_70dfa.dir/CheckSymbolExists.c.o   -c /opt/CMakeFiles/CMakeTmp/CheckSymbolExists.c
Linking C executable cmTC_70dfa
/usr/bin/cmake -E cmake_link_script CMakeFiles/cmTC_70dfa.dir/link.txt --verbose=1
/usr/bin/cc       CMakeFiles/cmTC_70dfa.dir/CheckSymbolExists.c.o  -o cmTC_70dfa -rdynamic 
CMakeFiles/cmTC_70dfa.dir/CheckSymbolExists.c.o: In function `main':
CheckSymbolExists.c:(.text+0x48): undefined reference to `pthread_create'
collect2: error: ld returned 1 exit status
CMakeFiles/cmTC_70dfa.dir/build.make:97: recipe for target 'cmTC_70dfa' failed
make[1]: *** [cmTC_70dfa] Error 1
make[1]: Leaving directory '/opt/CMakeFiles/CMakeTmp'
Makefile:126: recipe for target 'cmTC_70dfa/fast' failed
make: *** [cmTC_70dfa/fast] Error 2

File /opt/CMakeFiles/CMakeTmp/CheckSymbolExists.c:
/* */
#include <pthread.h>

int main(int argc, char** argv)
{
  (void)argv;
#ifndef pthread_create
  return ((int*)(&pthread_create))[argc];
#else
  (void)argc;
  return 0;
#endif
}

Determining if the function pthread_create exists in the pthreads failed with the following output:
Change Dir: /opt/CMakeFiles/CMakeTmp

Run Build Command:"/usr/bin/make" "cmTC_ef14a/fast"
/usr/bin/make -f CMakeFiles/cmTC_ef14a.dir/build.make CMakeFiles/cmTC_ef14a.dir/build
make[1]: Entering directory '/opt/CMakeFiles/CMakeTmp'
Building C object CMakeFiles/cmTC_ef14a.dir/CheckFunctionExists.c.o
/usr/bin/cc    -DCHECK_FUNCTION_EXISTS=pthread_create   -o CMakeFiles/cmTC_ef14a.dir/CheckFunctionExists.c.o   -c /usr/share/cmake-3.7/Modules/CheckFunctionExists.c
Linking C executable cmTC_ef14a
/usr/bin/cmake -E cmake_link_script CMakeFiles/cmTC_ef14a.dir/link.txt --verbose=1
/usr/bin/cc   -DCHECK_FUNCTION_EXISTS=pthread_create    CMakeFiles/cmTC_ef14a.dir/CheckFunctionExists.c.o  -o cmTC_ef14a -rdynamic -lpthreads 
/usr/bin/ld: cannot find -lpthreads
collect2: error: ld returned 1 exit status
CMakeFiles/cmTC_ef14a.dir/build.make:97: recipe for target 'cmTC_ef14a' failed
make[1]: *** [cmTC_ef14a] Error 1
make[1]: Leaving directory '/opt/CMakeFiles/CMakeTmp'
Makefile:126: recipe for target 'cmTC_ef14a/fast' failed
make: *** [cmTC_ef14a/fast] Error 2


Determining if the pthread_create exist failed with the following output:
Change Dir: /opt/CMakeFiles/CMakeTmp

Run Build Command:"/usr/bin/make" "cmTC_cc544/fast"
/usr/bin/make -f CMakeFiles/cmTC_cc544.dir/build.make CMakeFiles/cmTC_cc544.dir/build
make[1]: Entering directory '/opt/CMakeFiles/CMakeTmp'
Building C object CMakeFiles/cmTC_cc544.dir/CheckSymbolExists.c.o
/usr/bin/cc     -o CMakeFiles/cmTC_cc544.dir/CheckSymbolExists.c.o   -c /opt/CMakeFiles/CMakeTmp/CheckSymbolExists.c
Linking C executable cmTC_cc544
/usr/bin/cmake -E cmake_link_script CMakeFiles/cmTC_cc544.dir/link.txt --verbose=1
/usr/bin/cc       CMakeFiles/cmTC_cc544.dir/CheckSymbolExists.c.o  -o cmTC_cc544 -rdynamic 
CMakeFiles/cmTC_cc544.dir/CheckSymbolExists.c.o: In function `main':
CheckSymbolExists.c:(.text+0x48): undefined reference to `pthread_create'
collect2: error: ld returned 1 exit status
CMakeFiles/cmTC_cc544.dir/build.make:97: recipe for target 'cmTC_cc544' failed
make[1]: *** [cmTC_cc544] Error 1
make[1]: Leaving directory '/opt/CMakeFiles/CMakeTmp'
Makefile:126: recipe for target 'cmTC_cc544/fast' failed
make: *** [cmTC_cc544/fast] Error 2

File /opt/CMakeFiles/CMakeTmp/CheckSymbolExists.c:
/* */
#include <pthread.h>

int main(int argc, char** argv)
{
  (void)argv;
#ifndef pthread_create
  return ((int*)(&pthread_create))[argc];
#else
  (void)argc;
  return 0;
#endif
}

Determining if the function pthread_create exists in the pthreads failed with the following output:
Change Dir: /opt/CMakeFiles/CMakeTmp

Run Build Command:"/usr/bin/make" "cmTC_950b5/fast"
/usr/bin/make -f CMakeFiles/cmTC_950b5.dir/build.make CMakeFiles/cmTC_950b5.dir/build
make[1]: Entering directory '/opt/CMakeFiles/CMakeTmp'
Building C object CMakeFiles/cmTC_950b5.dir/CheckFunctionExists.c.o
/usr/bin/cc    -DCHECK_FUNCTION_EXISTS=pthread_create   -o CMakeFiles/cmTC_950b5.dir/CheckFunctionExists.c.o   -c /usr/share/cmake-3.7/Modules/CheckFunctionExists.c
Linking C executable cmTC_950b5
/usr/bin/cmake -E cmake_link_script CMakeFiles/cmTC_950b5.dir/link.txt --verbose=1
/usr/bin/cc   -DCHECK_FUNCTION_EXISTS=pthread_create    CMakeFiles/cmTC_950b5.dir/CheckFunctionExists.c.o  -o cmTC_950b5 -rdynamic -lpthreads 
/usr/bin/ld: cannot find -lpthreads
collect2: error: ld returned 1 exit status
CMakeFiles/cmTC_950b5.dir/build.make:97: recipe for target 'cmTC_950b5' failed
make[1]: *** [cmTC_950b5] Error 1
make[1]: Leaving directory '/opt/CMakeFiles/CMakeTmp'
Makefile:126: recipe for target 'cmTC_950b5/fast' failed
make: *** [cmTC_950b5/fast] Error 2


Determining if the pthread_create exist failed with the following output:
Change Dir: /opt/CMakeFiles/CMakeTmp

Run Build Command:"/usr/bin/make" "cmTC_27ee6/fast"
/usr/bin/make -f CMakeFiles/cmTC_27ee6.dir/build.make CMakeFiles/cmTC_27ee6.dir/build
make[1]: Entering directory '/opt/CMakeFiles/CMakeTmp'
Building C object CMakeFiles/cmTC_27ee6.dir/CheckSymbolExists.c.o
/usr/bin/cc     -o CMakeFiles/cmTC_27ee6.dir/CheckSymbolExists.c.o   -c /opt/CMakeFiles/CMakeTmp/CheckSymbolExists.c
Linking C executable cmTC_27ee6
/usr/bin/cmake -E cmake_link_script CMakeFiles/cmTC_27ee6.dir/link.txt --verbose=1
/usr/bin/cc       CMakeFiles/cmTC_27ee6.dir/CheckSymbolExists.c.o  -o cmTC_27ee6 -rdynamic 
CMakeFiles/cmTC_27ee6.dir/CheckSymbolExists.c.o: In function `main':
CheckSymbolExists.c:(.text+0x48): undefined reference to `pthread_create'
collect2: error: ld returned 1 exit status
CMakeFiles/cmTC_27ee6.dir/build.make:97: recipe for target 'cmTC_27ee6' failed
make[1]: *** [cmTC_27ee6] Error 1
make[1]: Leaving directory '/opt/CMakeFiles/CMakeTmp'
Makefile:126: recipe for target 'cmTC_27ee6/fast' failed
make: *** [cmTC_27ee6/fast] Error 2

File /opt/CMakeFiles/CMakeTmp/CheckSymbolExists.c:
/* */
#include <pthread.h>

int main(int argc, char** argv)
{
  (void)argv;
#ifndef pthread_create
  return ((int*)(&pthread_create))[argc];
#else
  (void)argc;
  return 0;
#endif
}

Determining if the function pthread_create exists in the pthreads failed with the following output:
Change Dir: /opt/CMakeFiles/CMakeTmp

Run Build Command:"/usr/bin/make" "cmTC_b5d75/fast"
/usr/bin/make -f CMakeFiles/cmTC_b5d75.dir/build.make CMakeFiles/cmTC_b5d75.dir/build
make[1]: Entering directory '/opt/CMakeFiles/CMakeTmp'
Building C object CMakeFiles/cmTC_b5d75.dir/CheckFunctionExists.c.o
/usr/bin/cc    -DCHECK_FUNCTION_EXISTS=pthread_create   -o CMakeFiles/cmTC_b5d75.dir/CheckFunctionExists.c.o   -c /usr/share/cmake-3.7/Modules/CheckFunctionExists.c
Linking C executable cmTC_b5d75
/usr/bin/cmake -E cmake_link_script CMakeFiles/cmTC_b5d75.dir/link.txt --verbose=1
/usr/bin/cc   -DCHECK_FUNCTION_EXISTS=pthread_create    CMakeFiles/cmTC_b5d75.dir/CheckFunctionExists.c.o  -o cmTC_b5d75 -rdynamic -lpthreads 
/usr/bin/ld: cannot find -lpthreads
collect2: error: ld returned 1 exit status
CMakeFiles/cmTC_b5d75.dir/build.make:97: recipe for target 'cmTC_b5d75' failed
make[1]: *** [cmTC_b5d75] Error 1
make[1]: Leaving directory '/opt/CMakeFiles/CMakeTmp'
Makefile:126: recipe for target 'cmTC_b5d75/fast' failed
make: *** [cmTC_b5d75/fast] Error 2


Determining if the pthread_create exist failed with the following output:
Change Dir: /opt/CMakeFiles/CMakeTmp

Run Build Command:"/usr/bin/make" "cmTC_a1f9d/fast"
/usr/bin/make -f CMakeFiles/cmTC_a1f9d.dir/build.make CMakeFiles/cmTC_a1f9d.dir/build
make[1]: Entering directory '/opt/CMakeFiles/CMakeTmp'
Building C object CMakeFiles/cmTC_a1f9d.dir/CheckSymbolExists.c.o
/usr/bin/cc     -o CMakeFiles/cmTC_a1f9d.dir/CheckSymbolExists.c.o   -c /opt/CMakeFiles/CMakeTmp/CheckSymbolExists.c
Linking C executable cmTC_a1f9d
/usr/bin/cmake -E cmake_link_script CMakeFiles/cmTC_a1f9d.dir/link.txt --verbose=1
/usr/bin/cc       CMakeFiles/cmTC_a1f9d.dir/CheckSymbolExists.c.o  -o cmTC_a1f9d -rdynamic 
CMakeFiles/cmTC_a1f9d.dir/CheckSymbolExists.c.o: In function `main':
CheckSymbolExists.c:(.text+0x48): undefined reference to `pthread_create'
collect2: error: ld returned 1 exit status
CMakeFiles/cmTC_a1f9d.dir/build.make:97: recipe for target 'cmTC_a1f9d' failed
make[1]: *** [cmTC_a1f9d] Error 1
make[1]: Leaving directory '/opt/CMakeFiles/CMakeTmp'
Makefile:126: recipe for target 'cmTC_a1f9d/fast' failed
make: *** [cmTC_a1f9d/fast] Error 2

File /opt/CMakeFiles/CMakeTmp/CheckSymbolExists.c:
/* */
#include <pthread.h>

int main(int argc, char** argv)
{
  (void)argv;
#ifndef pthread_create
  return ((int*)(&pthread_create))[argc];
#else
  (void)argc;
  return 0;
#endif
}

Determining if the function pthread_create exists in the pthreads failed with the following output:
Change Dir: /opt/CMakeFiles/CMakeTmp

Run Build Command:"/usr/bin/make" "cmTC_a2356/fast"
/usr/bin/make -f CMakeFiles/cmTC_a2356.dir/build.make CMakeFiles/cmTC_a2356.dir/build
make[1]: Entering directory '/opt/CMakeFiles/CMakeTmp'
Building C object CMakeFiles/cmTC_a2356.dir/CheckFunctionExists.c.o
/usr/bin/cc    -DCHECK_FUNCTION_EXISTS=pthread_create   -o CMakeFiles/cmTC_a2356.dir/CheckFunctionExists.c.o   -c /usr/share/cmake-3.7/Modules/CheckFunctionExists.c
Linking C executable cmTC_a2356
/usr/bin/cmake -E cmake_link_script CMakeFiles/cmTC_a2356.dir/link.txt --verbose=1
/usr/bin/cc   -DCHECK_FUNCTION_EXISTS=pthread_create    CMakeFiles/cmTC_a2356.dir/CheckFunctionExists.c.o  -o cmTC_a2356 -rdynamic -lpthreads 
/usr/bin/ld: cannot find -lpthreads
collect2: error: ld returned 1 exit status
CMakeFiles/cmTC_a2356.dir/build.make:97: recipe for target 'cmTC_a2356' failed
make[1]: *** [cmTC_a2356] Error 1
make[1]: Leaving directory '/opt/CMakeFiles/CMakeTmp'
Makefile:126: recipe for target 'cmTC_a2356/fast' failed
make: *** [cmTC_a2356/fast] Error 2


Determining if the pthread_create exist failed with the following output:
Change Dir: /opt/CMakeFiles/CMakeTmp

Run Build Command:"/usr/bin/make" "cmTC_ab932/fast"
/usr/bin/make -f CMakeFiles/cmTC_ab932.dir/build.make CMakeFiles/cmTC_ab932.dir/build
make[1]: Entering directory '/opt/CMakeFiles/CMakeTmp'
Building C object CMakeFiles/cmTC_ab932.dir/CheckSymbolExists.c.o
/usr/bin/cc     -o CMakeFiles/cmTC_ab932.dir/CheckSymbolExists.c.o   -c /opt/CMakeFiles/CMakeTmp/CheckSymbolExists.c
Linking C executable cmTC_ab932
/usr/bin/cmake -E cmake_link_script CMakeFiles/cmTC_ab932.dir/link.txt --verbose=1
/usr/bin/cc       CMakeFiles/cmTC_ab932.dir/CheckSymbolExists.c.o  -o cmTC_ab932 -rdynamic 
CMakeFiles/cmTC_ab932.dir/CheckSymbolExists.c.o: In function `main':
CheckSymbolExists.c:(.text+0x48): undefined reference to `pthread_create'
collect2: error: ld returned 1 exit status
CMakeFiles/cmTC_ab932.dir/build.make:97: recipe for target 'cmTC_ab932' failed
make[1]: *** [cmTC_ab932] Error 1
make[1]: Leaving directory '/opt/CMakeFiles/CMakeTmp'
Makefile:126: recipe for target 'cmTC_ab932/fast' failed
make: *** [cmTC_ab932/fast] Error 2

File /opt/CMakeFiles/CMakeTmp/CheckSymbolExists.c:
/* */
#include <pthread.h>

int main(int argc, char** argv)
{
  (void)argv;
#ifndef pthread_create
  return ((int*)(&pthread_create))[argc];
#else
  (void)argc;
  return 0;
#endif
}

Determining if the function pthread_create exists in the pthreads failed with the following output:
Change Dir: /opt/CMakeFiles/CMakeTmp

Run Build Command:"/usr/bin/make" "cmTC_bcd95/fast"
/usr/bin/make -f CMakeFiles/cmTC_bcd95.dir/build.make CMakeFiles/cmTC_bcd95.dir/build
make[1]: Entering directory '/opt/CMakeFiles/CMakeTmp'
Building C object CMakeFiles/cmTC_bcd95.dir/CheckFunctionExists.c.o
/usr/bin/cc    -DCHECK_FUNCTION_EXISTS=pthread_create   -o CMakeFiles/cmTC_bcd95.dir/CheckFunctionExists.c.o   -c /usr/share/cmake-3.7/Modules/CheckFunctionExists.c
Linking C executable cmTC_bcd95
/usr/bin/cmake -E cmake_link_script CMakeFiles/cmTC_bcd95.dir/link.txt --verbose=1
/usr/bin/cc   -DCHECK_FUNCTION_EXISTS=pthread_create    CMakeFiles/cmTC_bcd95.dir/CheckFunctionExists.c.o  -o cmTC_bcd95 -rdynamic -lpthreads 
/usr/bin/ld: cannot find -lpthreads
collect2: error: ld returned 1 exit status
CMakeFiles/cmTC_bcd95.dir/build.make:97: recipe for target 'cmTC_bcd95' failed
make[1]: *** [cmTC_bcd95] Error 1
make[1]: Leaving directory '/opt/CMakeFiles/CMakeTmp'
Makefile:126: recipe for target 'cmTC_bcd95/fast' failed
make: *** [cmTC_bcd95/fast] Error 2


Determining if the pthread_create exist failed with the following output:
Change Dir: /opt/CMakeFiles/CMakeTmp

Run Build Command:"/usr/bin/make" "cmTC_5ed79/fast"
/usr/bin/make -f CMakeFiles/cmTC_5ed79.dir/build.make CMakeFiles/cmTC_5ed79.dir/build
make[1]: Entering directory '/opt/CMakeFiles/CMakeTmp'
Building C object CMakeFiles/cmTC_5ed79.dir/CheckSymbolExists.c.o
/usr/bin/cc     -o CMakeFiles/cmTC_5ed79.dir/CheckSymbolExists.c.o   -c /opt/CMakeFiles/CMakeTmp/CheckSymbolExists.c
Linking C executable cmTC_5ed79
/usr/bin/cmake -E cmake_link_script CMakeFiles/cmTC_5ed79.dir/link.txt --verbose=1
/usr/bin/cc       CMakeFiles/cmTC_5ed79.dir/CheckSymbolExists.c.o  -o cmTC_5ed79 -rdynamic 
CMakeFiles/cmTC_5ed79.dir/CheckSymbolExists.c.o: In function `main':
CheckSymbolExists.c:(.text+0x48): undefined reference to `pthread_create'
collect2: error: ld returned 1 exit status
CMakeFiles/cmTC_5ed79.dir/build.make:97: recipe for target 'cmTC_5ed79' failed
make[1]: *** [cmTC_5ed79] Error 1
make[1]: Leaving directory '/opt/CMakeFiles/CMakeTmp'
Makefile:126: recipe for target 'cmTC_5ed79/fast' failed
make: *** [cmTC_5ed79/fast] Error 2

File /opt/CMakeFiles/CMakeTmp/CheckSymbolExists.c:
/* */
#include <pthread.h>

int main(int argc, char** argv)
{
  (void)argv;
#ifndef pthread_create
  return ((int*)(&pthread_create))[argc];
#else
  (void)argc;
  return 0;
#endif
}

Determining if the function pthread_create exists in the pthreads failed with the following output:
Change Dir: /opt/CMakeFiles/CMakeTmp

Run Build Command:"/usr/bin/make" "cmTC_99951/fast"
/usr/bin/make -f CMakeFiles/cmTC_99951.dir/build.make CMakeFiles/cmTC_99951.dir/build
make[1]: Entering directory '/opt/CMakeFiles/CMakeTmp'
Building C object CMakeFiles/cmTC_99951.dir/CheckFunctionExists.c.o
/usr/bin/cc    -DCHECK_FUNCTION_EXISTS=pthread_create   -o CMakeFiles/cmTC_99951.dir/CheckFunctionExists.c.o   -c /usr/share/cmake-3.7/Modules/CheckFunctionExists.c
Linking C executable cmTC_99951
/usr/bin/cmake -E cmake_link_script CMakeFiles/cmTC_99951.dir/link.txt --verbose=1
/usr/bin/cc   -DCHECK_FUNCTION_EXISTS=pthread_create    CMakeFiles/cmTC_99951.dir/CheckFunctionExists.c.o  -o cmTC_99951 -rdynamic -lpthreads 
/usr/bin/ld: cannot find -lpthreads
collect2: error: ld returned 1 exit status
CMakeFiles/cmTC_99951.dir/build.make:97: recipe for target 'cmTC_99951' failed
make[1]: *** [cmTC_99951] Error 1
make[1]: Leaving directory '/opt/CMakeFiles/CMakeTmp'
Makefile:126: recipe for target 'cmTC_99951/fast' failed
make: *** [cmTC_99951/fast] Error 2


Determining if the pthread_create exist failed with the following output:
Change Dir: /opt/CMakeFiles/CMakeTmp

Run Build Command:"/usr/bin/make" "cmTC_bf961/fast"
/usr/bin/make -f CMakeFiles/cmTC_bf961.dir/build.make CMakeFiles/cmTC_bf961.dir/build
make[1]: Entering directory '/opt/CMakeFiles/CMakeTmp'
Building C object CMakeFiles/cmTC_bf961.dir/CheckSymbolExists.c.o
/usr/bin/cc     -o CMakeFiles/cmTC_bf961.dir/CheckSymbolExists.c.o   -c /opt/CMakeFiles/CMakeTmp/CheckSymbolExists.c
Linking C executable cmTC_bf961
/usr/bin/cmake -E cmake_link_script CMakeFiles/cmTC_bf961.dir/link.txt --verbose=1
/usr/bin/cc       CMakeFiles/cmTC_bf961.dir/CheckSymbolExists.c.o  -o cmTC_bf961 -rdynamic 
CMakeFiles/cmTC_bf961.dir/CheckSymbolExists.c.o: In function `main':
CheckSymbolExists.c:(.text+0x48): undefined reference to `pthread_create'
collect2: error: ld returned 1 exit status
CMakeFiles/cmTC_bf961.dir/build.make:97: recipe for target 'cmTC_bf961' failed
make[1]: *** [cmTC_bf961] Error 1
make[1]: Leaving directory '/opt/CMakeFiles/CMakeTmp'
Makefile:126: recipe for target 'cmTC_bf961/fast' failed
make: *** [cmTC_bf961/fast] Error 2

File /opt/CMakeFiles/CMakeTmp/CheckSymbolExists.c:
/* */
#include <pthread.h>

int main(int argc, char** argv)
{
  (void)argv;
#ifndef pthread_create
  return ((int*)(&pthread_create))[argc];
#else
  (void)argc;
  return 0;
#endif
}

Determining if the function pthread_create exists in the pthreads failed with the following output:
Change Dir: /opt/CMakeFiles/CMakeTmp

Run Build Command:"/usr/bin/make" "cmTC_ec7a4/fast"
/usr/bin/make -f CMakeFiles/cmTC_ec7a4.dir/build.make CMakeFiles/cmTC_ec7a4.dir/build
make[1]: Entering directory '/opt/CMakeFiles/CMakeTmp'
Building C object CMakeFiles/cmTC_ec7a4.dir/CheckFunctionExists.c.o
/usr/bin/cc    -DCHECK_FUNCTION_EXISTS=pthread_create   -o CMakeFiles/cmTC_ec7a4.dir/CheckFunctionExists.c.o   -c /usr/share/cmake-3.7/Modules/CheckFunctionExists.c
Linking C executable cmTC_ec7a4
/usr/bin/cmake -E cmake_link_script CMakeFiles/cmTC_ec7a4.dir/link.txt --verbose=1
/usr/bin/cc   -DCHECK_FUNCTION_EXISTS=pthread_create    CMakeFiles/cmTC_ec7a4.dir/CheckFunctionExists.c.o  -o cmTC_ec7a4 -rdynamic -lpthreads 
/usr/bin/ld: cannot find -lpthreads
collect2: error: ld returned 1 exit status
CMakeFiles/cmTC_ec7a4.dir/build.make:97: recipe for target 'cmTC_ec7a4' failed
make[1]: *** [cmTC_ec7a4] Error 1
make[1]: Leaving directory '/opt/CMakeFiles/CMakeTmp'
Makefile:126: recipe for target 'cmTC_ec7a4/fast' failed
make: *** [cmTC_ec7a4/fast] Error 2


Determining if the pthread_create exist failed with the following output:
Change Dir: /opt/CMakeFiles/CMakeTmp

Run Build Command:"/usr/bin/make" "cmTC_cb1d7/fast"
/usr/bin/make -f CMakeFiles/cmTC_cb1d7.dir/build.make CMakeFiles/cmTC_cb1d7.dir/build
make[1]: Entering directory '/opt/CMakeFiles/CMakeTmp'
Building C object CMakeFiles/cmTC_cb1d7.dir/CheckSymbolExists.c.o
/usr/bin/cc     -o CMakeFiles/cmTC_cb1d7.dir/CheckSymbolExists.c.o   -c /opt/CMakeFiles/CMakeTmp/CheckSymbolExists.c
Linking C executable cmTC_cb1d7
/usr/bin/cmake -E cmake_link_script CMakeFiles/cmTC_cb1d7.dir/link.txt --verbose=1
/usr/bin/cc       CMakeFiles/cmTC_cb1d7.dir/CheckSymbolExists.c.o  -o cmTC_cb1d7 -rdynamic 
CMakeFiles/cmTC_cb1d7.dir/CheckSymbolExists.c.o: In function `main':
CheckSymbolExists.c:(.text+0x48): undefined reference to `pthread_create'
collect2: error: ld returned 1 exit status
CMakeFiles/cmTC_cb1d7.dir/build.make:97: recipe for target 'cmTC_cb1d7' failed
make[1]: *** [cmTC_cb1d7] Error 1
make[1]: Leaving directory '/opt/CMakeFiles/CMakeTmp'
Makefile:126: recipe for target 'cmTC_cb1d7/fast' failed
make: *** [cmTC_cb1d7/fast] Error 2

File /opt/CMakeFiles/CMakeTmp/CheckSymbolExists.c:
/* */
#include <pthread.h>

int main(int argc, char** argv)
{
  (void)argv;
#ifndef pthread_create
  return ((int*)(&pthread_create))[argc];
#else
  (void)argc;
  return 0;
#endif
}

Determining if the function pthread_create exists in the pthreads failed with the following output:
Change Dir: /opt/CMakeFiles/CMakeTmp

Run Build Command:"/usr/bin/make" "cmTC_93394/fast"
/usr/bin/make -f CMakeFiles/cmTC_93394.dir/build.make CMakeFiles/cmTC_93394.dir/build
make[1]: Entering directory '/opt/CMakeFiles/CMakeTmp'
Building C object CMakeFiles/cmTC_93394.dir/CheckFunctionExists.c.o
/usr/bin/cc    -DCHECK_FUNCTION_EXISTS=pthread_create   -o CMakeFiles/cmTC_93394.dir/CheckFunctionExists.c.o   -c /usr/share/cmake-3.7/Modules/CheckFunctionExists.c
Linking C executable cmTC_93394
/usr/bin/cmake -E cmake_link_script CMakeFiles/cmTC_93394.dir/link.txt --verbose=1
/usr/bin/cc   -DCHECK_FUNCTION_EXISTS=pthread_create    CMakeFiles/cmTC_93394.dir/CheckFunctionExists.c.o  -o cmTC_93394 -rdynamic -lpthreads 
/usr/bin/ld: cannot find -lpthreads
collect2: error: ld returned 1 exit status
CMakeFiles/cmTC_93394.dir/build.make:97: recipe for target 'cmTC_93394' failed
make[1]: *** [cmTC_93394] Error 1
make[1]: Leaving directory '/opt/CMakeFiles/CMakeTmp'
Makefile:126: recipe for target 'cmTC_93394/fast' failed
make: *** [cmTC_93394/fast] Error 2


Determining if the pthread_create exist failed with the following output:
Change Dir: /opt/CMakeFiles/CMakeTmp

Run Build Command:"/usr/bin/make" "cmTC_ec1ca/fast"
/usr/bin/make -f CMakeFiles/cmTC_ec1ca.dir/build.make CMakeFiles/cmTC_ec1ca.dir/build
make[1]: Entering directory '/opt/CMakeFiles/CMakeTmp'
Building C object CMakeFiles/cmTC_ec1ca.dir/CheckSymbolExists.c.o
/usr/bin/cc     -o CMakeFiles/cmTC_ec1ca.dir/CheckSymbolExists.c.o   -c /opt/CMakeFiles/CMakeTmp/CheckSymbolExists.c
Linking C executable cmTC_ec1ca
/usr/bin/cmake -E cmake_link_script CMakeFiles/cmTC_ec1ca.dir/link.txt --verbose=1
/usr/bin/cc       CMakeFiles/cmTC_ec1ca.dir/CheckSymbolExists.c.o  -o cmTC_ec1ca -rdynamic 
CMakeFiles/cmTC_ec1ca.dir/CheckSymbolExists.c.o: In function `main':
CheckSymbolExists.c:(.text+0x48): undefined reference to `pthread_create'
collect2: error: ld returned 1 exit status
CMakeFiles/cmTC_ec1ca.dir/build.make:97: recipe for target 'cmTC_ec1ca' failed
make[1]: *** [cmTC_ec1ca] Error 1
make[1]: Leaving directory '/opt/CMakeFiles/CMakeTmp'
Makefile:126: recipe for target 'cmTC_ec1ca/fast' failed
make: *** [cmTC_ec1ca/fast] Error 2

File /opt/CMakeFiles/CMakeTmp/CheckSymbolExists.c:
/* */
#include <pthread.h>

int main(int argc, char** argv)
{
  (void)argv;
#ifndef pthread_create
  return ((int*)(&pthread_create))[argc];
#else
  (void)argc;
  return 0;
#endif
}

Determining if the function pthread_create exists in the pthreads failed with the following output:
Change Dir: /opt/CMakeFiles/CMakeTmp

Run Build Command:"/usr/bin/make" "cmTC_d11b5/fast"
/usr/bin/make -f CMakeFiles/cmTC_d11b5.dir/build.make CMakeFiles/cmTC_d11b5.dir/build
make[1]: Entering directory '/opt/CMakeFiles/CMakeTmp'
Building C object CMakeFiles/cmTC_d11b5.dir/CheckFunctionExists.c.o
/usr/bin/cc    -DCHECK_FUNCTION_EXISTS=pthread_create   -o CMakeFiles/cmTC_d11b5.dir/CheckFunctionExists.c.o   -c /usr/share/cmake-3.7/Modules/CheckFunctionExists.c
Linking C executable cmTC_d11b5
/usr/bin/cmake -E cmake_link_script CMakeFiles/cmTC_d11b5.dir/link.txt --verbose=1
/usr/bin/cc   -DCHECK_FUNCTION_EXISTS=pthread_create    CMakeFiles/cmTC_d11b5.dir/CheckFunctionExists.c.o  -o cmTC_d11b5 -rdynamic -lpthreads 
/usr/bin/ld: cannot find -lpthreads
collect2: error: ld returned 1 exit status
CMakeFiles/cmTC_d11b5.dir/build.make:97: recipe for target 'cmTC_d11b5' failed
make[1]: *** [cmTC_d11b5] Error 1
make[1]: Leaving directory '/opt/CMakeFiles/CMakeTmp'
Makefile:126: recipe for target 'cmTC_d11b5/fast' failed
make: *** [cmTC_d11b5/fast] Error 2


Determining if the pthread_create exist failed with the following output:
Change Dir: /opt/CMakeFiles/CMakeTmp

Run Build Command:"/usr/bin/make" "cmTC_a3f70/fast"
/usr/bin/make -f CMakeFiles/cmTC_a3f70.dir/build.make CMakeFiles/cmTC_a3f70.dir/build
make[1]: Entering directory '/opt/CMakeFiles/CMakeTmp'
Building C object CMakeFiles/cmTC_a3f70.dir/CheckSymbolExists.c.o
/usr/bin/cc     -o CMakeFiles/cmTC_a3f70.dir/CheckSymbolExists.c.o   -c /opt/CMakeFiles/CMakeTmp/CheckSymbolExists.c
Linking C executable cmTC_a3f70
/usr/bin/cmake -E cmake_link_script CMakeFiles/cmTC_a3f70.dir/link.txt --verbose=1
/usr/bin/cc       CMakeFiles/cmTC_a3f70.dir/CheckSymbolExists.c.o  -o cmTC_a3f70 -rdynamic 
CMakeFiles/cmTC_a3f70.dir/CheckSymbolExists.c.o: In function `main':
CheckSymbolExists.c:(.text+0x48): undefined reference to `pthread_create'
collect2: error: ld returned 1 exit status
CMakeFiles/cmTC_a3f70.dir/build.make:97: recipe for target 'cmTC_a3f70' failed
make[1]: *** [cmTC_a3f70] Error 1
make[1]: Leaving directory '/opt/CMakeFiles/CMakeTmp'
Makefile:126: recipe for target 'cmTC_a3f70/fast' failed
make: *** [cmTC_a3f70/fast] Error 2

File /opt/CMakeFiles/CMakeTmp/CheckSymbolExists.c:
/* */
#include <pthread.h>

int main(int argc, char** argv)
{
  (void)argv;
#ifndef pthread_create
  return ((int*)(&pthread_create))[argc];
#else
  (void)argc;
  return 0;
#endif
}

Determining if the function pthread_create exists in the pthreads failed with the following output:
Change Dir: /opt/CMakeFiles/CMakeTmp

Run Build Command:"/usr/bin/make" "cmTC_58287/fast"
/usr/bin/make -f CMakeFiles/cmTC_58287.dir/build.make CMakeFiles/cmTC_58287.dir/build
make[1]: Entering directory '/opt/CMakeFiles/CMakeTmp'
Building C object CMakeFiles/cmTC_58287.dir/CheckFunctionExists.c.o
/usr/bin/cc    -DCHECK_FUNCTION_EXISTS=pthread_create   -o CMakeFiles/cmTC_58287.dir/CheckFunctionExists.c.o   -c /usr/share/cmake-3.7/Modules/CheckFunctionExists.c
Linking C executable cmTC_58287
/usr/bin/cmake -E cmake_link_script CMakeFiles/cmTC_58287.dir/link.txt --verbose=1
/usr/bin/cc   -DCHECK_FUNCTION_EXISTS=pthread_create    CMakeFiles/cmTC_58287.dir/CheckFunctionExists.c.o  -o cmTC_58287 -rdynamic -lpthreads 
/usr/bin/ld: cannot find -lpthreads
collect2: error: ld returned 1 exit status
CMakeFiles/cmTC_58287.dir/build.make:97: recipe for target 'cmTC_58287' failed
make[1]: *** [cmTC_58287] Error 1
make[1]: Leaving directory '/opt/CMakeFiles/CMakeTmp'
Makefile:126: recipe for target 'cmTC_58287/fast' failed
make: *** [cmTC_58287/fast] Error 2


Determining if the pthread_create exist failed with the following output:
Change Dir: /opt/CMakeFiles/CMakeTmp

Run Build Command:"/usr/bin/make" "cmTC_f4d4a/fast"
/usr/bin/make -f CMakeFiles/cmTC_f4d4a.dir/build.make CMakeFiles/cmTC_f4d4a.dir/build
make[1]: Entering directory '/opt/CMakeFiles/CMakeTmp'
Building C object CMakeFiles/cmTC_f4d4a.dir/CheckSymbolExists.c.o
/usr/bin/cc     -o CMakeFiles/cmTC_f4d4a.dir/CheckSymbolExists.c.o   -c /opt/CMakeFiles/CMakeTmp/CheckSymbolExists.c
Linking C executable cmTC_f4d4a
/usr/bin/cmake -E cmake_link_script CMakeFiles/cmTC_f4d4a.dir/link.txt --verbose=1
/usr/bin/cc       CMakeFiles/cmTC_f4d4a.dir/CheckSymbolExists.c.o  -o cmTC_f4d4a -rdynamic 
CMakeFiles/cmTC_f4d4a.dir/CheckSymbolExists.c.o: In function `main':
CheckSymbolExists.c:(.text+0x48): undefined reference to `pthread_create'
collect2: error: ld returned 1 exit status
CMakeFiles/cmTC_f4d4a.dir/build.make:97: recipe for target 'cmTC_f4d4a' failed
make[1]: *** [cmTC_f4d4a] Error 1
make[1]: Leaving directory '/opt/CMakeFiles/CMakeTmp'
Makefile:126: recipe for target 'cmTC_f4d4a/fast' failed
make: *** [cmTC_f4d4a/fast] Error 2

File /opt/CMakeFiles/CMakeTmp/CheckSymbolExists.c:
/* */
#include <pthread.h>

int main(int argc, char** argv)
{
  (void)argv;
#ifndef pthread_create
  return ((int*)(&pthread_create))[argc];
#else
  (void)argc;
  return 0;
#endif
}

Determining if the function pthread_create exists in the pthreads failed with the following output:
Change Dir: /opt/CMakeFiles/CMakeTmp

Run Build Command:"/usr/bin/make" "cmTC_b45c7/fast"
/usr/bin/make -f CMakeFiles/cmTC_b45c7.dir/build.make CMakeFiles/cmTC_b45c7.dir/build
make[1]: Entering directory '/opt/CMakeFiles/CMakeTmp'
Building C object CMakeFiles/cmTC_b45c7.dir/CheckFunctionExists.c.o
/usr/bin/cc    -DCHECK_FUNCTION_EXISTS=pthread_create   -o CMakeFiles/cmTC_b45c7.dir/CheckFunctionExists.c.o   -c /usr/share/cmake-3.7/Modules/CheckFunctionExists.c
Linking C executable cmTC_b45c7
/usr/bin/cmake -E cmake_link_script CMakeFiles/cmTC_b45c7.dir/link.txt --verbose=1
/usr/bin/cc   -DCHECK_FUNCTION_EXISTS=pthread_create    CMakeFiles/cmTC_b45c7.dir/CheckFunctionExists.c.o  -o cmTC_b45c7 -rdynamic -lpthreads 
/usr/bin/ld: cannot find -lpthreads
collect2: error: ld returned 1 exit status
CMakeFiles/cmTC_b45c7.dir/build.make:97: recipe for target 'cmTC_b45c7' failed
make[1]: *** [cmTC_b45c7] Error 1
make[1]: Leaving directory '/opt/CMakeFiles/CMakeTmp'
Makefile:126: recipe for target 'cmTC_b45c7/fast' failed
make: *** [cmTC_b45c7/fast] Error 2


Determining if the pthread_create exist failed with the following output:
Change Dir: /opt/CMakeFiles/CMakeTmp

Run Build Command:"/usr/bin/make" "cmTC_f4cc4/fast"
/usr/bin/make -f CMakeFiles/cmTC_f4cc4.dir/build.make CMakeFiles/cmTC_f4cc4.dir/build
make[1]: Entering directory '/opt/CMakeFiles/CMakeTmp'
Building C object CMakeFiles/cmTC_f4cc4.dir/CheckSymbolExists.c.o
/usr/bin/cc     -o CMakeFiles/cmTC_f4cc4.dir/CheckSymbolExists.c.o   -c /opt/CMakeFiles/CMakeTmp/CheckSymbolExists.c
Linking C executable cmTC_f4cc4
/usr/bin/cmake -E cmake_link_script CMakeFiles/cmTC_f4cc4.dir/link.txt --verbose=1
/usr/bin/cc       CMakeFiles/cmTC_f4cc4.dir/CheckSymbolExists.c.o  -o cmTC_f4cc4 -rdynamic 
CMakeFiles/cmTC_f4cc4.dir/CheckSymbolExists.c.o: In function `main':
CheckSymbolExists.c:(.text+0x48): undefined reference to `pthread_create'
collect2: error: ld returned 1 exit status
CMakeFiles/cmTC_f4cc4.dir/build.make:97: recipe for target 'cmTC_f4cc4' failed
make[1]: *** [cmTC_f4cc4] Error 1
make[1]: Leaving directory '/opt/CMakeFiles/CMakeTmp'
Makefile:126: recipe for target 'cmTC_f4cc4/fast' failed
make: *** [cmTC_f4cc4/fast] Error 2

File /opt/CMakeFiles/CMakeTmp/CheckSymbolExists.c:
/* */
#include <pthread.h>

int main(int argc, char** argv)
{
  (void)argv;
#ifndef pthread_create
  return ((int*)(&pthread_create))[argc];
#else
  (void)argc;
  return 0;
#endif
}

Determining if the function pthread_create exists in the pthreads failed with the following output:
Change Dir: /opt/CMakeFiles/CMakeTmp

Run Build Command:"/usr/bin/make" "cmTC_33347/fast"
/usr/bin/make -f CMakeFiles/cmTC_33347.dir/build.make CMakeFiles/cmTC_33347.dir/build
make[1]: Entering directory '/opt/CMakeFiles/CMakeTmp'
Building C object CMakeFiles/cmTC_33347.dir/CheckFunctionExists.c.o
/usr/bin/cc    -DCHECK_FUNCTION_EXISTS=pthread_create   -o CMakeFiles/cmTC_33347.dir/CheckFunctionExists.c.o   -c /usr/share/cmake-3.7/Modules/CheckFunctionExists.c
Linking C executable cmTC_33347
/usr/bin/cmake -E cmake_link_script CMakeFiles/cmTC_33347.dir/link.txt --verbose=1
/usr/bin/cc   -DCHECK_FUNCTION_EXISTS=pthread_create    CMakeFiles/cmTC_33347.dir/CheckFunctionExists.c.o  -o cmTC_33347 -rdynamic -lpthreads 
/usr/bin/ld: cannot find -lpthreads
collect2: error: ld returned 1 exit status
CMakeFiles/cmTC_33347.dir/build.make:97: recipe for target 'cmTC_33347' failed
make[1]: *** [cmTC_33347] Error 1
make[1]: Leaving directory '/opt/CMakeFiles/CMakeTmp'
Makefile:126: recipe for target 'cmTC_33347/fast' failed
make: *** [cmTC_33347/fast] Error 2


Determining if the pthread_create exist failed with the following output:
Change Dir: /opt/CMakeFiles/CMakeTmp

Run Build Command:"/usr/bin/make" "cmTC_aac50/fast"
/usr/bin/make -f CMakeFiles/cmTC_aac50.dir/build.make CMakeFiles/cmTC_aac50.dir/build
make[1]: Entering directory '/opt/CMakeFiles/CMakeTmp'
Building C object CMakeFiles/cmTC_aac50.dir/CheckSymbolExists.c.o
/usr/bin/cc     -o CMakeFiles/cmTC_aac50.dir/CheckSymbolExists.c.o   -c /opt/CMakeFiles/CMakeTmp/CheckSymbolExists.c
Linking C executable cmTC_aac50
/usr/bin/cmake -E cmake_link_script CMakeFiles/cmTC_aac50.dir/link.txt --verbose=1
/usr/bin/cc       CMakeFiles/cmTC_aac50.dir/CheckSymbolExists.c.o  -o cmTC_aac50 -rdynamic 
CMakeFiles/cmTC_aac50.dir/CheckSymbolExists.c.o: In function `main':
CheckSymbolExists.c:(.text+0x48): undefined reference to `pthread_create'
collect2: error: ld returned 1 exit status
CMakeFiles/cmTC_aac50.dir/build.make:97: recipe for target 'cmTC_aac50' failed
make[1]: *** [cmTC_aac50] Error 1
make[1]: Leaving directory '/opt/CMakeFiles/CMakeTmp'
Makefile:126: recipe for target 'cmTC_aac50/fast' failed
make: *** [cmTC_aac50/fast] Error 2

File /opt/CMakeFiles/CMakeTmp/CheckSymbolExists.c:
/* */
#include <pthread.h>

int main(int argc, char** argv)
{
  (void)argv;
#ifndef pthread_create
  return ((int*)(&pthread_create))[argc];
#else
  (void)argc;
  return 0;
#endif
}

Determining if the function pthread_create exists in the pthreads failed with the following output:
Change Dir: /opt/CMakeFiles/CMakeTmp

Run Build Command:"/usr/bin/make" "cmTC_a78e0/fast"
/usr/bin/make -f CMakeFiles/cmTC_a78e0.dir/build.make CMakeFiles/cmTC_a78e0.dir/build
make[1]: Entering directory '/opt/CMakeFiles/CMakeTmp'
Building C object CMakeFiles/cmTC_a78e0.dir/CheckFunctionExists.c.o
/usr/bin/cc    -DCHECK_FUNCTION_EXISTS=pthread_create   -o CMakeFiles/cmTC_a78e0.dir/CheckFunctionExists.c.o   -c /usr/share/cmake-3.7/Modules/CheckFunctionExists.c
Linking C executable cmTC_a78e0
/usr/bin/cmake -E cmake_link_script CMakeFiles/cmTC_a78e0.dir/link.txt --verbose=1
/usr/bin/cc   -DCHECK_FUNCTION_EXISTS=pthread_create    CMakeFiles/cmTC_a78e0.dir/CheckFunctionExists.c.o  -o cmTC_a78e0 -rdynamic -lpthreads 
/usr/bin/ld: cannot find -lpthreads
collect2: error: ld returned 1 exit status
CMakeFiles/cmTC_a78e0.dir/build.make:97: recipe for target 'cmTC_a78e0' failed
make[1]: *** [cmTC_a78e0] Error 1
make[1]: Leaving directory '/opt/CMakeFiles/CMakeTmp'
Makefile:126: recipe for target 'cmTC_a78e0/fast' failed
make: *** [cmTC_a78e0/fast] Error 2


Determining if the pthread_create exist failed with the following output:
Change Dir: /opt/CMakeFiles/CMakeTmp

Run Build Command:"/usr/bin/make" "cmTC_bd45b/fast"
/usr/bin/make -f CMakeFiles/cmTC_bd45b.dir/build.make CMakeFiles/cmTC_bd45b.dir/build
make[1]: Entering directory '/opt/CMakeFiles/CMakeTmp'
Building C object CMakeFiles/cmTC_bd45b.dir/CheckSymbolExists.c.o
/usr/bin/cc     -o CMakeFiles/cmTC_bd45b.dir/CheckSymbolExists.c.o   -c /opt/CMakeFiles/CMakeTmp/CheckSymbolExists.c
Linking C executable cmTC_bd45b
/usr/bin/cmake -E cmake_link_script CMakeFiles/cmTC_bd45b.dir/link.txt --verbose=1
/usr/bin/cc       CMakeFiles/cmTC_bd45b.dir/CheckSymbolExists.c.o  -o cmTC_bd45b -rdynamic 
CMakeFiles/cmTC_bd45b.dir/CheckSymbolExists.c.o: In function `main':
CheckSymbolExists.c:(.text+0x48): undefined reference to `pthread_create'
collect2: error: ld returned 1 exit status
CMakeFiles/cmTC_bd45b.dir/build.make:97: recipe for target 'cmTC_bd45b' failed
make[1]: *** [cmTC_bd45b] Error 1
make[1]: Leaving directory '/opt/CMakeFiles/CMakeTmp'
Makefile:126: recipe for target 'cmTC_bd45b/fast' failed
make: *** [cmTC_bd45b/fast] Error 2

File /opt/CMakeFiles/CMakeTmp/CheckSymbolExists.c:
/* */
#include <pthread.h>

int main(int argc, char** argv)
{
  (void)argv;
#ifndef pthread_create
  return ((int*)(&pthread_create))[argc];
#else
  (void)argc;
  return 0;
#endif
}

Determining if the function pthread_create exists in the pthreads failed with the following output:
Change Dir: /opt/CMakeFiles/CMakeTmp

Run Build Command:"/usr/bin/make" "cmTC_5bdd8/fast"
/usr/bin/make -f CMakeFiles/cmTC_5bdd8.dir/build.make CMakeFiles/cmTC_5bdd8.dir/build
make[1]: Entering directory '/opt/CMakeFiles/CMakeTmp'
Building C object CMakeFiles/cmTC_5bdd8.dir/CheckFunctionExists.c.o
/usr/bin/cc    -DCHECK_FUNCTION_EXISTS=pthread_create   -o CMakeFiles/cmTC_5bdd8.dir/CheckFunctionExists.c.o   -c /usr/share/cmake-3.7/Modules/CheckFunctionExists.c
Linking C executable cmTC_5bdd8
/usr/bin/cmake -E cmake_link_script CMakeFiles/cmTC_5bdd8.dir/link.txt --verbose=1
/usr/bin/cc   -DCHECK_FUNCTION_EXISTS=pthread_create    CMakeFiles/cmTC_5bdd8.dir/CheckFunctionExists.c.o  -o cmTC_5bdd8 -rdynamic -lpthreads 
/usr/bin/ld: cannot find -lpthreads
collect2: error: ld returned 1 exit status
CMakeFiles/cmTC_5bdd8.dir/build.make:97: recipe for target 'cmTC_5bdd8' failed
make[1]: *** [cmTC_5bdd8] Error 1
make[1]: Leaving directory '/opt/CMakeFiles/CMakeTmp'
Makefile:126: recipe for target 'cmTC_5bdd8/fast' failed
make: *** [cmTC_5bdd8/fast] Error 2


Determining if the pthread_create exist failed with the following output:
Change Dir: /opt/CMakeFiles/CMakeTmp

Run Build Command:"/usr/bin/make" "cmTC_d92e4/fast"
/usr/bin/make -f CMakeFiles/cmTC_d92e4.dir/build.make CMakeFiles/cmTC_d92e4.dir/build
make[1]: Entering directory '/opt/CMakeFiles/CMakeTmp'
Building C object CMakeFiles/cmTC_d92e4.dir/CheckSymbolExists.c.o
/usr/bin/cc     -o CMakeFiles/cmTC_d92e4.dir/CheckSymbolExists.c.o   -c /opt/CMakeFiles/CMakeTmp/CheckSymbolExists.c
Linking C executable cmTC_d92e4
/usr/bin/cmake -E cmake_link_script CMakeFiles/cmTC_d92e4.dir/link.txt --verbose=1
/usr/bin/cc       CMakeFiles/cmTC_d92e4.dir/CheckSymbolExists.c.o  -o cmTC_d92e4 -rdynamic 
CMakeFiles/cmTC_d92e4.dir/CheckSymbolExists.c.o: In function `main':
CheckSymbolExists.c:(.text+0x48): undefined reference to `pthread_create'
collect2: error: ld returned 1 exit status
CMakeFiles/cmTC_d92e4.dir/build.make:97: recipe for target 'cmTC_d92e4' failed
make[1]: *** [cmTC_d92e4] Error 1
make[1]: Leaving directory '/opt/CMakeFiles/CMakeTmp'
Makefile:126: recipe for target 'cmTC_d92e4/fast' failed
make: *** [cmTC_d92e4/fast] Error 2

File /opt/CMakeFiles/CMakeTmp/CheckSymbolExists.c:
/* */
#include <pthread.h>

int main(int argc, char** argv)
{
  (void)argv;
#ifndef pthread_create
  return ((int*)(&pthread_create))[argc];
#else
  (void)argc;
  return 0;
#endif
}

Determining if the function pthread_create exists in the pthreads failed with the following output:
Change Dir: /opt/CMakeFiles/CMakeTmp

Run Build Command:"/usr/bin/make" "cmTC_e4da3/fast"
/usr/bin/make -f CMakeFiles/cmTC_e4da3.dir/build.make CMakeFiles/cmTC_e4da3.dir/build
make[1]: Entering directory '/opt/CMakeFiles/CMakeTmp'
Building C object CMakeFiles/cmTC_e4da3.dir/CheckFunctionExists.c.o
/usr/bin/cc    -DCHECK_FUNCTION_EXISTS=pthread_create   -o CMakeFiles/cmTC_e4da3.dir/CheckFunctionExists.c.o   -c /usr/share/cmake-3.7/Modules/CheckFunctionExists.c
Linking C executable cmTC_e4da3
/usr/bin/cmake -E cmake_link_script CMakeFiles/cmTC_e4da3.dir/link.txt --verbose=1
/usr/bin/cc   -DCHECK_FUNCTION_EXISTS=pthread_create    CMakeFiles/cmTC_e4da3.dir/CheckFunctionExists.c.o  -o cmTC_e4da3 -rdynamic -lpthreads 
/usr/bin/ld: cannot find -lpthreads
collect2: error: ld returned 1 exit status
CMakeFiles/cmTC_e4da3.dir/build.make:97: recipe for target 'cmTC_e4da3' failed
make[1]: *** [cmTC_e4da3] Error 1
make[1]: Leaving directory '/opt/CMakeFiles/CMakeTmp'
Makefile:126: recipe for target 'cmTC_e4da3/fast' failed
make: *** [cmTC_e4da3/fast] Error 2


Determining if the pthread_create exist failed with the following output:
Change Dir: /opt/CMakeFiles/CMakeTmp

Run Build Command:"/usr/bin/make" "cmTC_4ab8b/fast"
/usr/bin/make -f CMakeFiles/cmTC_4ab8b.dir/build.make CMakeFiles/cmTC_4ab8b.dir/build
make[1]: Entering directory '/opt/CMakeFiles/CMakeTmp'
Building C object CMakeFiles/cmTC_4ab8b.dir/CheckSymbolExists.c.o
/usr/bin/cc     -o CMakeFiles/cmTC_4ab8b.dir/CheckSymbolExists.c.o   -c /opt/CMakeFiles/CMakeTmp/CheckSymbolExists.c
Linking C executable cmTC_4ab8b
/usr/bin/cmake -E cmake_link_script CMakeFiles/cmTC_4ab8b.dir/link.txt --verbose=1
/usr/bin/cc       CMakeFiles/cmTC_4ab8b.dir/CheckSymbolExists.c.o  -o cmTC_4ab8b -rdynamic 
CMakeFiles/cmTC_4ab8b.dir/CheckSymbolExists.c.o: In function `main':
CheckSymbolExists.c:(.text+0x48): undefined reference to `pthread_create'
collect2: error: ld returned 1 exit status
CMakeFiles/cmTC_4ab8b.dir/build.make:97: recipe for target 'cmTC_4ab8b' failed
make[1]: *** [cmTC_4ab8b] Error 1
make[1]: Leaving directory '/opt/CMakeFiles/CMakeTmp'
Makefile:126: recipe for target 'cmTC_4ab8b/fast' failed
make: *** [cmTC_4ab8b/fast] Error 2

File /opt/CMakeFiles/CMakeTmp/CheckSymbolExists.c:
/* */
#include <pthread.h>

int main(int argc, char** argv)
{
  (void)argv;
#ifndef pthread_create
  return ((int*)(&pthread_create))[argc];
#else
  (void)argc;
  return 0;
#endif
}

Determining if the function pthread_create exists in the pthreads failed with the following output:
Change Dir: /opt/CMakeFiles/CMakeTmp

Run Build Command:"/usr/bin/make" "cmTC_77659/fast"
/usr/bin/make -f CMakeFiles/cmTC_77659.dir/build.make CMakeFiles/cmTC_77659.dir/build
make[1]: Entering directory '/opt/CMakeFiles/CMakeTmp'
Building C object CMakeFiles/cmTC_77659.dir/CheckFunctionExists.c.o
/usr/bin/cc    -DCHECK_FUNCTION_EXISTS=pthread_create   -o CMakeFiles/cmTC_77659.dir/CheckFunctionExists.c.o   -c /usr/share/cmake-3.7/Modules/CheckFunctionExists.c
Linking C executable cmTC_77659
/usr/bin/cmake -E cmake_link_script CMakeFiles/cmTC_77659.dir/link.txt --verbose=1
/usr/bin/cc   -DCHECK_FUNCTION_EXISTS=pthread_create    CMakeFiles/cmTC_77659.dir/CheckFunctionExists.c.o  -o cmTC_77659 -rdynamic -lpthreads 
/usr/bin/ld: cannot find -lpthreads
collect2: error: ld returned 1 exit status
CMakeFiles/cmTC_77659.dir/build.make:97: recipe for target 'cmTC_77659' failed
make[1]: *** [cmTC_77659] Error 1
make[1]: Leaving directory '/opt/CMakeFiles/CMakeTmp'
Makefile:126: recipe for target 'cmTC_77659/fast' failed
make: *** [cmTC_77659/fast] Error 2


Determining if the pthread_create exist failed with the following output:
Change Dir: /opt/CMakeFiles/CMakeTmp

Run Build Command:"/usr/bin/make" "cmTC_ea034/fast"
/usr/bin/make -f CMakeFiles/cmTC_ea034.dir/build.make CMakeFiles/cmTC_ea034.dir/build
make[1]: Entering directory '/opt/CMakeFiles/CMakeTmp'
Building C object CMakeFiles/cmTC_ea034.dir/CheckSymbolExists.c.o
/usr/bin/cc     -o CMakeFiles/cmTC_ea034.dir/CheckSymbolExists.c.o   -c /opt/CMakeFiles/CMakeTmp/CheckSymbolExists.c
Linking C executable cmTC_ea034
/usr/bin/cmake -E cmake_link_script CMakeFiles/cmTC_ea034.dir/link.txt --verbose=1
/usr/bin/cc       CMakeFiles/cmTC_ea034.dir/CheckSymbolExists.c.o  -o cmTC_ea034 -rdynamic 
CMakeFiles/cmTC_ea034.dir/CheckSymbolExists.c.o: In function `main':
CheckSymbolExists.c:(.text+0x48): undefined reference to `pthread_create'
collect2: error: ld returned 1 exit status
CMakeFiles/cmTC_ea034.dir/build.make:97: recipe for target 'cmTC_ea034' failed
make[1]: *** [cmTC_ea034] Error 1
make[1]: Leaving directory '/opt/CMakeFiles/CMakeTmp'
Makefile:126: recipe for target 'cmTC_ea034/fast' failed
make: *** [cmTC_ea034/fast] Error 2

File /opt/CMakeFiles/CMakeTmp/CheckSymbolExists.c:
/* */
#include <pthread.h>

int main(int argc, char** argv)
{
  (void)argv;
#ifndef pthread_create
  return ((int*)(&pthread_create))[argc];
#else
  (void)argc;
  return 0;
#endif
}

Determining if the function pthread_create exists in the pthreads failed with the following output:
Change Dir: /opt/CMakeFiles/CMakeTmp

Run Build Command:"/usr/bin/make" "cmTC_f454b/fast"
/usr/bin/make -f CMakeFiles/cmTC_f454b.dir/build.make CMakeFiles/cmTC_f454b.dir/build
make[1]: Entering directory '/opt/CMakeFiles/CMakeTmp'
Building C object CMakeFiles/cmTC_f454b.dir/CheckFunctionExists.c.o
/usr/bin/cc    -DCHECK_FUNCTION_EXISTS=pthread_create   -o CMakeFiles/cmTC_f454b.dir/CheckFunctionExists.c.o   -c /usr/share/cmake-3.7/Modules/CheckFunctionExists.c
Linking C executable cmTC_f454b
/usr/bin/cmake -E cmake_link_script CMakeFiles/cmTC_f454b.dir/link.txt --verbose=1
/usr/bin/cc   -DCHECK_FUNCTION_EXISTS=pthread_create    CMakeFiles/cmTC_f454b.dir/CheckFunctionExists.c.o  -o cmTC_f454b -rdynamic -lpthreads 
/usr/bin/ld: cannot find -lpthreads
collect2: error: ld returned 1 exit status
CMakeFiles/cmTC_f454b.dir/build.make:97: recipe for target 'cmTC_f454b' failed
make[1]: *** [cmTC_f454b] Error 1
make[1]: Leaving directory '/opt/CMakeFiles/CMakeTmp'
Makefile:126: recipe for target 'cmTC_f454b/fast' failed
make: *** [cmTC_f454b/fast] Error 2


Determining if the pthread_create exist failed with the following output:
Change Dir: /opt/CMakeFiles/CMakeTmp

Run Build Command:"/usr/bin/make" "cmTC_41318/fast"
/usr/bin/make -f CMakeFiles/cmTC_41318.dir/build.make CMakeFiles/cmTC_41318.dir/build
make[1]: Entering directory '/opt/CMakeFiles/CMakeTmp'
Building C object CMakeFiles/cmTC_41318.dir/CheckSymbolExists.c.o
/usr/bin/cc     -o CMakeFiles/cmTC_41318.dir/CheckSymbolExists.c.o   -c /opt/CMakeFiles/CMakeTmp/CheckSymbolExists.c
Linking C executable cmTC_41318
/usr/bin/cmake -E cmake_link_script CMakeFiles/cmTC_41318.dir/link.txt --verbose=1
/usr/bin/cc       CMakeFiles/cmTC_41318.dir/CheckSymbolExists.c.o  -o cmTC_41318 -rdynamic 
CMakeFiles/cmTC_41318.dir/CheckSymbolExists.c.o: In function `main':
CheckSymbolExists.c:(.text+0x48): undefined reference to `pthread_create'
collect2: error: ld returned 1 exit status
CMakeFiles/cmTC_41318.dir/build.make:97: recipe for target 'cmTC_41318' failed
make[1]: *** [cmTC_41318] Error 1
make[1]: Leaving directory '/opt/CMakeFiles/CMakeTmp'
Makefile:126: recipe for target 'cmTC_41318/fast' failed
make: *** [cmTC_41318/fast] Error 2

File /opt/CMakeFiles/CMakeTmp/CheckSymbolExists.c:
/* */
#include <pthread.h>

int main(int argc, char** argv)
{
  (void)argv;
#ifndef pthread_create
  return ((int*)(&pthread_create))[argc];
#else
  (void)argc;
  return 0;
#endif
}

Determining if the function pthread_create exists in the pthreads failed with the following output:
Change Dir: /opt/CMakeFiles/CMakeTmp

Run Build Command:"/usr/bin/make" "cmTC_9b404/fast"
/usr/bin/make -f CMakeFiles/cmTC_9b404.dir/build.make CMakeFiles/cmTC_9b404.dir/build
make[1]: Entering directory '/opt/CMakeFiles/CMakeTmp'
Building C object CMakeFiles/cmTC_9b404.dir/CheckFunctionExists.c.o
/usr/bin/cc    -DCHECK_FUNCTION_EXISTS=pthread_create   -o CMakeFiles/cmTC_9b404.dir/CheckFunctionExists.c.o   -c /usr/share/cmake-3.7/Modules/CheckFunctionExists.c
Linking C executable cmTC_9b404
/usr/bin/cmake -E cmake_link_script CMakeFiles/cmTC_9b404.dir/link.txt --verbose=1
/usr/bin/cc   -DCHECK_FUNCTION_EXISTS=pthread_create    CMakeFiles/cmTC_9b404.dir/CheckFunctionExists.c.o  -o cmTC_9b404 -rdynamic -lpthreads 
/usr/bin/ld: cannot find -lpthreads
collect2: error: ld returned 1 exit status
CMakeFiles/cmTC_9b404.dir/build.make:97: recipe for target 'cmTC_9b404' failed
make[1]: *** [cmTC_9b404] Error 1
make[1]: Leaving directory '/opt/CMakeFiles/CMakeTmp'
Makefile:126: recipe for target 'cmTC_9b404/fast' failed
make: *** [cmTC_9b404/fast] Error 2


Determining if the pthread_create exist failed with the following output:
Change Dir: /opt/CMakeFiles/CMakeTmp

Run Build Command:"/usr/bin/make" "cmTC_4372d/fast"
/usr/bin/make -f CMakeFiles/cmTC_4372d.dir/build.make CMakeFiles/cmTC_4372d.dir/build
make[1]: Entering directory '/opt/CMakeFiles/CMakeTmp'
Building C object CMakeFiles/cmTC_4372d.dir/CheckSymbolExists.c.o
/usr/bin/cc     -o CMakeFiles/cmTC_4372d.dir/CheckSymbolExists.c.o   -c /opt/CMakeFiles/CMakeTmp/CheckSymbolExists.c
Linking C executable cmTC_4372d
/usr/bin/cmake -E cmake_link_script CMakeFiles/cmTC_4372d.dir/link.txt --verbose=1
/usr/bin/cc       CMakeFiles/cmTC_4372d.dir/CheckSymbolExists.c.o  -o cmTC_4372d -rdynamic 
CMakeFiles/cmTC_4372d.dir/CheckSymbolExists.c.o: In function `main':
CheckSymbolExists.c:(.text+0x48): undefined reference to `pthread_create'
collect2: error: ld returned 1 exit status
CMakeFiles/cmTC_4372d.dir/build.make:97: recipe for target 'cmTC_4372d' failed
make[1]: *** [cmTC_4372d] Error 1
make[1]: Leaving directory '/opt/CMakeFiles/CMakeTmp'
Makefile:126: recipe for target 'cmTC_4372d/fast' failed
make: *** [cmTC_4372d/fast] Error 2

File /opt/CMakeFiles/CMakeTmp/CheckSymbolExists.c:
/* */
#include <pthread.h>

int main(int argc, char** argv)
{
  (void)argv;
#ifndef pthread_create
  return ((int*)(&pthread_create))[argc];
#else
  (void)argc;
  return 0;
#endif
}

Determining if the function pthread_create exists in the pthreads failed with the following output:
Change Dir: /opt/CMakeFiles/CMakeTmp

Run Build Command:"/usr/bin/make" "cmTC_b5607/fast"
/usr/bin/make -f CMakeFiles/cmTC_b5607.dir/build.make CMakeFiles/cmTC_b5607.dir/build
make[1]: Entering directory '/opt/CMakeFiles/CMakeTmp'
Building C object CMakeFiles/cmTC_b5607.dir/CheckFunctionExists.c.o
/usr/bin/cc    -DCHECK_FUNCTION_EXISTS=pthread_create   -o CMakeFiles/cmTC_b5607.dir/CheckFunctionExists.c.o   -c /usr/share/cmake-3.7/Modules/CheckFunctionExists.c
Linking C executable cmTC_b5607
/usr/bin/cmake -E cmake_link_script CMakeFiles/cmTC_b5607.dir/link.txt --verbose=1
/usr/bin/cc   -DCHECK_FUNCTION_EXISTS=pthread_create    CMakeFiles/cmTC_b5607.dir/CheckFunctionExists.c.o  -o cmTC_b5607 -rdynamic -lpthreads 
/usr/bin/ld: cannot find -lpthreads
collect2: error: ld returned 1 exit status
CMakeFiles/cmTC_b5607.dir/build.make:97: recipe for target 'cmTC_b5607' failed
make[1]: *** [cmTC_b5607] Error 1
make[1]: Leaving directory '/opt/CMakeFiles/CMakeTmp'
Makefile:126: recipe for target 'cmTC_b5607/fast' failed
make: *** [cmTC_b5607/fast] Error 2


Determining if the pthread_create exist failed with the following output:
Change Dir: /opt/CMakeFiles/CMakeTmp

Run Build Command:"/usr/bin/make" "cmTC_3b7bb/fast"
/usr/bin/make -f CMakeFiles/cmTC_3b7bb.dir/build.make CMakeFiles/cmTC_3b7bb.dir/build
make[1]: Entering directory '/opt/CMakeFiles/CMakeTmp'
Building C object CMakeFiles/cmTC_3b7bb.dir/CheckSymbolExists.c.o
/usr/bin/cc     -o CMakeFiles/cmTC_3b7bb.dir/CheckSymbolExists.c.o   -c /opt/CMakeFiles/CMakeTmp/CheckSymbolExists.c
Linking C executable cmTC_3b7bb
/usr/bin/cmake -E cmake_link_script CMakeFiles/cmTC_3b7bb.dir/link.txt --verbose=1
/usr/bin/cc       CMakeFiles/cmTC_3b7bb.dir/CheckSymbolExists.c.o  -o cmTC_3b7bb -rdynamic 
CMakeFiles/cmTC_3b7bb.dir/CheckSymbolExists.c.o: In function `main':
CheckSymbolExists.c:(.text+0x48): undefined reference to `pthread_create'
collect2: error: ld returned 1 exit status
CMakeFiles/cmTC_3b7bb.dir/build.make:97: recipe for target 'cmTC_3b7bb' failed
make[1]: *** [cmTC_3b7bb] Error 1
make[1]: Leaving directory '/opt/CMakeFiles/CMakeTmp'
Makefile:126: recipe for target 'cmTC_3b7bb/fast' failed
make: *** [cmTC_3b7bb/fast] Error 2

File /opt/CMakeFiles/CMakeTmp/CheckSymbolExists.c:
/* */
#include <pthread.h>

int main(int argc, char** argv)
{
  (void)argv;
#ifndef pthread_create
  return ((int*)(&pthread_create))[argc];
#else
  (void)argc;
  return 0;
#endif
}

Determining if the function pthread_create exists in the pthreads failed with the following output:
Change Dir: /opt/CMakeFiles/CMakeTmp

Run Build Command:"/usr/bin/make" "cmTC_3bb42/fast"
/usr/bin/make -f CMakeFiles/cmTC_3bb42.dir/build.make CMakeFiles/cmTC_3bb42.dir/build
make[1]: Entering directory '/opt/CMakeFiles/CMakeTmp'
Building C object CMakeFiles/cmTC_3bb42.dir/CheckFunctionExists.c.o
/usr/bin/cc    -DCHECK_FUNCTION_EXISTS=pthread_create   -o CMakeFiles/cmTC_3bb42.dir/CheckFunctionExists.c.o   -c /usr/share/cmake-3.7/Modules/CheckFunctionExists.c
Linking C executable cmTC_3bb42
/usr/bin/cmake -E cmake_link_script CMakeFiles/cmTC_3bb42.dir/link.txt --verbose=1
/usr/bin/cc   -DCHECK_FUNCTION_EXISTS=pthread_create    CMakeFiles/cmTC_3bb42.dir/CheckFunctionExists.c.o  -o cmTC_3bb42 -rdynamic -lpthreads 
/usr/bin/ld: cannot find -lpthreads
collect2: error: ld returned 1 exit status
CMakeFiles/cmTC_3bb42.dir/build.make:97: recipe for target 'cmTC_3bb42' failed
make[1]: *** [cmTC_3bb42] Error 1
make[1]: Leaving directory '/opt/CMakeFiles/CMakeTmp'
Makefile:126: recipe for target 'cmTC_3bb42/fast' failed
make: *** [cmTC_3bb42/fast] Error 2


Determining if the pthread_create exist failed with the following output:
Change Dir: /opt/CMakeFiles/CMakeTmp

Run Build Command:"/usr/bin/make" "cmTC_925f5/fast"
/usr/bin/make -f CMakeFiles/cmTC_925f5.dir/build.make CMakeFiles/cmTC_925f5.dir/build
make[1]: Entering directory '/opt/CMakeFiles/CMakeTmp'
Building C object CMakeFiles/cmTC_925f5.dir/CheckSymbolExists.c.o
/usr/bin/cc     -o CMakeFiles/cmTC_925f5.dir/CheckSymbolExists.c.o   -c /opt/CMakeFiles/CMakeTmp/CheckSymbolExists.c
Linking C executable cmTC_925f5
/usr/bin/cmake -E cmake_link_script CMakeFiles/cmTC_925f5.dir/link.txt --verbose=1
/usr/bin/cc       CMakeFiles/cmTC_925f5.dir/CheckSymbolExists.c.o  -o cmTC_925f5 -rdynamic 
CMakeFiles/cmTC_925f5.dir/CheckSymbolExists.c.o: In function `main':
CheckSymbolExists.c:(.text+0x48): undefined reference to `pthread_create'
collect2: error: ld returned 1 exit status
CMakeFiles/cmTC_925f5.dir/build.make:97: recipe for target 'cmTC_925f5' failed
make[1]: *** [cmTC_925f5] Error 1
make[1]: Leaving directory '/opt/CMakeFiles/CMakeTmp'
Makefile:126: recipe for target 'cmTC_925f5/fast' failed
make: *** [cmTC_925f5/fast] Error 2

File /opt/CMakeFiles/CMakeTmp/CheckSymbolExists.c:
/* */
#include <pthread.h>

int main(int argc, char** argv)
{
  (void)argv;
#ifndef pthread_create
  return ((int*)(&pthread_create))[argc];
#else
  (void)argc;
  return 0;
#endif
}

Determining if the function pthread_create exists in the pthreads failed with the following output:
Change Dir: /opt/CMakeFiles/CMakeTmp

Run Build Command:"/usr/bin/make" "cmTC_c87e8/fast"
/usr/bin/make -f CMakeFiles/cmTC_c87e8.dir/build.make CMakeFiles/cmTC_c87e8.dir/build
make[1]: Entering directory '/opt/CMakeFiles/CMakeTmp'
Building C object CMakeFiles/cmTC_c87e8.dir/CheckFunctionExists.c.o
/usr/bin/cc    -DCHECK_FUNCTION_EXISTS=pthread_create   -o CMakeFiles/cmTC_c87e8.dir/CheckFunctionExists.c.o   -c /usr/share/cmake-3.7/Modules/CheckFunctionExists.c
Linking C executable cmTC_c87e8
/usr/bin/cmake -E cmake_link_script CMakeFiles/cmTC_c87e8.dir/link.txt --verbose=1
/usr/bin/cc   -DCHECK_FUNCTION_EXISTS=pthread_create    CMakeFiles/cmTC_c87e8.dir/CheckFunctionExists.c.o  -o cmTC_c87e8 -rdynamic -lpthreads 
/usr/bin/ld: cannot find -lpthreads
collect2: error: ld returned 1 exit status
CMakeFiles/cmTC_c87e8.dir/build.make:97: recipe for target 'cmTC_c87e8' failed
make[1]: *** [cmTC_c87e8] Error 1
make[1]: Leaving directory '/opt/CMakeFiles/CMakeTmp'
Makefile:126: recipe for target 'cmTC_c87e8/fast' failed
make: *** [cmTC_c87e8/fast] Error 2


Determining if the pthread_create exist failed with the following output:
Change Dir: /opt/CMakeFiles/CMakeTmp

Run Build Command:"/usr/bin/make" "cmTC_5a8a8/fast"
/usr/bin/make -f CMakeFiles/cmTC_5a8a8.dir/build.make CMakeFiles/cmTC_5a8a8.dir/build
make[1]: Entering directory '/opt/CMakeFiles/CMakeTmp'
Building C object CMakeFiles/cmTC_5a8a8.dir/CheckSymbolExists.c.o
/usr/bin/cc     -o CMakeFiles/cmTC_5a8a8.dir/CheckSymbolExists.c.o   -c /opt/CMakeFiles/CMakeTmp/CheckSymbolExists.c
Linking C executable cmTC_5a8a8
/usr/bin/cmake -E cmake_link_script CMakeFiles/cmTC_5a8a8.dir/link.txt --verbose=1
/usr/bin/cc       CMakeFiles/cmTC_5a8a8.dir/CheckSymbolExists.c.o  -o cmTC_5a8a8 -rdynamic 
CMakeFiles/cmTC_5a8a8.dir/CheckSymbolExists.c.o: In function `main':
CheckSymbolExists.c:(.text+0x48): undefined reference to `pthread_create'
collect2: error: ld returned 1 exit status
CMakeFiles/cmTC_5a8a8.dir/build.make:97: recipe for target 'cmTC_5a8a8' failed
make[1]: *** [cmTC_5a8a8] Error 1
make[1]: Leaving directory '/opt/CMakeFiles/CMakeTmp'
Makefile:126: recipe for target 'cmTC_5a8a8/fast' failed
make: *** [cmTC_5a8a8/fast] Error 2

File /opt/CMakeFiles/CMakeTmp/CheckSymbolExists.c:
/* */
#include <pthread.h>

int main(int argc, char** argv)
{
  (void)argv;
#ifndef pthread_create
  return ((int*)(&pthread_create))[argc];
#else
  (void)argc;
  return 0;
#endif
}

Determining if the function pthread_create exists in the pthreads failed with the following output:
Change Dir: /opt/CMakeFiles/CMakeTmp

Run Build Command:"/usr/bin/make" "cmTC_a1ea9/fast"
/usr/bin/make -f CMakeFiles/cmTC_a1ea9.dir/build.make CMakeFiles/cmTC_a1ea9.dir/build
make[1]: Entering directory '/opt/CMakeFiles/CMakeTmp'
Building C object CMakeFiles/cmTC_a1ea9.dir/CheckFunctionExists.c.o
/usr/bin/cc    -DCHECK_FUNCTION_EXISTS=pthread_create   -o CMakeFiles/cmTC_a1ea9.dir/CheckFunctionExists.c.o   -c /usr/share/cmake-3.7/Modules/CheckFunctionExists.c
Linking C executable cmTC_a1ea9
/usr/bin/cmake -E cmake_link_script CMakeFiles/cmTC_a1ea9.dir/link.txt --verbose=1
/usr/bin/cc   -DCHECK_FUNCTION_EXISTS=pthread_create    CMakeFiles/cmTC_a1ea9.dir/CheckFunctionExists.c.o  -o cmTC_a1ea9 -rdynamic -lpthreads 
/usr/bin/ld: cannot find -lpthreads
collect2: error: ld returned 1 exit status
CMakeFiles/cmTC_a1ea9.dir/build.make:97: recipe for target 'cmTC_a1ea9' failed
make[1]: *** [cmTC_a1ea9] Error 1
make[1]: Leaving directory '/opt/CMakeFiles/CMakeTmp'
Makefile:126: recipe for target 'cmTC_a1ea9/fast' failed
make: *** [cmTC_a1ea9/fast] Error 2


Determining if the pthread_create exist failed with the following output:
Change Dir: /opt/CMakeFiles/CMakeTmp

Run Build Command:"/usr/bin/make" "cmTC_b6042/fast"
/usr/bin/make -f CMakeFiles/cmTC_b6042.dir/build.make CMakeFiles/cmTC_b6042.dir/build
make[1]: Entering directory '/opt/CMakeFiles/CMakeTmp'
Building C object CMakeFiles/cmTC_b6042.dir/CheckSymbolExists.c.o
/usr/bin/cc     -o CMakeFiles/cmTC_b6042.dir/CheckSymbolExists.c.o   -c /opt/CMakeFiles/CMakeTmp/CheckSymbolExists.c
Linking C executable cmTC_b6042
/usr/bin/cmake -E cmake_link_script CMakeFiles/cmTC_b6042.dir/link.txt --verbose=1
/usr/bin/cc       CMakeFiles/cmTC_b6042.dir/CheckSymbolExists.c.o  -o cmTC_b6042 -rdynamic 
CMakeFiles/cmTC_b6042.dir/CheckSymbolExists.c.o: In function `main':
CheckSymbolExists.c:(.text+0x48): undefined reference to `pthread_create'
collect2: error: ld returned 1 exit status
CMakeFiles/cmTC_b6042.dir/build.make:97: recipe for target 'cmTC_b6042' failed
make[1]: *** [cmTC_b6042] Error 1
make[1]: Leaving directory '/opt/CMakeFiles/CMakeTmp'
Makefile:126: recipe for target 'cmTC_b6042/fast' failed
make: *** [cmTC_b6042/fast] Error 2

File /opt/CMakeFiles/CMakeTmp/CheckSymbolExists.c:
/* */
#include <pthread.h>

int main(int argc, char** argv)
{
  (void)argv;
#ifndef pthread_create
  return ((int*)(&pthread_create))[argc];
#else
  (void)argc;
  return 0;
#endif
}

Determining if the function pthread_create exists in the pthreads failed with the following output:
Change Dir: /opt/CMakeFiles/CMakeTmp

Run Build Command:"/usr/bin/make" "cmTC_e7522/fast"
/usr/bin/make -f CMakeFiles/cmTC_e7522.dir/build.make CMakeFiles/cmTC_e7522.dir/build
make[1]: Entering directory '/opt/CMakeFiles/CMakeTmp'
Building C object CMakeFiles/cmTC_e7522.dir/CheckFunctionExists.c.o
/usr/bin/cc    -DCHECK_FUNCTION_EXISTS=pthread_create   -o CMakeFiles/cmTC_e7522.dir/CheckFunctionExists.c.o   -c /usr/share/cmake-3.7/Modules/CheckFunctionExists.c
Linking C executable cmTC_e7522
/usr/bin/cmake -E cmake_link_script CMakeFiles/cmTC_e7522.dir/link.txt --verbose=1
/usr/bin/cc   -DCHECK_FUNCTION_EXISTS=pthread_create    CMakeFiles/cmTC_e7522.dir/CheckFunctionExists.c.o  -o cmTC_e7522 -rdynamic -lpthreads 
/usr/bin/ld: cannot find -lpthreads
collect2: error: ld returned 1 exit status
CMakeFiles/cmTC_e7522.dir/build.make:97: recipe for target 'cmTC_e7522' failed
make[1]: *** [cmTC_e7522] Error 1
make[1]: Leaving directory '/opt/CMakeFiles/CMakeTmp'
Makefile:126: recipe for target 'cmTC_e7522/fast' failed
make: *** [cmTC_e7522/fast] Error 2


Determining if the pthread_create exist failed with the following output:
Change Dir: /opt/CMakeFiles/CMakeTmp

Run Build Command:"/usr/bin/make" "cmTC_8f4de/fast"
/usr/bin/make -f CMakeFiles/cmTC_8f4de.dir/build.make CMakeFiles/cmTC_8f4de.dir/build
make[1]: Entering directory '/opt/CMakeFiles/CMakeTmp'
Building C object CMakeFiles/cmTC_8f4de.dir/CheckSymbolExists.c.o
/usr/bin/cc     -o CMakeFiles/cmTC_8f4de.dir/CheckSymbolExists.c.o   -c /opt/CMakeFiles/CMakeTmp/CheckSymbolExists.c
Linking C executable cmTC_8f4de
/usr/bin/cmake -E cmake_link_script CMakeFiles/cmTC_8f4de.dir/link.txt --verbose=1
/usr/bin/cc       CMakeFiles/cmTC_8f4de.dir/CheckSymbolExists.c.o  -o cmTC_8f4de -rdynamic 
CMakeFiles/cmTC_8f4de.dir/CheckSymbolExists.c.o: In function `main':
CheckSymbolExists.c:(.text+0x48): undefined reference to `pthread_create'
collect2: error: ld returned 1 exit status
CMakeFiles/cmTC_8f4de.dir/build.make:97: recipe for target 'cmTC_8f4de' failed
make[1]: *** [cmTC_8f4de] Error 1
make[1]: Leaving directory '/opt/CMakeFiles/CMakeTmp'
Makefile:126: recipe for target 'cmTC_8f4de/fast' failed
make: *** [cmTC_8f4de/fast] Error 2

File /opt/CMakeFiles/CMakeTmp/CheckSymbolExists.c:
/* */
#include <pthread.h>

int main(int argc, char** argv)
{
  (void)argv;
#ifndef pthread_create
  return ((int*)(&pthread_create))[argc];
#else
  (void)argc;
  return 0;
#endif
}

Determining if the function pthread_create exists in the pthreads failed with the following output:
Change Dir: /opt/CMakeFiles/CMakeTmp

Run Build Command:"/usr/bin/make" "cmTC_27aa9/fast"
/usr/bin/make -f CMakeFiles/cmTC_27aa9.dir/build.make CMakeFiles/cmTC_27aa9.dir/build
make[1]: Entering directory '/opt/CMakeFiles/CMakeTmp'
Building C object CMakeFiles/cmTC_27aa9.dir/CheckFunctionExists.c.o
/usr/bin/cc    -DCHECK_FUNCTION_EXISTS=pthread_create   -o CMakeFiles/cmTC_27aa9.dir/CheckFunctionExists.c.o   -c /usr/share/cmake-3.7/Modules/CheckFunctionExists.c
Linking C executable cmTC_27aa9
/usr/bin/cmake -E cmake_link_script CMakeFiles/cmTC_27aa9.dir/link.txt --verbose=1
/usr/bin/cc   -DCHECK_FUNCTION_EXISTS=pthread_create    CMakeFiles/cmTC_27aa9.dir/CheckFunctionExists.c.o  -o cmTC_27aa9 -rdynamic -lpthreads 
/usr/bin/ld: cannot find -lpthreads
collect2: error: ld returned 1 exit status
CMakeFiles/cmTC_27aa9.dir/build.make:97: recipe for target 'cmTC_27aa9' failed
make[1]: *** [cmTC_27aa9] Error 1
make[1]: Leaving directory '/opt/CMakeFiles/CMakeTmp'
Makefile:126: recipe for target 'cmTC_27aa9/fast' failed
make: *** [cmTC_27aa9/fast] Error 2


Determining if the pthread_create exist failed with the following output:
Change Dir: /opt/CMakeFiles/CMakeTmp

Run Build Command:"/usr/bin/make" "cmTC_d4578/fast"
/usr/bin/make -f CMakeFiles/cmTC_d4578.dir/build.make CMakeFiles/cmTC_d4578.dir/build
make[1]: Entering directory '/opt/CMakeFiles/CMakeTmp'
Building C object CMakeFiles/cmTC_d4578.dir/CheckSymbolExists.c.o
/usr/bin/cc     -o CMakeFiles/cmTC_d4578.dir/CheckSymbolExists.c.o   -c /opt/CMakeFiles/CMakeTmp/CheckSymbolExists.c
Linking C executable cmTC_d4578
/usr/bin/cmake -E cmake_link_script CMakeFiles/cmTC_d4578.dir/link.txt --verbose=1
/usr/bin/cc       CMakeFiles/cmTC_d4578.dir/CheckSymbolExists.c.o  -o cmTC_d4578 -rdynamic 
CMakeFiles/cmTC_d4578.dir/CheckSymbolExists.c.o: In function `main':
CheckSymbolExists.c:(.text+0x48): undefined reference to `pthread_create'
collect2: error: ld returned 1 exit status
CMakeFiles/cmTC_d4578.dir/build.make:97: recipe for target 'cmTC_d4578' failed
make[1]: *** [cmTC_d4578] Error 1
make[1]: Leaving directory '/opt/CMakeFiles/CMakeTmp'
Makefile:126: recipe for target 'cmTC_d4578/fast' failed
make: *** [cmTC_d4578/fast] Error 2

File /opt/CMakeFiles/CMakeTmp/CheckSymbolExists.c:
/* */
#include <pthread.h>

int main(int argc, char** argv)
{
  (void)argv;
#ifndef pthread_create
  return ((int*)(&pthread_create))[argc];
#else
  (void)argc;
  return 0;
#endif
}

Determining if the function pthread_create exists in the pthreads failed with the following output:
Change Dir: /opt/CMakeFiles/CMakeTmp

Run Build Command:"/usr/bin/make" "cmTC_14afe/fast"
/usr/bin/make -f CMakeFiles/cmTC_14afe.dir/build.make CMakeFiles/cmTC_14afe.dir/build
make[1]: Entering directory '/opt/CMakeFiles/CMakeTmp'
Building C object CMakeFiles/cmTC_14afe.dir/CheckFunctionExists.c.o
/usr/bin/cc    -DCHECK_FUNCTION_EXISTS=pthread_create   -o CMakeFiles/cmTC_14afe.dir/CheckFunctionExists.c.o   -c /usr/share/cmake-3.7/Modules/CheckFunctionExists.c
Linking C executable cmTC_14afe
/usr/bin/cmake -E cmake_link_script CMakeFiles/cmTC_14afe.dir/link.txt --verbose=1
/usr/bin/cc   -DCHECK_FUNCTION_EXISTS=pthread_create    CMakeFiles/cmTC_14afe.dir/CheckFunctionExists.c.o  -o cmTC_14afe -rdynamic -lpthreads 
/usr/bin/ld: cannot find -lpthreads
collect2: error: ld returned 1 exit status
CMakeFiles/cmTC_14afe.dir/build.make:97: recipe for target 'cmTC_14afe' failed
make[1]: *** [cmTC_14afe] Error 1
make[1]: Leaving directory '/opt/CMakeFiles/CMakeTmp'
Makefile:126: recipe for target 'cmTC_14afe/fast' failed
make: *** [cmTC_14afe/fast] Error 2


Determining if the pthread_create exist failed with the following output:
Change Dir: /opt/CMakeFiles/CMakeTmp

Run Build Command:"/usr/bin/make" "cmTC_2080a/fast"
/usr/bin/make -f CMakeFiles/cmTC_2080a.dir/build.make CMakeFiles/cmTC_2080a.dir/build
make[1]: Entering directory '/opt/CMakeFiles/CMakeTmp'
Building C object CMakeFiles/cmTC_2080a.dir/CheckSymbolExists.c.o
/usr/bin/cc     -o CMakeFiles/cmTC_2080a.dir/CheckSymbolExists.c.o   -c /opt/CMakeFiles/CMakeTmp/CheckSymbolExists.c
Linking C executable cmTC_2080a
/usr/bin/cmake -E cmake_link_script CMakeFiles/cmTC_2080a.dir/link.txt --verbose=1
/usr/bin/cc       CMakeFiles/cmTC_2080a.dir/CheckSymbolExists.c.o  -o cmTC_2080a -rdynamic 
CMakeFiles/cmTC_2080a.dir/CheckSymbolExists.c.o: In function `main':
CheckSymbolExists.c:(.text+0x48): undefined reference to `pthread_create'
collect2: error: ld returned 1 exit status
CMakeFiles/cmTC_2080a.dir/build.make:97: recipe for target 'cmTC_2080a' failed
make[1]: *** [cmTC_2080a] Error 1
make[1]: Leaving directory '/opt/CMakeFiles/CMakeTmp'
Makefile:126: recipe for target 'cmTC_2080a/fast' failed
make: *** [cmTC_2080a/fast] Error 2

File /opt/CMakeFiles/CMakeTmp/CheckSymbolExists.c:
/* */
#include <pthread.h>

int main(int argc, char** argv)
{
  (void)argv;
#ifndef pthread_create
  return ((int*)(&pthread_create))[argc];
#else
  (void)argc;
  return 0;
#endif
}

Determining if the function pthread_create exists in the pthreads failed with the following output:
Change Dir: /opt/CMakeFiles/CMakeTmp

Run Build Command:"/usr/bin/make" "cmTC_225e5/fast"
/usr/bin/make -f CMakeFiles/cmTC_225e5.dir/build.make CMakeFiles/cmTC_225e5.dir/build
make[1]: Entering directory '/opt/CMakeFiles/CMakeTmp'
Building C object CMakeFiles/cmTC_225e5.dir/CheckFunctionExists.c.o
/usr/bin/cc    -DCHECK_FUNCTION_EXISTS=pthread_create   -o CMakeFiles/cmTC_225e5.dir/CheckFunctionExists.c.o   -c /usr/share/cmake-3.7/Modules/CheckFunctionExists.c
Linking C executable cmTC_225e5
/usr/bin/cmake -E cmake_link_script CMakeFiles/cmTC_225e5.dir/link.txt --verbose=1
/usr/bin/cc   -DCHECK_FUNCTION_EXISTS=pthread_create    CMakeFiles/cmTC_225e5.dir/CheckFunctionExists.c.o  -o cmTC_225e5 -rdynamic -lpthreads 
/usr/bin/ld: cannot find -lpthreads
collect2: error: ld returned 1 exit status
CMakeFiles/cmTC_225e5.dir/build.make:97: recipe for target 'cmTC_225e5' failed
make[1]: *** [cmTC_225e5] Error 1
make[1]: Leaving directory '/opt/CMakeFiles/CMakeTmp'
Makefile:126: recipe for target 'cmTC_225e5/fast' failed
make: *** [cmTC_225e5/fast] Error 2


Determining if the pthread_create exist failed with the following output:
Change Dir: /opt/CMakeFiles/CMakeTmp

Run Build Command:"/usr/bin/make" "cmTC_873d8/fast"
/usr/bin/make -f CMakeFiles/cmTC_873d8.dir/build.make CMakeFiles/cmTC_873d8.dir/build
make[1]: Entering directory '/opt/CMakeFiles/CMakeTmp'
Building C object CMakeFiles/cmTC_873d8.dir/CheckSymbolExists.c.o
/usr/bin/cc     -o CMakeFiles/cmTC_873d8.dir/CheckSymbolExists.c.o   -c /opt/CMakeFiles/CMakeTmp/CheckSymbolExists.c
Linking C executable cmTC_873d8
/usr/bin/cmake -E cmake_link_script CMakeFiles/cmTC_873d8.dir/link.txt --verbose=1
/usr/bin/cc       CMakeFiles/cmTC_873d8.dir/CheckSymbolExists.c.o  -o cmTC_873d8 -rdynamic 
CMakeFiles/cmTC_873d8.dir/CheckSymbolExists.c.o: In function `main':
CheckSymbolExists.c:(.text+0x48): undefined reference to `pthread_create'
collect2: error: ld returned 1 exit status
CMakeFiles/cmTC_873d8.dir/build.make:97: recipe for target 'cmTC_873d8' failed
make[1]: *** [cmTC_873d8] Error 1
make[1]: Leaving directory '/opt/CMakeFiles/CMakeTmp'
Makefile:126: recipe for target 'cmTC_873d8/fast' failed
make: *** [cmTC_873d8/fast] Error 2

File /opt/CMakeFiles/CMakeTmp/CheckSymbolExists.c:
/* */
#include <pthread.h>

int main(int argc, char** argv)
{
  (void)argv;
#ifndef pthread_create
  return ((int*)(&pthread_create))[argc];
#else
  (void)argc;
  return 0;
#endif
}

Determining if the function pthread_create exists in the pthreads failed with the following output:
Change Dir: /opt/CMakeFiles/CMakeTmp

Run Build Command:"/usr/bin/make" "cmTC_f744a/fast"
/usr/bin/make -f CMakeFiles/cmTC_f744a.dir/build.make CMakeFiles/cmTC_f744a.dir/build
make[1]: Entering directory '/opt/CMakeFiles/CMakeTmp'
Building C object CMakeFiles/cmTC_f744a.dir/CheckFunctionExists.c.o
/usr/bin/cc    -DCHECK_FUNCTION_EXISTS=pthread_create   -o CMakeFiles/cmTC_f744a.dir/CheckFunctionExists.c.o   -c /usr/share/cmake-3.7/Modules/CheckFunctionExists.c
Linking C executable cmTC_f744a
/usr/bin/cmake -E cmake_link_script CMakeFiles/cmTC_f744a.dir/link.txt --verbose=1
/usr/bin/cc   -DCHECK_FUNCTION_EXISTS=pthread_create    CMakeFiles/cmTC_f744a.dir/CheckFunctionExists.c.o  -o cmTC_f744a -rdynamic -lpthreads 
/usr/bin/ld: cannot find -lpthreads
collect2: error: ld returned 1 exit status
CMakeFiles/cmTC_f744a.dir/build.make:97: recipe for target 'cmTC_f744a' failed
make[1]: *** [cmTC_f744a] Error 1
make[1]: Leaving directory '/opt/CMakeFiles/CMakeTmp'
Makefile:126: recipe for target 'cmTC_f744a/fast' failed
make: *** [cmTC_f744a/fast] Error 2


Determining if the pthread_create exist failed with the following output:
Change Dir: /opt/CMakeFiles/CMakeTmp

Run Build Command:"/usr/bin/make" "cmTC_31825/fast"
/usr/bin/make -f CMakeFiles/cmTC_31825.dir/build.make CMakeFiles/cmTC_31825.dir/build
make[1]: Entering directory '/opt/CMakeFiles/CMakeTmp'
Building C object CMakeFiles/cmTC_31825.dir/CheckSymbolExists.c.o
/usr/bin/cc     -o CMakeFiles/cmTC_31825.dir/CheckSymbolExists.c.o   -c /opt/CMakeFiles/CMakeTmp/CheckSymbolExists.c
Linking C executable cmTC_31825
/usr/bin/cmake -E cmake_link_script CMakeFiles/cmTC_31825.dir/link.txt --verbose=1
/usr/bin/cc       CMakeFiles/cmTC_31825.dir/CheckSymbolExists.c.o  -o cmTC_31825 -rdynamic 
CMakeFiles/cmTC_31825.dir/CheckSymbolExists.c.o: In function `main':
CheckSymbolExists.c:(.text+0x48): undefined reference to `pthread_create'
collect2: error: ld returned 1 exit status
CMakeFiles/cmTC_31825.dir/build.make:97: recipe for target 'cmTC_31825' failed
make[1]: *** [cmTC_31825] Error 1
make[1]: Leaving directory '/opt/CMakeFiles/CMakeTmp'
Makefile:126: recipe for target 'cmTC_31825/fast' failed
make: *** [cmTC_31825/fast] Error 2

File /opt/CMakeFiles/CMakeTmp/CheckSymbolExists.c:
/* */
#include <pthread.h>

int main(int argc, char** argv)
{
  (void)argv;
#ifndef pthread_create
  return ((int*)(&pthread_create))[argc];
#else
  (void)argc;
  return 0;
#endif
}

Determining if the function pthread_create exists in the pthreads failed with the following output:
Change Dir: /opt/CMakeFiles/CMakeTmp

Run Build Command:"/usr/bin/make" "cmTC_43af2/fast"
/usr/bin/make -f CMakeFiles/cmTC_43af2.dir/build.make CMakeFiles/cmTC_43af2.dir/build
make[1]: Entering directory '/opt/CMakeFiles/CMakeTmp'
Building C object CMakeFiles/cmTC_43af2.dir/CheckFunctionExists.c.o
/usr/bin/cc    -DCHECK_FUNCTION_EXISTS=pthread_create   -o CMakeFiles/cmTC_43af2.dir/CheckFunctionExists.c.o   -c /usr/share/cmake-3.7/Modules/CheckFunctionExists.c
Linking C executable cmTC_43af2
/usr/bin/cmake -E cmake_link_script CMakeFiles/cmTC_43af2.dir/link.txt --verbose=1
/usr/bin/cc   -DCHECK_FUNCTION_EXISTS=pthread_create    CMakeFiles/cmTC_43af2.dir/CheckFunctionExists.c.o  -o cmTC_43af2 -rdynamic -lpthreads 
/usr/bin/ld: cannot find -lpthreads
collect2: error: ld returned 1 exit status
CMakeFiles/cmTC_43af2.dir/build.make:97: recipe for target 'cmTC_43af2' failed
make[1]: *** [cmTC_43af2] Error 1
make[1]: Leaving directory '/opt/CMakeFiles/CMakeTmp'
Makefile:126: recipe for target 'cmTC_43af2/fast' failed
make: *** [cmTC_43af2/fast] Error 2


Determining if the pthread_create exist failed with the following output:
Change Dir: /opt/CMakeFiles/CMakeTmp

Run Build Command:"/usr/bin/make" "cmTC_0510b/fast"
/usr/bin/make -f CMakeFiles/cmTC_0510b.dir/build.make CMakeFiles/cmTC_0510b.dir/build
make[1]: Entering directory '/opt/CMakeFiles/CMakeTmp'
Building C object CMakeFiles/cmTC_0510b.dir/CheckSymbolExists.c.o
/usr/bin/cc     -o CMakeFiles/cmTC_0510b.dir/CheckSymbolExists.c.o   -c /opt/CMakeFiles/CMakeTmp/CheckSymbolExists.c
Linking C executable cmTC_0510b
/usr/bin/cmake -E cmake_link_script CMakeFiles/cmTC_0510b.dir/link.txt --verbose=1
/usr/bin/cc       CMakeFiles/cmTC_0510b.dir/CheckSymbolExists.c.o  -o cmTC_0510b -rdynamic 
CMakeFiles/cmTC_0510b.dir/CheckSymbolExists.c.o: In function `main':
CheckSymbolExists.c:(.text+0x48): undefined reference to `pthread_create'
collect2: error: ld returned 1 exit status
CMakeFiles/cmTC_0510b.dir/build.make:97: recipe for target 'cmTC_0510b' failed
make[1]: *** [cmTC_0510b] Error 1
make[1]: Leaving directory '/opt/CMakeFiles/CMakeTmp'
Makefile:126: recipe for target 'cmTC_0510b/fast' failed
make: *** [cmTC_0510b/fast] Error 2

File /opt/CMakeFiles/CMakeTmp/CheckSymbolExists.c:
/* */
#include <pthread.h>

int main(int argc, char** argv)
{
  (void)argv;
#ifndef pthread_create
  return ((int*)(&pthread_create))[argc];
#else
  (void)argc;
  return 0;
#endif
}

Determining if the function pthread_create exists in the pthreads failed with the following output:
Change Dir: /opt/CMakeFiles/CMakeTmp

Run Build Command:"/usr/bin/make" "cmTC_fa4df/fast"
/usr/bin/make -f CMakeFiles/cmTC_fa4df.dir/build.make CMakeFiles/cmTC_fa4df.dir/build
make[1]: Entering directory '/opt/CMakeFiles/CMakeTmp'
Building C object CMakeFiles/cmTC_fa4df.dir/CheckFunctionExists.c.o
/usr/bin/cc    -DCHECK_FUNCTION_EXISTS=pthread_create   -o CMakeFiles/cmTC_fa4df.dir/CheckFunctionExists.c.o   -c /usr/share/cmake-3.7/Modules/CheckFunctionExists.c
Linking C executable cmTC_fa4df
/usr/bin/cmake -E cmake_link_script CMakeFiles/cmTC_fa4df.dir/link.txt --verbose=1
/usr/bin/cc   -DCHECK_FUNCTION_EXISTS=pthread_create    CMakeFiles/cmTC_fa4df.dir/CheckFunctionExists.c.o  -o cmTC_fa4df -rdynamic -lpthreads 
/usr/bin/ld: cannot find -lpthreads
collect2: error: ld returned 1 exit status
CMakeFiles/cmTC_fa4df.dir/build.make:97: recipe for target 'cmTC_fa4df' failed
make[1]: *** [cmTC_fa4df] Error 1
make[1]: Leaving directory '/opt/CMakeFiles/CMakeTmp'
Makefile:126: recipe for target 'cmTC_fa4df/fast' failed
make: *** [cmTC_fa4df/fast] Error 2


Determining if the pthread_create exist failed with the following output:
Change Dir: /opt/CMakeFiles/CMakeTmp

Run Build Command:"/usr/bin/make" "cmTC_13045/fast"
/usr/bin/make -f CMakeFiles/cmTC_13045.dir/build.make CMakeFiles/cmTC_13045.dir/build
make[1]: Entering directory '/opt/CMakeFiles/CMakeTmp'
Building C object CMakeFiles/cmTC_13045.dir/CheckSymbolExists.c.o
/usr/bin/cc     -o CMakeFiles/cmTC_13045.dir/CheckSymbolExists.c.o   -c /opt/CMakeFiles/CMakeTmp/CheckSymbolExists.c
Linking C executable cmTC_13045
/usr/bin/cmake -E cmake_link_script CMakeFiles/cmTC_13045.dir/link.txt --verbose=1
/usr/bin/cc       CMakeFiles/cmTC_13045.dir/CheckSymbolExists.c.o  -o cmTC_13045 -rdynamic 
CMakeFiles/cmTC_13045.dir/CheckSymbolExists.c.o: In function `main':
CheckSymbolExists.c:(.text+0x48): undefined reference to `pthread_create'
collect2: error: ld returned 1 exit status
CMakeFiles/cmTC_13045.dir/build.make:97: recipe for target 'cmTC_13045' failed
make[1]: *** [cmTC_13045] Error 1
make[1]: Leaving directory '/opt/CMakeFiles/CMakeTmp'
Makefile:126: recipe for target 'cmTC_13045/fast' failed
make: *** [cmTC_13045/fast] Error 2

File /opt/CMakeFiles/CMakeTmp/CheckSymbolExists.c:
/* */
#include <pthread.h>

int main(int argc, char** argv)
{
  (void)argv;
#ifndef pthread_create
  return ((int*)(&pthread_create))[argc];
#else
  (void)argc;
  return 0;
#endif
}

Determining if the function pthread_create exists in the pthreads failed with the following output:
Change Dir: /opt/CMakeFiles/CMakeTmp

Run Build Command:"/usr/bin/make" "cmTC_623e1/fast"
/usr/bin/make -f CMakeFiles/cmTC_623e1.dir/build.make CMakeFiles/cmTC_623e1.dir/build
make[1]: Entering directory '/opt/CMakeFiles/CMakeTmp'
Building C object CMakeFiles/cmTC_623e1.dir/CheckFunctionExists.c.o
/usr/bin/cc    -DCHECK_FUNCTION_EXISTS=pthread_create   -o CMakeFiles/cmTC_623e1.dir/CheckFunctionExists.c.o   -c /usr/share/cmake-3.7/Modules/CheckFunctionExists.c
Linking C executable cmTC_623e1
/usr/bin/cmake -E cmake_link_script CMakeFiles/cmTC_623e1.dir/link.txt --verbose=1
/usr/bin/cc   -DCHECK_FUNCTION_EXISTS=pthread_create    CMakeFiles/cmTC_623e1.dir/CheckFunctionExists.c.o  -o cmTC_623e1 -rdynamic -lpthreads 
/usr/bin/ld: cannot find -lpthreads
collect2: error: ld returned 1 exit status
CMakeFiles/cmTC_623e1.dir/build.make:97: recipe for target 'cmTC_623e1' failed
make[1]: *** [cmTC_623e1] Error 1
make[1]: Leaving directory '/opt/CMakeFiles/CMakeTmp'
Makefile:126: recipe for target 'cmTC_623e1/fast' failed
make: *** [cmTC_623e1/fast] Error 2


Determining if the pthread_create exist failed with the following output:
Change Dir: /opt/CMakeFiles/CMakeTmp

Run Build Command:"/usr/bin/make" "cmTC_7243c/fast"
/usr/bin/make -f CMakeFiles/cmTC_7243c.dir/build.make CMakeFiles/cmTC_7243c.dir/build
make[1]: Entering directory '/opt/CMakeFiles/CMakeTmp'
Building C object CMakeFiles/cmTC_7243c.dir/CheckSymbolExists.c.o
/usr/bin/cc     -o CMakeFiles/cmTC_7243c.dir/CheckSymbolExists.c.o   -c /opt/CMakeFiles/CMakeTmp/CheckSymbolExists.c
Linking C executable cmTC_7243c
/usr/bin/cmake -E cmake_link_script CMakeFiles/cmTC_7243c.dir/link.txt --verbose=1
/usr/bin/cc       CMakeFiles/cmTC_7243c.dir/CheckSymbolExists.c.o  -o cmTC_7243c -rdynamic 
CMakeFiles/cmTC_7243c.dir/CheckSymbolExists.c.o: In function `main':
CheckSymbolExists.c:(.text+0x48): undefined reference to `pthread_create'
collect2: error: ld returned 1 exit status
CMakeFiles/cmTC_7243c.dir/build.make:97: recipe for target 'cmTC_7243c' failed
make[1]: *** [cmTC_7243c] Error 1
make[1]: Leaving directory '/opt/CMakeFiles/CMakeTmp'
Makefile:126: recipe for target 'cmTC_7243c/fast' failed
make: *** [cmTC_7243c/fast] Error 2

File /opt/CMakeFiles/CMakeTmp/CheckSymbolExists.c:
/* */
#include <pthread.h>

int main(int argc, char** argv)
{
  (void)argv;
#ifndef pthread_create
  return ((int*)(&pthread_create))[argc];
#else
  (void)argc;
  return 0;
#endif
}

Determining if the function pthread_create exists in the pthreads failed with the following output:
Change Dir: /opt/CMakeFiles/CMakeTmp

Run Build Command:"/usr/bin/make" "cmTC_2d924/fast"
/usr/bin/make -f CMakeFiles/cmTC_2d924.dir/build.make CMakeFiles/cmTC_2d924.dir/build
make[1]: Entering directory '/opt/CMakeFiles/CMakeTmp'
Building C object CMakeFiles/cmTC_2d924.dir/CheckFunctionExists.c.o
/usr/bin/cc    -DCHECK_FUNCTION_EXISTS=pthread_create   -o CMakeFiles/cmTC_2d924.dir/CheckFunctionExists.c.o   -c /usr/share/cmake-3.7/Modules/CheckFunctionExists.c
Linking C executable cmTC_2d924
/usr/bin/cmake -E cmake_link_script CMakeFiles/cmTC_2d924.dir/link.txt --verbose=1
/usr/bin/cc   -DCHECK_FUNCTION_EXISTS=pthread_create    CMakeFiles/cmTC_2d924.dir/CheckFunctionExists.c.o  -o cmTC_2d924 -rdynamic -lpthreads 
/usr/bin/ld: cannot find -lpthreads
collect2: error: ld returned 1 exit status
CMakeFiles/cmTC_2d924.dir/build.make:97: recipe for target 'cmTC_2d924' failed
make[1]: *** [cmTC_2d924] Error 1
make[1]: Leaving directory '/opt/CMakeFiles/CMakeTmp'
Makefile:126: recipe for target 'cmTC_2d924/fast' failed
make: *** [cmTC_2d924/fast] Error 2


Determining if the pthread_create exist failed with the following output:
Change Dir: /opt/CMakeFiles/CMakeTmp

Run Build Command:"/usr/bin/make" "cmTC_3bde0/fast"
/usr/bin/make -f CMakeFiles/cmTC_3bde0.dir/build.make CMakeFiles/cmTC_3bde0.dir/build
make[1]: Entering directory '/opt/CMakeFiles/CMakeTmp'
Building C object CMakeFiles/cmTC_3bde0.dir/CheckSymbolExists.c.o
/usr/bin/cc     -o CMakeFiles/cmTC_3bde0.dir/CheckSymbolExists.c.o   -c /opt/CMakeFiles/CMakeTmp/CheckSymbolExists.c
Linking C executable cmTC_3bde0
/usr/bin/cmake -E cmake_link_script CMakeFiles/cmTC_3bde0.dir/link.txt --verbose=1
/usr/bin/cc       CMakeFiles/cmTC_3bde0.dir/CheckSymbolExists.c.o  -o cmTC_3bde0 -rdynamic 
CMakeFiles/cmTC_3bde0.dir/CheckSymbolExists.c.o: In function `main':
CheckSymbolExists.c:(.text+0x48): undefined reference to `pthread_create'
collect2: error: ld returned 1 exit status
CMakeFiles/cmTC_3bde0.dir/build.make:97: recipe for target 'cmTC_3bde0' failed
make[1]: *** [cmTC_3bde0] Error 1
make[1]: Leaving directory '/opt/CMakeFiles/CMakeTmp'
Makefile:126: recipe for target 'cmTC_3bde0/fast' failed
make: *** [cmTC_3bde0/fast] Error 2

File /opt/CMakeFiles/CMakeTmp/CheckSymbolExists.c:
/* */
#include <pthread.h>

int main(int argc, char** argv)
{
  (void)argv;
#ifndef pthread_create
  return ((int*)(&pthread_create))[argc];
#else
  (void)argc;
  return 0;
#endif
}

Determining if the function pthread_create exists in the pthreads failed with the following output:
Change Dir: /opt/CMakeFiles/CMakeTmp

Run Build Command:"/usr/bin/make" "cmTC_f52b4/fast"
/usr/bin/make -f CMakeFiles/cmTC_f52b4.dir/build.make CMakeFiles/cmTC_f52b4.dir/build
make[1]: Entering directory '/opt/CMakeFiles/CMakeTmp'
Building C object CMakeFiles/cmTC_f52b4.dir/CheckFunctionExists.c.o
/usr/bin/cc    -DCHECK_FUNCTION_EXISTS=pthread_create   -o CMakeFiles/cmTC_f52b4.dir/CheckFunctionExists.c.o   -c /usr/share/cmake-3.7/Modules/CheckFunctionExists.c
Linking C executable cmTC_f52b4
/usr/bin/cmake -E cmake_link_script CMakeFiles/cmTC_f52b4.dir/link.txt --verbose=1
/usr/bin/cc   -DCHECK_FUNCTION_EXISTS=pthread_create    CMakeFiles/cmTC_f52b4.dir/CheckFunctionExists.c.o  -o cmTC_f52b4 -rdynamic -lpthreads 
/usr/bin/ld: cannot find -lpthreads
collect2: error: ld returned 1 exit status
CMakeFiles/cmTC_f52b4.dir/build.make:97: recipe for target 'cmTC_f52b4' failed
make[1]: *** [cmTC_f52b4] Error 1
make[1]: Leaving directory '/opt/CMakeFiles/CMakeTmp'
Makefile:126: recipe for target 'cmTC_f52b4/fast' failed
make: *** [cmTC_f52b4/fast] Error 2


Determining if the pthread_create exist failed with the following output:
Change Dir: /opt/CMakeFiles/CMakeTmp

Run Build Command:"/usr/bin/make" "cmTC_c4349/fast"
/usr/bin/make -f CMakeFiles/cmTC_c4349.dir/build.make CMakeFiles/cmTC_c4349.dir/build
make[1]: Entering directory '/opt/CMakeFiles/CMakeTmp'
Building C object CMakeFiles/cmTC_c4349.dir/CheckSymbolExists.c.o
/usr/bin/cc     -o CMakeFiles/cmTC_c4349.dir/CheckSymbolExists.c.o   -c /opt/CMakeFiles/CMakeTmp/CheckSymbolExists.c
Linking C executable cmTC_c4349
/usr/bin/cmake -E cmake_link_script CMakeFiles/cmTC_c4349.dir/link.txt --verbose=1
/usr/bin/cc       CMakeFiles/cmTC_c4349.dir/CheckSymbolExists.c.o  -o cmTC_c4349 -rdynamic 
CMakeFiles/cmTC_c4349.dir/CheckSymbolExists.c.o: In function `main':
CheckSymbolExists.c:(.text+0x48): undefined reference to `pthread_create'
collect2: error: ld returned 1 exit status
CMakeFiles/cmTC_c4349.dir/build.make:97: recipe for target 'cmTC_c4349' failed
make[1]: *** [cmTC_c4349] Error 1
make[1]: Leaving directory '/opt/CMakeFiles/CMakeTmp'
Makefile:126: recipe for target 'cmTC_c4349/fast' failed
make: *** [cmTC_c4349/fast] Error 2

File /opt/CMakeFiles/CMakeTmp/CheckSymbolExists.c:
/* */
#include <pthread.h>

int main(int argc, char** argv)
{
  (void)argv;
#ifndef pthread_create
  return ((int*)(&pthread_create))[argc];
#else
  (void)argc;
  return 0;
#endif
}

Determining if the function pthread_create exists in the pthreads failed with the following output:
Change Dir: /opt/CMakeFiles/CMakeTmp

Run Build Command:"/usr/bin/make" "cmTC_524b6/fast"
/usr/bin/make -f CMakeFiles/cmTC_524b6.dir/build.make CMakeFiles/cmTC_524b6.dir/build
make[1]: Entering directory '/opt/CMakeFiles/CMakeTmp'
Building C object CMakeFiles/cmTC_524b6.dir/CheckFunctionExists.c.o
/usr/bin/cc    -DCHECK_FUNCTION_EXISTS=pthread_create   -o CMakeFiles/cmTC_524b6.dir/CheckFunctionExists.c.o   -c /usr/share/cmake-3.7/Modules/CheckFunctionExists.c
Linking C executable cmTC_524b6
/usr/bin/cmake -E cmake_link_script CMakeFiles/cmTC_524b6.dir/link.txt --verbose=1
/usr/bin/cc   -DCHECK_FUNCTION_EXISTS=pthread_create    CMakeFiles/cmTC_524b6.dir/CheckFunctionExists.c.o  -o cmTC_524b6 -rdynamic -lpthreads 
/usr/bin/ld: cannot find -lpthreads
collect2: error: ld returned 1 exit status
CMakeFiles/cmTC_524b6.dir/build.make:97: recipe for target 'cmTC_524b6' failed
make[1]: *** [cmTC_524b6] Error 1
make[1]: Leaving directory '/opt/CMakeFiles/CMakeTmp'
Makefile:126: recipe for target 'cmTC_524b6/fast' failed
make: *** [cmTC_524b6/fast] Error 2


Determining if the pthread_create exist failed with the following output:
Change Dir: /opt/CMakeFiles/CMakeTmp

Run Build Command:"/usr/bin/make" "cmTC_e40f9/fast"
/usr/bin/make -f CMakeFiles/cmTC_e40f9.dir/build.make CMakeFiles/cmTC_e40f9.dir/build
make[1]: Entering directory '/opt/CMakeFiles/CMakeTmp'
Building C object CMakeFiles/cmTC_e40f9.dir/CheckSymbolExists.c.o
/usr/bin/cc     -o CMakeFiles/cmTC_e40f9.dir/CheckSymbolExists.c.o   -c /opt/CMakeFiles/CMakeTmp/CheckSymbolExists.c
Linking C executable cmTC_e40f9
/usr/bin/cmake -E cmake_link_script CMakeFiles/cmTC_e40f9.dir/link.txt --verbose=1
/usr/bin/cc       CMakeFiles/cmTC_e40f9.dir/CheckSymbolExists.c.o  -o cmTC_e40f9 -rdynamic 
CMakeFiles/cmTC_e40f9.dir/CheckSymbolExists.c.o: In function `main':
CheckSymbolExists.c:(.text+0x48): undefined reference to `pthread_create'
collect2: error: ld returned 1 exit status
CMakeFiles/cmTC_e40f9.dir/build.make:97: recipe for target 'cmTC_e40f9' failed
make[1]: *** [cmTC_e40f9] Error 1
make[1]: Leaving directory '/opt/CMakeFiles/CMakeTmp'
Makefile:126: recipe for target 'cmTC_e40f9/fast' failed
make: *** [cmTC_e40f9/fast] Error 2

File /opt/CMakeFiles/CMakeTmp/CheckSymbolExists.c:
/* */
#include <pthread.h>

int main(int argc, char** argv)
{
  (void)argv;
#ifndef pthread_create
  return ((int*)(&pthread_create))[argc];
#else
  (void)argc;
  return 0;
#endif
}

Determining if the function pthread_create exists in the pthreads failed with the following output:
Change Dir: /opt/CMakeFiles/CMakeTmp

Run Build Command:"/usr/bin/make" "cmTC_cacfc/fast"
/usr/bin/make -f CMakeFiles/cmTC_cacfc.dir/build.make CMakeFiles/cmTC_cacfc.dir/build
make[1]: Entering directory '/opt/CMakeFiles/CMakeTmp'
Building C object CMakeFiles/cmTC_cacfc.dir/CheckFunctionExists.c.o
/usr/bin/cc    -DCHECK_FUNCTION_EXISTS=pthread_create   -o CMakeFiles/cmTC_cacfc.dir/CheckFunctionExists.c.o   -c /usr/share/cmake-3.7/Modules/CheckFunctionExists.c
Linking C executable cmTC_cacfc
/usr/bin/cmake -E cmake_link_script CMakeFiles/cmTC_cacfc.dir/link.txt --verbose=1
/usr/bin/cc   -DCHECK_FUNCTION_EXISTS=pthread_create    CMakeFiles/cmTC_cacfc.dir/CheckFunctionExists.c.o  -o cmTC_cacfc -rdynamic -lpthreads 
/usr/bin/ld: cannot find -lpthreads
collect2: error: ld returned 1 exit status
CMakeFiles/cmTC_cacfc.dir/build.make:97: recipe for target 'cmTC_cacfc' failed
make[1]: *** [cmTC_cacfc] Error 1
make[1]: Leaving directory '/opt/CMakeFiles/CMakeTmp'
Makefile:126: recipe for target 'cmTC_cacfc/fast' failed
make: *** [cmTC_cacfc/fast] Error 2


Determining if the pthread_create exist failed with the following output:
Change Dir: /opt/CMakeFiles/CMakeTmp

Run Build Command:"/usr/bin/make" "cmTC_99505/fast"
/usr/bin/make -f CMakeFiles/cmTC_99505.dir/build.make CMakeFiles/cmTC_99505.dir/build
make[1]: Entering directory '/opt/CMakeFiles/CMakeTmp'
Building C object CMakeFiles/cmTC_99505.dir/CheckSymbolExists.c.o
/usr/bin/cc     -o CMakeFiles/cmTC_99505.dir/CheckSymbolExists.c.o   -c /opt/CMakeFiles/CMakeTmp/CheckSymbolExists.c
Linking C executable cmTC_99505
/usr/bin/cmake -E cmake_link_script CMakeFiles/cmTC_99505.dir/link.txt --verbose=1
/usr/bin/cc       CMakeFiles/cmTC_99505.dir/CheckSymbolExists.c.o  -o cmTC_99505 -rdynamic 
CMakeFiles/cmTC_99505.dir/CheckSymbolExists.c.o: In function `main':
CheckSymbolExists.c:(.text+0x48): undefined reference to `pthread_create'
collect2: error: ld returned 1 exit status
CMakeFiles/cmTC_99505.dir/build.make:97: recipe for target 'cmTC_99505' failed
make[1]: *** [cmTC_99505] Error 1
make[1]: Leaving directory '/opt/CMakeFiles/CMakeTmp'
Makefile:126: recipe for target 'cmTC_99505/fast' failed
make: *** [cmTC_99505/fast] Error 2

File /opt/CMakeFiles/CMakeTmp/CheckSymbolExists.c:
/* */
#include <pthread.h>

int main(int argc, char** argv)
{
  (void)argv;
#ifndef pthread_create
  return ((int*)(&pthread_create))[argc];
#else
  (void)argc;
  return 0;
#endif
}

Determining if the function pthread_create exists in the pthreads failed with the following output:
Change Dir: /opt/CMakeFiles/CMakeTmp

Run Build Command:"/usr/bin/make" "cmTC_e73e5/fast"
/usr/bin/make -f CMakeFiles/cmTC_e73e5.dir/build.make CMakeFiles/cmTC_e73e5.dir/build
make[1]: Entering directory '/opt/CMakeFiles/CMakeTmp'
Building C object CMakeFiles/cmTC_e73e5.dir/CheckFunctionExists.c.o
/usr/bin/cc    -DCHECK_FUNCTION_EXISTS=pthread_create   -o CMakeFiles/cmTC_e73e5.dir/CheckFunctionExists.c.o   -c /usr/share/cmake-3.7/Modules/CheckFunctionExists.c
Linking C executable cmTC_e73e5
/usr/bin/cmake -E cmake_link_script CMakeFiles/cmTC_e73e5.dir/link.txt --verbose=1
/usr/bin/cc   -DCHECK_FUNCTION_EXISTS=pthread_create    CMakeFiles/cmTC_e73e5.dir/CheckFunctionExists.c.o  -o cmTC_e73e5 -rdynamic -lpthreads 
/usr/bin/ld: cannot find -lpthreads
collect2: error: ld returned 1 exit status
CMakeFiles/cmTC_e73e5.dir/build.make:97: recipe for target 'cmTC_e73e5' failed
make[1]: *** [cmTC_e73e5] Error 1
make[1]: Leaving directory '/opt/CMakeFiles/CMakeTmp'
Makefile:126: recipe for target 'cmTC_e73e5/fast' failed
make: *** [cmTC_e73e5/fast] Error 2


Determining if the pthread_create exist failed with the following output:
Change Dir: /opt/CMakeFiles/CMakeTmp

Run Build Command:"/usr/bin/make" "cmTC_0fb5c/fast"
/usr/bin/make -f CMakeFiles/cmTC_0fb5c.dir/build.make CMakeFiles/cmTC_0fb5c.dir/build
make[1]: Entering directory '/opt/CMakeFiles/CMakeTmp'
Building C object CMakeFiles/cmTC_0fb5c.dir/CheckSymbolExists.c.o
/usr/bin/cc     -o CMakeFiles/cmTC_0fb5c.dir/CheckSymbolExists.c.o   -c /opt/CMakeFiles/CMakeTmp/CheckSymbolExists.c
Linking C executable cmTC_0fb5c
/usr/bin/cmake -E cmake_link_script CMakeFiles/cmTC_0fb5c.dir/link.txt --verbose=1
/usr/bin/cc       CMakeFiles/cmTC_0fb5c.dir/CheckSymbolExists.c.o  -o cmTC_0fb5c -rdynamic 
CMakeFiles/cmTC_0fb5c.dir/CheckSymbolExists.c.o: In function `main':
CheckSymbolExists.c:(.text+0x48): undefined reference to `pthread_create'
collect2: error: ld returned 1 exit status
CMakeFiles/cmTC_0fb5c.dir/build.make:97: recipe for target 'cmTC_0fb5c' failed
make[1]: *** [cmTC_0fb5c] Error 1
make[1]: Leaving directory '/opt/CMakeFiles/CMakeTmp'
Makefile:126: recipe for target 'cmTC_0fb5c/fast' failed
make: *** [cmTC_0fb5c/fast] Error 2

File /opt/CMakeFiles/CMakeTmp/CheckSymbolExists.c:
/* */
#include <pthread.h>

int main(int argc, char** argv)
{
  (void)argv;
#ifndef pthread_create
  return ((int*)(&pthread_create))[argc];
#else
  (void)argc;
  return 0;
#endif
}

Determining if the function pthread_create exists in the pthreads failed with the following output:
Change Dir: /opt/CMakeFiles/CMakeTmp

Run Build Command:"/usr/bin/make" "cmTC_5d8b3/fast"
/usr/bin/make -f CMakeFiles/cmTC_5d8b3.dir/build.make CMakeFiles/cmTC_5d8b3.dir/build
make[1]: Entering directory '/opt/CMakeFiles/CMakeTmp'
Building C object CMakeFiles/cmTC_5d8b3.dir/CheckFunctionExists.c.o
/usr/bin/cc    -DCHECK_FUNCTION_EXISTS=pthread_create   -o CMakeFiles/cmTC_5d8b3.dir/CheckFunctionExists.c.o   -c /usr/share/cmake-3.7/Modules/CheckFunctionExists.c
Linking C executable cmTC_5d8b3
/usr/bin/cmake -E cmake_link_script CMakeFiles/cmTC_5d8b3.dir/link.txt --verbose=1
/usr/bin/cc   -DCHECK_FUNCTION_EXISTS=pthread_create    CMakeFiles/cmTC_5d8b3.dir/CheckFunctionExists.c.o  -o cmTC_5d8b3 -rdynamic -lpthreads 
/usr/bin/ld: cannot find -lpthreads
collect2: error: ld returned 1 exit status
CMakeFiles/cmTC_5d8b3.dir/build.make:97: recipe for target 'cmTC_5d8b3' failed
make[1]: *** [cmTC_5d8b3] Error 1
make[1]: Leaving directory '/opt/CMakeFiles/CMakeTmp'
Makefile:126: recipe for target 'cmTC_5d8b3/fast' failed
make: *** [cmTC_5d8b3/fast] Error 2


