The system is: Linux - 4.4.127-mainline-rev1 - armv7l
Compiling the C compiler identification source file "CMakeCCompilerId.c" succeeded.
Compiler: /usr/bin/cc 
Build flags: 
Id flags: 

The output was:
0


Compilation of the C compiler identification source "CMakeCCompilerId.c" produced "a.out"

The C compiler identification is GNU, found in "/opt/CMakeFiles/3.7.2/CompilerIdC/a.out"

Compiling the CXX compiler identification source file "CMakeCXXCompilerId.cpp" succeeded.
Compiler: /usr/bin/c++ 
Build flags: 
Id flags: 

The output was:
0


Compilation of the CXX compiler identification source "CMakeCXXCompilerId.cpp" produced "a.out"

The CXX compiler identification is GNU, found in "/opt/CMakeFiles/3.7.2/CompilerIdCXX/a.out"

Determining if the C compiler works passed with the following output:
Change Dir: /opt/CMakeFiles/CMakeTmp

Run Build Command:"/usr/bin/make" "cmTC_45ee1/fast"
/usr/bin/make -f CMakeFiles/cmTC_45ee1.dir/build.make CMakeFiles/cmTC_45ee1.dir/build
make[1]: Entering directory '/opt/CMakeFiles/CMakeTmp'
Building C object CMakeFiles/cmTC_45ee1.dir/testCCompiler.c.o
/usr/bin/cc     -o CMakeFiles/cmTC_45ee1.dir/testCCompiler.c.o   -c /opt/CMakeFiles/CMakeTmp/testCCompiler.c
Linking C executable cmTC_45ee1
/usr/bin/cmake -E cmake_link_script CMakeFiles/cmTC_45ee1.dir/link.txt --verbose=1
/usr/bin/cc       CMakeFiles/cmTC_45ee1.dir/testCCompiler.c.o  -o cmTC_45ee1 -rdynamic 
make[1]: Leaving directory '/opt/CMakeFiles/CMakeTmp'


Detecting C compiler ABI info compiled with the following output:
Change Dir: /opt/CMakeFiles/CMakeTmp

Run Build Command:"/usr/bin/make" "cmTC_68d81/fast"
/usr/bin/make -f CMakeFiles/cmTC_68d81.dir/build.make CMakeFiles/cmTC_68d81.dir/build
make[1]: Entering directory '/opt/CMakeFiles/CMakeTmp'
Building C object CMakeFiles/cmTC_68d81.dir/CMakeCCompilerABI.c.o
/usr/bin/cc     -o CMakeFiles/cmTC_68d81.dir/CMakeCCompilerABI.c.o   -c /usr/share/cmake-3.7/Modules/CMakeCCompilerABI.c
Linking C executable cmTC_68d81
/usr/bin/cmake -E cmake_link_script CMakeFiles/cmTC_68d81.dir/link.txt --verbose=1
/usr/bin/cc      -v CMakeFiles/cmTC_68d81.dir/CMakeCCompilerABI.c.o  -o cmTC_68d81 -rdynamic  
Using built-in specs.
COLLECT_GCC=/usr/bin/cc
COLLECT_LTO_WRAPPER=/usr/lib/gcc/arm-linux-gnueabi/6/lto-wrapper
Target: arm-linux-gnueabi
Configured with: ../src/configure -v --with-pkgversion='Debian 6.3.0-18+deb9u1' --with-bugurl=file:///usr/share/doc/gcc-6/README.Bugs --enable-languages=c,ada,c++,java,go,d,fortran,objc,obj-c++ --prefix=/usr --program-suffix=-6 --program-prefix=arm-linux-gnueabi- --enable-shared --enable-linker-build-id --libexecdir=/usr/lib --without-included-gettext --enable-threads=posix --libdir=/usr/lib --enable-nls --with-sysroot=/ --enable-clocale=gnu --enable-libstdcxx-debug --enable-libstdcxx-time=yes --with-default-libstdcxx-abi=new --enable-gnu-unique-object --disable-libitm --disable-libquadmath --enable-plugin --enable-default-pie --with-system-zlib --disable-browser-plugin --enable-java-awt=gtk --enable-gtk-cairo --with-java-home=/usr/lib/jvm/java-1.5.0-gcj-6-armel/jre --enable-java-home --with-jvm-root-dir=/usr/lib/jvm/java-1.5.0-gcj-6-armel --with-jvm-jar-dir=/usr/lib/jvm-exports/java-1.5.0-gcj-6-armel --with-arch-directory=arm --with-ecj-jar=/usr/share/java/eclipse-ecj.jar --with-target-system-zlib --enable-objc-gc=auto --enable-multiarch --disable-sjlj-exceptions --with-arch=armv4t --with-float=soft --enable-checking=release --build=arm-linux-gnueabi --host=arm-linux-gnueabi --target=arm-linux-gnueabi
Thread model: posix
gcc version 6.3.0 20170516 (Debian 6.3.0-18+deb9u1) 
COMPILER_PATH=/usr/lib/gcc/arm-linux-gnueabi/6/:/usr/lib/gcc/arm-linux-gnueabi/6/:/usr/lib/gcc/arm-linux-gnueabi/:/usr/lib/gcc/arm-linux-gnueabi/6/:/usr/lib/gcc/arm-linux-gnueabi/
LIBRARY_PATH=/usr/lib/gcc/arm-linux-gnueabi/6/:/usr/lib/gcc/arm-linux-gnueabi/6/../../../arm-linux-gnueabi/:/usr/lib/gcc/arm-linux-gnueabi/6/../../../:/lib/arm-linux-gnueabi/:/lib/:/usr/lib/arm-linux-gnueabi/:/usr/lib/
COLLECT_GCC_OPTIONS='-v' '-o' 'cmTC_68d81' '-rdynamic' '-march=armv4t' '-mfloat-abi=soft' '-mtls-dialect=gnu'
 /usr/lib/gcc/arm-linux-gnueabi/6/collect2 -plugin /usr/lib/gcc/arm-linux-gnueabi/6/liblto_plugin.so -plugin-opt=/usr/lib/gcc/arm-linux-gnueabi/6/lto-wrapper -plugin-opt=-fresolution=/tmp/ccY5wIRg.res -plugin-opt=-pass-through=-lgcc -plugin-opt=-pass-through=-lgcc_s -plugin-opt=-pass-through=-lc -plugin-opt=-pass-through=-lgcc -plugin-opt=-pass-through=-lgcc_s --sysroot=/ --build-id --eh-frame-hdr -export-dynamic -dynamic-linker /lib/ld-linux.so.3 -X --hash-style=gnu -m armelf_linux_eabi -pie -o cmTC_68d81 /usr/lib/gcc/arm-linux-gnueabi/6/../../../arm-linux-gnueabi/Scrt1.o /usr/lib/gcc/arm-linux-gnueabi/6/../../../arm-linux-gnueabi/crti.o /usr/lib/gcc/arm-linux-gnueabi/6/crtbeginS.o -L/usr/lib/gcc/arm-linux-gnueabi/6 -L/usr/lib/gcc/arm-linux-gnueabi/6/../../../arm-linux-gnueabi -L/usr/lib/gcc/arm-linux-gnueabi/6/../../.. -L/lib/arm-linux-gnueabi -L/usr/lib/arm-linux-gnueabi CMakeFiles/cmTC_68d81.dir/CMakeCCompilerABI.c.o -lgcc --as-needed -lgcc_s --no-as-needed -lc -lgcc --as-needed -lgcc_s --no-as-needed /usr/lib/gcc/arm-linux-gnueabi/6/crtendS.o /usr/lib/gcc/arm-linux-gnueabi/6/../../../arm-linux-gnueabi/crtn.o
COLLECT_GCC_OPTIONS='-v' '-o' 'cmTC_68d81' '-rdynamic' '-march=armv4t' '-mfloat-abi=soft' '-mtls-dialect=gnu'
make[1]: Leaving directory '/opt/CMakeFiles/CMakeTmp'


Parsed C implicit link information from above output:
  link line regex: [^( *|.*[/\])(ld|([^/\]+-)?ld|collect2)[^/\]*( |$)]
  ignore line: [Change Dir: /opt/CMakeFiles/CMakeTmp]
  ignore line: []
  ignore line: [Run Build Command:"/usr/bin/make" "cmTC_68d81/fast"]
  ignore line: [/usr/bin/make -f CMakeFiles/cmTC_68d81.dir/build.make CMakeFiles/cmTC_68d81.dir/build]
  ignore line: [make[1]: Entering directory '/opt/CMakeFiles/CMakeTmp']
  ignore line: [Building C object CMakeFiles/cmTC_68d81.dir/CMakeCCompilerABI.c.o]
  ignore line: [/usr/bin/cc     -o CMakeFiles/cmTC_68d81.dir/CMakeCCompilerABI.c.o   -c /usr/share/cmake-3.7/Modules/CMakeCCompilerABI.c]
  ignore line: [Linking C executable cmTC_68d81]
  ignore line: [/usr/bin/cmake -E cmake_link_script CMakeFiles/cmTC_68d81.dir/link.txt --verbose=1]
  ignore line: [/usr/bin/cc      -v CMakeFiles/cmTC_68d81.dir/CMakeCCompilerABI.c.o  -o cmTC_68d81 -rdynamic  ]
  ignore line: [Using built-in specs.]
  ignore line: [COLLECT_GCC=/usr/bin/cc]
  ignore line: [COLLECT_LTO_WRAPPER=/usr/lib/gcc/arm-linux-gnueabi/6/lto-wrapper]
  ignore line: [Target: arm-linux-gnueabi]
  ignore line: [Configured with: ../src/configure -v --with-pkgversion='Debian 6.3.0-18+deb9u1' --with-bugurl=file:///usr/share/doc/gcc-6/README.Bugs --enable-languages=c,ada,c++,java,go,d,fortran,objc,obj-c++ --prefix=/usr --program-suffix=-6 --program-prefix=arm-linux-gnueabi- --enable-shared --enable-linker-build-id --libexecdir=/usr/lib --without-included-gettext --enable-threads=posix --libdir=/usr/lib --enable-nls --with-sysroot=/ --enable-clocale=gnu --enable-libstdcxx-debug --enable-libstdcxx-time=yes --with-default-libstdcxx-abi=new --enable-gnu-unique-object --disable-libitm --disable-libquadmath --enable-plugin --enable-default-pie --with-system-zlib --disable-browser-plugin --enable-java-awt=gtk --enable-gtk-cairo --with-java-home=/usr/lib/jvm/java-1.5.0-gcj-6-armel/jre --enable-java-home --with-jvm-root-dir=/usr/lib/jvm/java-1.5.0-gcj-6-armel --with-jvm-jar-dir=/usr/lib/jvm-exports/java-1.5.0-gcj-6-armel --with-arch-directory=arm --with-ecj-jar=/usr/share/java/eclipse-ecj.jar --with-target-system-zlib --enable-objc-gc=auto --enable-multiarch --disable-sjlj-exceptions --with-arch=armv4t --with-float=soft --enable-checking=release --build=arm-linux-gnueabi --host=arm-linux-gnueabi --target=arm-linux-gnueabi]
  ignore line: [Thread model: posix]
  ignore line: [gcc version 6.3.0 20170516 (Debian 6.3.0-18+deb9u1) ]
  ignore line: [COMPILER_PATH=/usr/lib/gcc/arm-linux-gnueabi/6/:/usr/lib/gcc/arm-linux-gnueabi/6/:/usr/lib/gcc/arm-linux-gnueabi/:/usr/lib/gcc/arm-linux-gnueabi/6/:/usr/lib/gcc/arm-linux-gnueabi/]
  ignore line: [LIBRARY_PATH=/usr/lib/gcc/arm-linux-gnueabi/6/:/usr/lib/gcc/arm-linux-gnueabi/6/../../../arm-linux-gnueabi/:/usr/lib/gcc/arm-linux-gnueabi/6/../../../:/lib/arm-linux-gnueabi/:/lib/:/usr/lib/arm-linux-gnueabi/:/usr/lib/]
  ignore line: [COLLECT_GCC_OPTIONS='-v' '-o' 'cmTC_68d81' '-rdynamic' '-march=armv4t' '-mfloat-abi=soft' '-mtls-dialect=gnu']
  link line: [ /usr/lib/gcc/arm-linux-gnueabi/6/collect2 -plugin /usr/lib/gcc/arm-linux-gnueabi/6/liblto_plugin.so -plugin-opt=/usr/lib/gcc/arm-linux-gnueabi/6/lto-wrapper -plugin-opt=-fresolution=/tmp/ccY5wIRg.res -plugin-opt=-pass-through=-lgcc -plugin-opt=-pass-through=-lgcc_s -plugin-opt=-pass-through=-lc -plugin-opt=-pass-through=-lgcc -plugin-opt=-pass-through=-lgcc_s --sysroot=/ --build-id --eh-frame-hdr -export-dynamic -dynamic-linker /lib/ld-linux.so.3 -X --hash-style=gnu -m armelf_linux_eabi -pie -o cmTC_68d81 /usr/lib/gcc/arm-linux-gnueabi/6/../../../arm-linux-gnueabi/Scrt1.o /usr/lib/gcc/arm-linux-gnueabi/6/../../../arm-linux-gnueabi/crti.o /usr/lib/gcc/arm-linux-gnueabi/6/crtbeginS.o -L/usr/lib/gcc/arm-linux-gnueabi/6 -L/usr/lib/gcc/arm-linux-gnueabi/6/../../../arm-linux-gnueabi -L/usr/lib/gcc/arm-linux-gnueabi/6/../../.. -L/lib/arm-linux-gnueabi -L/usr/lib/arm-linux-gnueabi CMakeFiles/cmTC_68d81.dir/CMakeCCompilerABI.c.o -lgcc --as-needed -lgcc_s --no-as-needed -lc -lgcc --as-needed -lgcc_s --no-as-needed /usr/lib/gcc/arm-linux-gnueabi/6/crtendS.o /usr/lib/gcc/arm-linux-gnueabi/6/../../../arm-linux-gnueabi/crtn.o]
    arg [/usr/lib/gcc/arm-linux-gnueabi/6/collect2] ==> ignore
    arg [-plugin] ==> ignore
    arg [/usr/lib/gcc/arm-linux-gnueabi/6/liblto_plugin.so] ==> ignore
    arg [-plugin-opt=/usr/lib/gcc/arm-linux-gnueabi/6/lto-wrapper] ==> ignore
    arg [-plugin-opt=-fresolution=/tmp/ccY5wIRg.res] ==> ignore
    arg [-plugin-opt=-pass-through=-lgcc] ==> ignore
    arg [-plugin-opt=-pass-through=-lgcc_s] ==> ignore
    arg [-plugin-opt=-pass-through=-lc] ==> ignore
    arg [-plugin-opt=-pass-through=-lgcc] ==> ignore
    arg [-plugin-opt=-pass-through=-lgcc_s] ==> ignore
    arg [--sysroot=/] ==> ignore
    arg [--build-id] ==> ignore
    arg [--eh-frame-hdr] ==> ignore
    arg [-export-dynamic] ==> ignore
    arg [-dynamic-linker] ==> ignore
    arg [/lib/ld-linux.so.3] ==> ignore
    arg [-X] ==> ignore
    arg [--hash-style=gnu] ==> ignore
    arg [-m] ==> ignore
    arg [armelf_linux_eabi] ==> ignore
    arg [-pie] ==> ignore
    arg [-o] ==> ignore
    arg [cmTC_68d81] ==> ignore
    arg [/usr/lib/gcc/arm-linux-gnueabi/6/../../../arm-linux-gnueabi/Scrt1.o] ==> ignore
    arg [/usr/lib/gcc/arm-linux-gnueabi/6/../../../arm-linux-gnueabi/crti.o] ==> ignore
    arg [/usr/lib/gcc/arm-linux-gnueabi/6/crtbeginS.o] ==> ignore
    arg [-L/usr/lib/gcc/arm-linux-gnueabi/6] ==> dir [/usr/lib/gcc/arm-linux-gnueabi/6]
    arg [-L/usr/lib/gcc/arm-linux-gnueabi/6/../../../arm-linux-gnueabi] ==> dir [/usr/lib/gcc/arm-linux-gnueabi/6/../../../arm-linux-gnueabi]
    arg [-L/usr/lib/gcc/arm-linux-gnueabi/6/../../..] ==> dir [/usr/lib/gcc/arm-linux-gnueabi/6/../../..]
    arg [-L/lib/arm-linux-gnueabi] ==> dir [/lib/arm-linux-gnueabi]
    arg [-L/usr/lib/arm-linux-gnueabi] ==> dir [/usr/lib/arm-linux-gnueabi]
    arg [CMakeFiles/cmTC_68d81.dir/CMakeCCompilerABI.c.o] ==> ignore
    arg [-lgcc] ==> lib [gcc]
    arg [--as-needed] ==> ignore
    arg [-lgcc_s] ==> lib [gcc_s]
    arg [--no-as-needed] ==> ignore
    arg [-lc] ==> lib [c]
    arg [-lgcc] ==> lib [gcc]
    arg [--as-needed] ==> ignore
    arg [-lgcc_s] ==> lib [gcc_s]
    arg [--no-as-needed] ==> ignore
    arg [/usr/lib/gcc/arm-linux-gnueabi/6/crtendS.o] ==> ignore
    arg [/usr/lib/gcc/arm-linux-gnueabi/6/../../../arm-linux-gnueabi/crtn.o] ==> ignore
  remove lib [gcc]
  remove lib [gcc_s]
  remove lib [gcc]
  remove lib [gcc_s]
  collapse library dir [/usr/lib/gcc/arm-linux-gnueabi/6] ==> [/usr/lib/gcc/arm-linux-gnueabi/6]
  collapse library dir [/usr/lib/gcc/arm-linux-gnueabi/6/../../../arm-linux-gnueabi] ==> [/usr/lib/arm-linux-gnueabi]
  collapse library dir [/usr/lib/gcc/arm-linux-gnueabi/6/../../..] ==> [/usr/lib]
  collapse library dir [/lib/arm-linux-gnueabi] ==> [/lib/arm-linux-gnueabi]
  collapse library dir [/usr/lib/arm-linux-gnueabi] ==> [/usr/lib/arm-linux-gnueabi]
  implicit libs: [c]
  implicit dirs: [/usr/lib/gcc/arm-linux-gnueabi/6;/usr/lib/arm-linux-gnueabi;/usr/lib;/lib/arm-linux-gnueabi]
  implicit fwks: []




Detecting C [-std=c11] compiler features compiled with the following output:
Change Dir: /opt/CMakeFiles/CMakeTmp

Run Build Command:"/usr/bin/make" "cmTC_f071b/fast"
/usr/bin/make -f CMakeFiles/cmTC_f071b.dir/build.make CMakeFiles/cmTC_f071b.dir/build
make[1]: Entering directory '/opt/CMakeFiles/CMakeTmp'
Building C object CMakeFiles/cmTC_f071b.dir/feature_tests.c.o
/usr/bin/cc    -std=c11 -o CMakeFiles/cmTC_f071b.dir/feature_tests.c.o   -c /opt/CMakeFiles/feature_tests.c
Linking C executable cmTC_f071b
/usr/bin/cmake -E cmake_link_script CMakeFiles/cmTC_f071b.dir/link.txt --verbose=1
/usr/bin/cc       CMakeFiles/cmTC_f071b.dir/feature_tests.c.o  -o cmTC_f071b -rdynamic 
make[1]: Leaving directory '/opt/CMakeFiles/CMakeTmp'


    Feature record: C_FEATURE:1c_function_prototypes
    Feature record: C_FEATURE:1c_restrict
    Feature record: C_FEATURE:1c_static_assert
    Feature record: C_FEATURE:1c_variadic_macros


Detecting C [-std=c99] compiler features compiled with the following output:
Change Dir: /opt/CMakeFiles/CMakeTmp

Run Build Command:"/usr/bin/make" "cmTC_8d143/fast"
/usr/bin/make -f CMakeFiles/cmTC_8d143.dir/build.make CMakeFiles/cmTC_8d143.dir/build
make[1]: Entering directory '/opt/CMakeFiles/CMakeTmp'
Building C object CMakeFiles/cmTC_8d143.dir/feature_tests.c.o
/usr/bin/cc    -std=c99 -o CMakeFiles/cmTC_8d143.dir/feature_tests.c.o   -c /opt/CMakeFiles/feature_tests.c
Linking C executable cmTC_8d143
/usr/bin/cmake -E cmake_link_script CMakeFiles/cmTC_8d143.dir/link.txt --verbose=1
/usr/bin/cc       CMakeFiles/cmTC_8d143.dir/feature_tests.c.o  -o cmTC_8d143 -rdynamic 
make[1]: Leaving directory '/opt/CMakeFiles/CMakeTmp'


    Feature record: C_FEATURE:1c_function_prototypes
    Feature record: C_FEATURE:1c_restrict
    Feature record: C_FEATURE:0c_static_assert
    Feature record: C_FEATURE:1c_variadic_macros


Detecting C [-std=c90] compiler features compiled with the following output:
Change Dir: /opt/CMakeFiles/CMakeTmp

Run Build Command:"/usr/bin/make" "cmTC_8ca72/fast"
/usr/bin/make -f CMakeFiles/cmTC_8ca72.dir/build.make CMakeFiles/cmTC_8ca72.dir/build
make[1]: Entering directory '/opt/CMakeFiles/CMakeTmp'
Building C object CMakeFiles/cmTC_8ca72.dir/feature_tests.c.o
/usr/bin/cc    -std=c90 -o CMakeFiles/cmTC_8ca72.dir/feature_tests.c.o   -c /opt/CMakeFiles/feature_tests.c
Linking C executable cmTC_8ca72
/usr/bin/cmake -E cmake_link_script CMakeFiles/cmTC_8ca72.dir/link.txt --verbose=1
/usr/bin/cc       CMakeFiles/cmTC_8ca72.dir/feature_tests.c.o  -o cmTC_8ca72 -rdynamic 
make[1]: Leaving directory '/opt/CMakeFiles/CMakeTmp'


    Feature record: C_FEATURE:1c_function_prototypes
    Feature record: C_FEATURE:0c_restrict
    Feature record: C_FEATURE:0c_static_assert
    Feature record: C_FEATURE:0c_variadic_macros
Determining if the CXX compiler works passed with the following output:
Change Dir: /opt/CMakeFiles/CMakeTmp

Run Build Command:"/usr/bin/make" "cmTC_eae94/fast"
/usr/bin/make -f CMakeFiles/cmTC_eae94.dir/build.make CMakeFiles/cmTC_eae94.dir/build
make[1]: Entering directory '/opt/CMakeFiles/CMakeTmp'
Building CXX object CMakeFiles/cmTC_eae94.dir/testCXXCompiler.cxx.o
/usr/bin/c++      -o CMakeFiles/cmTC_eae94.dir/testCXXCompiler.cxx.o -c /opt/CMakeFiles/CMakeTmp/testCXXCompiler.cxx
Linking CXX executable cmTC_eae94
/usr/bin/cmake -E cmake_link_script CMakeFiles/cmTC_eae94.dir/link.txt --verbose=1
/usr/bin/c++        CMakeFiles/cmTC_eae94.dir/testCXXCompiler.cxx.o  -o cmTC_eae94 -rdynamic 
make[1]: Leaving directory '/opt/CMakeFiles/CMakeTmp'


Detecting CXX compiler ABI info compiled with the following output:
Change Dir: /opt/CMakeFiles/CMakeTmp

Run Build Command:"/usr/bin/make" "cmTC_b2f94/fast"
/usr/bin/make -f CMakeFiles/cmTC_b2f94.dir/build.make CMakeFiles/cmTC_b2f94.dir/build
make[1]: Entering directory '/opt/CMakeFiles/CMakeTmp'
Building CXX object CMakeFiles/cmTC_b2f94.dir/CMakeCXXCompilerABI.cpp.o
/usr/bin/c++      -o CMakeFiles/cmTC_b2f94.dir/CMakeCXXCompilerABI.cpp.o -c /usr/share/cmake-3.7/Modules/CMakeCXXCompilerABI.cpp
Linking CXX executable cmTC_b2f94
/usr/bin/cmake -E cmake_link_script CMakeFiles/cmTC_b2f94.dir/link.txt --verbose=1
/usr/bin/c++       -v CMakeFiles/cmTC_b2f94.dir/CMakeCXXCompilerABI.cpp.o  -o cmTC_b2f94 -rdynamic  
Using built-in specs.
COLLECT_GCC=/usr/bin/c++
COLLECT_LTO_WRAPPER=/usr/lib/gcc/arm-linux-gnueabi/6/lto-wrapper
Target: arm-linux-gnueabi
Configured with: ../src/configure -v --with-pkgversion='Debian 6.3.0-18+deb9u1' --with-bugurl=file:///usr/share/doc/gcc-6/README.Bugs --enable-languages=c,ada,c++,java,go,d,fortran,objc,obj-c++ --prefix=/usr --program-suffix=-6 --program-prefix=arm-linux-gnueabi- --enable-shared --enable-linker-build-id --libexecdir=/usr/lib --without-included-gettext --enable-threads=posix --libdir=/usr/lib --enable-nls --with-sysroot=/ --enable-clocale=gnu --enable-libstdcxx-debug --enable-libstdcxx-time=yes --with-default-libstdcxx-abi=new --enable-gnu-unique-object --disable-libitm --disable-libquadmath --enable-plugin --enable-default-pie --with-system-zlib --disable-browser-plugin --enable-java-awt=gtk --enable-gtk-cairo --with-java-home=/usr/lib/jvm/java-1.5.0-gcj-6-armel/jre --enable-java-home --with-jvm-root-dir=/usr/lib/jvm/java-1.5.0-gcj-6-armel --with-jvm-jar-dir=/usr/lib/jvm-exports/java-1.5.0-gcj-6-armel --with-arch-directory=arm --with-ecj-jar=/usr/share/java/eclipse-ecj.jar --with-target-system-zlib --enable-objc-gc=auto --enable-multiarch --disable-sjlj-exceptions --with-arch=armv4t --with-float=soft --enable-checking=release --build=arm-linux-gnueabi --host=arm-linux-gnueabi --target=arm-linux-gnueabi
Thread model: posix
gcc version 6.3.0 20170516 (Debian 6.3.0-18+deb9u1) 
COMPILER_PATH=/usr/lib/gcc/arm-linux-gnueabi/6/:/usr/lib/gcc/arm-linux-gnueabi/6/:/usr/lib/gcc/arm-linux-gnueabi/:/usr/lib/gcc/arm-linux-gnueabi/6/:/usr/lib/gcc/arm-linux-gnueabi/
LIBRARY_PATH=/usr/lib/gcc/arm-linux-gnueabi/6/:/usr/lib/gcc/arm-linux-gnueabi/6/../../../arm-linux-gnueabi/:/usr/lib/gcc/arm-linux-gnueabi/6/../../../:/lib/arm-linux-gnueabi/:/lib/:/usr/lib/arm-linux-gnueabi/:/usr/lib/
COLLECT_GCC_OPTIONS='-v' '-o' 'cmTC_b2f94' '-rdynamic' '-shared-libgcc' '-march=armv4t' '-mfloat-abi=soft' '-mtls-dialect=gnu'
 /usr/lib/gcc/arm-linux-gnueabi/6/collect2 -plugin /usr/lib/gcc/arm-linux-gnueabi/6/liblto_plugin.so -plugin-opt=/usr/lib/gcc/arm-linux-gnueabi/6/lto-wrapper -plugin-opt=-fresolution=/tmp/ccYyVcVR.res -plugin-opt=-pass-through=-lgcc_s -plugin-opt=-pass-through=-lgcc -plugin-opt=-pass-through=-lc -plugin-opt=-pass-through=-lgcc_s -plugin-opt=-pass-through=-lgcc --sysroot=/ --build-id --eh-frame-hdr -export-dynamic -dynamic-linker /lib/ld-linux.so.3 -X --hash-style=gnu -m armelf_linux_eabi -pie -o cmTC_b2f94 /usr/lib/gcc/arm-linux-gnueabi/6/../../../arm-linux-gnueabi/Scrt1.o /usr/lib/gcc/arm-linux-gnueabi/6/../../../arm-linux-gnueabi/crti.o /usr/lib/gcc/arm-linux-gnueabi/6/crtbeginS.o -L/usr/lib/gcc/arm-linux-gnueabi/6 -L/usr/lib/gcc/arm-linux-gnueabi/6/../../../arm-linux-gnueabi -L/usr/lib/gcc/arm-linux-gnueabi/6/../../.. -L/lib/arm-linux-gnueabi -L/usr/lib/arm-linux-gnueabi CMakeFiles/cmTC_b2f94.dir/CMakeCXXCompilerABI.cpp.o -lstdc++ -lm -lgcc_s -lgcc -lc -lgcc_s -lgcc /usr/lib/gcc/arm-linux-gnueabi/6/crtendS.o /usr/lib/gcc/arm-linux-gnueabi/6/../../../arm-linux-gnueabi/crtn.o
COLLECT_GCC_OPTIONS='-v' '-o' 'cmTC_b2f94' '-rdynamic' '-shared-libgcc' '-march=armv4t' '-mfloat-abi=soft' '-mtls-dialect=gnu'
make[1]: Leaving directory '/opt/CMakeFiles/CMakeTmp'


Parsed CXX implicit link information from above output:
  link line regex: [^( *|.*[/\])(ld|([^/\]+-)?ld|collect2)[^/\]*( |$)]
  ignore line: [Change Dir: /opt/CMakeFiles/CMakeTmp]
  ignore line: []
  ignore line: [Run Build Command:"/usr/bin/make" "cmTC_b2f94/fast"]
  ignore line: [/usr/bin/make -f CMakeFiles/cmTC_b2f94.dir/build.make CMakeFiles/cmTC_b2f94.dir/build]
  ignore line: [make[1]: Entering directory '/opt/CMakeFiles/CMakeTmp']
  ignore line: [Building CXX object CMakeFiles/cmTC_b2f94.dir/CMakeCXXCompilerABI.cpp.o]
  ignore line: [/usr/bin/c++      -o CMakeFiles/cmTC_b2f94.dir/CMakeCXXCompilerABI.cpp.o -c /usr/share/cmake-3.7/Modules/CMakeCXXCompilerABI.cpp]
  ignore line: [Linking CXX executable cmTC_b2f94]
  ignore line: [/usr/bin/cmake -E cmake_link_script CMakeFiles/cmTC_b2f94.dir/link.txt --verbose=1]
  ignore line: [/usr/bin/c++       -v CMakeFiles/cmTC_b2f94.dir/CMakeCXXCompilerABI.cpp.o  -o cmTC_b2f94 -rdynamic  ]
  ignore line: [Using built-in specs.]
  ignore line: [COLLECT_GCC=/usr/bin/c++]
  ignore line: [COLLECT_LTO_WRAPPER=/usr/lib/gcc/arm-linux-gnueabi/6/lto-wrapper]
  ignore line: [Target: arm-linux-gnueabi]
  ignore line: [Configured with: ../src/configure -v --with-pkgversion='Debian 6.3.0-18+deb9u1' --with-bugurl=file:///usr/share/doc/gcc-6/README.Bugs --enable-languages=c,ada,c++,java,go,d,fortran,objc,obj-c++ --prefix=/usr --program-suffix=-6 --program-prefix=arm-linux-gnueabi- --enable-shared --enable-linker-build-id --libexecdir=/usr/lib --without-included-gettext --enable-threads=posix --libdir=/usr/lib --enable-nls --with-sysroot=/ --enable-clocale=gnu --enable-libstdcxx-debug --enable-libstdcxx-time=yes --with-default-libstdcxx-abi=new --enable-gnu-unique-object --disable-libitm --disable-libquadmath --enable-plugin --enable-default-pie --with-system-zlib --disable-browser-plugin --enable-java-awt=gtk --enable-gtk-cairo --with-java-home=/usr/lib/jvm/java-1.5.0-gcj-6-armel/jre --enable-java-home --with-jvm-root-dir=/usr/lib/jvm/java-1.5.0-gcj-6-armel --with-jvm-jar-dir=/usr/lib/jvm-exports/java-1.5.0-gcj-6-armel --with-arch-directory=arm --with-ecj-jar=/usr/share/java/eclipse-ecj.jar --with-target-system-zlib --enable-objc-gc=auto --enable-multiarch --disable-sjlj-exceptions --with-arch=armv4t --with-float=soft --enable-checking=release --build=arm-linux-gnueabi --host=arm-linux-gnueabi --target=arm-linux-gnueabi]
  ignore line: [Thread model: posix]
  ignore line: [gcc version 6.3.0 20170516 (Debian 6.3.0-18+deb9u1) ]
  ignore line: [COMPILER_PATH=/usr/lib/gcc/arm-linux-gnueabi/6/:/usr/lib/gcc/arm-linux-gnueabi/6/:/usr/lib/gcc/arm-linux-gnueabi/:/usr/lib/gcc/arm-linux-gnueabi/6/:/usr/lib/gcc/arm-linux-gnueabi/]
  ignore line: [LIBRARY_PATH=/usr/lib/gcc/arm-linux-gnueabi/6/:/usr/lib/gcc/arm-linux-gnueabi/6/../../../arm-linux-gnueabi/:/usr/lib/gcc/arm-linux-gnueabi/6/../../../:/lib/arm-linux-gnueabi/:/lib/:/usr/lib/arm-linux-gnueabi/:/usr/lib/]
  ignore line: [COLLECT_GCC_OPTIONS='-v' '-o' 'cmTC_b2f94' '-rdynamic' '-shared-libgcc' '-march=armv4t' '-mfloat-abi=soft' '-mtls-dialect=gnu']
  link line: [ /usr/lib/gcc/arm-linux-gnueabi/6/collect2 -plugin /usr/lib/gcc/arm-linux-gnueabi/6/liblto_plugin.so -plugin-opt=/usr/lib/gcc/arm-linux-gnueabi/6/lto-wrapper -plugin-opt=-fresolution=/tmp/ccYyVcVR.res -plugin-opt=-pass-through=-lgcc_s -plugin-opt=-pass-through=-lgcc -plugin-opt=-pass-through=-lc -plugin-opt=-pass-through=-lgcc_s -plugin-opt=-pass-through=-lgcc --sysroot=/ --build-id --eh-frame-hdr -export-dynamic -dynamic-linker /lib/ld-linux.so.3 -X --hash-style=gnu -m armelf_linux_eabi -pie -o cmTC_b2f94 /usr/lib/gcc/arm-linux-gnueabi/6/../../../arm-linux-gnueabi/Scrt1.o /usr/lib/gcc/arm-linux-gnueabi/6/../../../arm-linux-gnueabi/crti.o /usr/lib/gcc/arm-linux-gnueabi/6/crtbeginS.o -L/usr/lib/gcc/arm-linux-gnueabi/6 -L/usr/lib/gcc/arm-linux-gnueabi/6/../../../arm-linux-gnueabi -L/usr/lib/gcc/arm-linux-gnueabi/6/../../.. -L/lib/arm-linux-gnueabi -L/usr/lib/arm-linux-gnueabi CMakeFiles/cmTC_b2f94.dir/CMakeCXXCompilerABI.cpp.o -lstdc++ -lm -lgcc_s -lgcc -lc -lgcc_s -lgcc /usr/lib/gcc/arm-linux-gnueabi/6/crtendS.o /usr/lib/gcc/arm-linux-gnueabi/6/../../../arm-linux-gnueabi/crtn.o]
    arg [/usr/lib/gcc/arm-linux-gnueabi/6/collect2] ==> ignore
    arg [-plugin] ==> ignore
    arg [/usr/lib/gcc/arm-linux-gnueabi/6/liblto_plugin.so] ==> ignore
    arg [-plugin-opt=/usr/lib/gcc/arm-linux-gnueabi/6/lto-wrapper] ==> ignore
    arg [-plugin-opt=-fresolution=/tmp/ccYyVcVR.res] ==> ignore
    arg [-plugin-opt=-pass-through=-lgcc_s] ==> ignore
    arg [-plugin-opt=-pass-through=-lgcc] ==> ignore
    arg [-plugin-opt=-pass-through=-lc] ==> ignore
    arg [-plugin-opt=-pass-through=-lgcc_s] ==> ignore
    arg [-plugin-opt=-pass-through=-lgcc] ==> ignore
    arg [--sysroot=/] ==> ignore
    arg [--build-id] ==> ignore
    arg [--eh-frame-hdr] ==> ignore
    arg [-export-dynamic] ==> ignore
    arg [-dynamic-linker] ==> ignore
    arg [/lib/ld-linux.so.3] ==> ignore
    arg [-X] ==> ignore
    arg [--hash-style=gnu] ==> ignore
    arg [-m] ==> ignore
    arg [armelf_linux_eabi] ==> ignore
    arg [-pie] ==> ignore
    arg [-o] ==> ignore
    arg [cmTC_b2f94] ==> ignore
    arg [/usr/lib/gcc/arm-linux-gnueabi/6/../../../arm-linux-gnueabi/Scrt1.o] ==> ignore
    arg [/usr/lib/gcc/arm-linux-gnueabi/6/../../../arm-linux-gnueabi/crti.o] ==> ignore
    arg [/usr/lib/gcc/arm-linux-gnueabi/6/crtbeginS.o] ==> ignore
    arg [-L/usr/lib/gcc/arm-linux-gnueabi/6] ==> dir [/usr/lib/gcc/arm-linux-gnueabi/6]
    arg [-L/usr/lib/gcc/arm-linux-gnueabi/6/../../../arm-linux-gnueabi] ==> dir [/usr/lib/gcc/arm-linux-gnueabi/6/../../../arm-linux-gnueabi]
    arg [-L/usr/lib/gcc/arm-linux-gnueabi/6/../../..] ==> dir [/usr/lib/gcc/arm-linux-gnueabi/6/../../..]
    arg [-L/lib/arm-linux-gnueabi] ==> dir [/lib/arm-linux-gnueabi]
    arg [-L/usr/lib/arm-linux-gnueabi] ==> dir [/usr/lib/arm-linux-gnueabi]
    arg [CMakeFiles/cmTC_b2f94.dir/CMakeCXXCompilerABI.cpp.o] ==> ignore
    arg [-lstdc++] ==> lib [stdc++]
    arg [-lm] ==> lib [m]
    arg [-lgcc_s] ==> lib [gcc_s]
    arg [-lgcc] ==> lib [gcc]
    arg [-lc] ==> lib [c]
    arg [-lgcc_s] ==> lib [gcc_s]
    arg [-lgcc] ==> lib [gcc]
    arg [/usr/lib/gcc/arm-linux-gnueabi/6/crtendS.o] ==> ignore
    arg [/usr/lib/gcc/arm-linux-gnueabi/6/../../../arm-linux-gnueabi/crtn.o] ==> ignore
  remove lib [gcc_s]
  remove lib [gcc]
  remove lib [gcc_s]
  remove lib [gcc]
  collapse library dir [/usr/lib/gcc/arm-linux-gnueabi/6] ==> [/usr/lib/gcc/arm-linux-gnueabi/6]
  collapse library dir [/usr/lib/gcc/arm-linux-gnueabi/6/../../../arm-linux-gnueabi] ==> [/usr/lib/arm-linux-gnueabi]
  collapse library dir [/usr/lib/gcc/arm-linux-gnueabi/6/../../..] ==> [/usr/lib]
  collapse library dir [/lib/arm-linux-gnueabi] ==> [/lib/arm-linux-gnueabi]
  collapse library dir [/usr/lib/arm-linux-gnueabi] ==> [/usr/lib/arm-linux-gnueabi]
  implicit libs: [stdc++;m;c]
  implicit dirs: [/usr/lib/gcc/arm-linux-gnueabi/6;/usr/lib/arm-linux-gnueabi;/usr/lib;/lib/arm-linux-gnueabi]
  implicit fwks: []




Detecting CXX [-std=c++14] compiler features compiled with the following output:
Change Dir: /opt/CMakeFiles/CMakeTmp

Run Build Command:"/usr/bin/make" "cmTC_33f0d/fast"
/usr/bin/make -f CMakeFiles/cmTC_33f0d.dir/build.make CMakeFiles/cmTC_33f0d.dir/build
make[1]: Entering directory '/opt/CMakeFiles/CMakeTmp'
Building CXX object CMakeFiles/cmTC_33f0d.dir/feature_tests.cxx.o
/usr/bin/c++     -std=c++14 -o CMakeFiles/cmTC_33f0d.dir/feature_tests.cxx.o -c /opt/CMakeFiles/feature_tests.cxx
Linking CXX executable cmTC_33f0d
/usr/bin/cmake -E cmake_link_script CMakeFiles/cmTC_33f0d.dir/link.txt --verbose=1
/usr/bin/c++        CMakeFiles/cmTC_33f0d.dir/feature_tests.cxx.o  -o cmTC_33f0d -rdynamic 
make[1]: Leaving directory '/opt/CMakeFiles/CMakeTmp'


    Feature record: CXX_FEATURE:1cxx_aggregate_default_initializers
    Feature record: CXX_FEATURE:1cxx_alias_templates
    Feature record: CXX_FEATURE:1cxx_alignas
    Feature record: CXX_FEATURE:1cxx_alignof
    Feature record: CXX_FEATURE:1cxx_attributes
    Feature record: CXX_FEATURE:1cxx_attribute_deprecated
    Feature record: CXX_FEATURE:1cxx_auto_type
    Feature record: CXX_FEATURE:1cxx_binary_literals
    Feature record: CXX_FEATURE:1cxx_constexpr
    Feature record: CXX_FEATURE:1cxx_contextual_conversions
    Feature record: CXX_FEATURE:1cxx_decltype
    Feature record: CXX_FEATURE:1cxx_decltype_auto
    Feature record: CXX_FEATURE:1cxx_decltype_incomplete_return_types
    Feature record: CXX_FEATURE:1cxx_default_function_template_args
    Feature record: CXX_FEATURE:1cxx_defaulted_functions
    Feature record: CXX_FEATURE:1cxx_defaulted_move_initializers
    Feature record: CXX_FEATURE:1cxx_delegating_constructors
    Feature record: CXX_FEATURE:1cxx_deleted_functions
    Feature record: CXX_FEATURE:1cxx_digit_separators
    Feature record: CXX_FEATURE:1cxx_enum_forward_declarations
    Feature record: CXX_FEATURE:1cxx_explicit_conversions
    Feature record: CXX_FEATURE:1cxx_extended_friend_declarations
    Feature record: CXX_FEATURE:1cxx_extern_templates
    Feature record: CXX_FEATURE:1cxx_final
    Feature record: CXX_FEATURE:1cxx_func_identifier
    Feature record: CXX_FEATURE:1cxx_generalized_initializers
    Feature record: CXX_FEATURE:1cxx_generic_lambdas
    Feature record: CXX_FEATURE:1cxx_inheriting_constructors
    Feature record: CXX_FEATURE:1cxx_inline_namespaces
    Feature record: CXX_FEATURE:1cxx_lambdas
    Feature record: CXX_FEATURE:1cxx_lambda_init_captures
    Feature record: CXX_FEATURE:1cxx_local_type_template_args
    Feature record: CXX_FEATURE:1cxx_long_long_type
    Feature record: CXX_FEATURE:1cxx_noexcept
    Feature record: CXX_FEATURE:1cxx_nonstatic_member_init
    Feature record: CXX_FEATURE:1cxx_nullptr
    Feature record: CXX_FEATURE:1cxx_override
    Feature record: CXX_FEATURE:1cxx_range_for
    Feature record: CXX_FEATURE:1cxx_raw_string_literals
    Feature record: CXX_FEATURE:1cxx_reference_qualified_functions
    Feature record: CXX_FEATURE:1cxx_relaxed_constexpr
    Feature record: CXX_FEATURE:1cxx_return_type_deduction
    Feature record: CXX_FEATURE:1cxx_right_angle_brackets
    Feature record: CXX_FEATURE:1cxx_rvalue_references
    Feature record: CXX_FEATURE:1cxx_sizeof_member
    Feature record: CXX_FEATURE:1cxx_static_assert
    Feature record: CXX_FEATURE:1cxx_strong_enums
    Feature record: CXX_FEATURE:1cxx_template_template_parameters
    Feature record: CXX_FEATURE:1cxx_thread_local
    Feature record: CXX_FEATURE:1cxx_trailing_return_types
    Feature record: CXX_FEATURE:1cxx_unicode_literals
    Feature record: CXX_FEATURE:1cxx_uniform_initialization
    Feature record: CXX_FEATURE:1cxx_unrestricted_unions
    Feature record: CXX_FEATURE:1cxx_user_literals
    Feature record: CXX_FEATURE:1cxx_variable_templates
    Feature record: CXX_FEATURE:1cxx_variadic_macros
    Feature record: CXX_FEATURE:1cxx_variadic_templates


Detecting CXX [-std=c++11] compiler features compiled with the following output:
Change Dir: /opt/CMakeFiles/CMakeTmp

Run Build Command:"/usr/bin/make" "cmTC_3c5e3/fast"
/usr/bin/make -f CMakeFiles/cmTC_3c5e3.dir/build.make CMakeFiles/cmTC_3c5e3.dir/build
make[1]: Entering directory '/opt/CMakeFiles/CMakeTmp'
Building CXX object CMakeFiles/cmTC_3c5e3.dir/feature_tests.cxx.o
/usr/bin/c++     -std=c++11 -o CMakeFiles/cmTC_3c5e3.dir/feature_tests.cxx.o -c /opt/CMakeFiles/feature_tests.cxx
Linking CXX executable cmTC_3c5e3
/usr/bin/cmake -E cmake_link_script CMakeFiles/cmTC_3c5e3.dir/link.txt --verbose=1
/usr/bin/c++        CMakeFiles/cmTC_3c5e3.dir/feature_tests.cxx.o  -o cmTC_3c5e3 -rdynamic 
make[1]: Leaving directory '/opt/CMakeFiles/CMakeTmp'


    Feature record: CXX_FEATURE:0cxx_aggregate_default_initializers
    Feature record: CXX_FEATURE:1cxx_alias_templates
    Feature record: CXX_FEATURE:1cxx_alignas
    Feature record: CXX_FEATURE:1cxx_alignof
    Feature record: CXX_FEATURE:1cxx_attributes
    Feature record: CXX_FEATURE:0cxx_attribute_deprecated
    Feature record: CXX_FEATURE:1cxx_auto_type
    Feature record: CXX_FEATURE:0cxx_binary_literals
    Feature record: CXX_FEATURE:1cxx_constexpr
    Feature record: CXX_FEATURE:0cxx_contextual_conversions
    Feature record: CXX_FEATURE:1cxx_decltype
    Feature record: CXX_FEATURE:0cxx_decltype_auto
    Feature record: CXX_FEATURE:1cxx_decltype_incomplete_return_types
    Feature record: CXX_FEATURE:1cxx_default_function_template_args
    Feature record: CXX_FEATURE:1cxx_defaulted_functions
    Feature record: CXX_FEATURE:1cxx_defaulted_move_initializers
    Feature record: CXX_FEATURE:1cxx_delegating_constructors
    Feature record: CXX_FEATURE:1cxx_deleted_functions
    Feature record: CXX_FEATURE:0cxx_digit_separators
    Feature record: CXX_FEATURE:1cxx_enum_forward_declarations
    Feature record: CXX_FEATURE:1cxx_explicit_conversions
    Feature record: CXX_FEATURE:1cxx_extended_friend_declarations
    Feature record: CXX_FEATURE:1cxx_extern_templates
    Feature record: CXX_FEATURE:1cxx_final
    Feature record: CXX_FEATURE:1cxx_func_identifier
    Feature record: CXX_FEATURE:1cxx_generalized_initializers
    Feature record: CXX_FEATURE:0cxx_generic_lambdas
    Feature record: CXX_FEATURE:1cxx_inheriting_constructors
    Feature record: CXX_FEATURE:1cxx_inline_namespaces
    Feature record: CXX_FEATURE:1cxx_lambdas
    Feature record: CXX_FEATURE:0cxx_lambda_init_captures
    Feature record: CXX_FEATURE:1cxx_local_type_template_args
    Feature record: CXX_FEATURE:1cxx_long_long_type
    Feature record: CXX_FEATURE:1cxx_noexcept
    Feature record: CXX_FEATURE:1cxx_nonstatic_member_init
    Feature record: CXX_FEATURE:1cxx_nullptr
    Feature record: CXX_FEATURE:1cxx_override
    Feature record: CXX_FEATURE:1cxx_range_for
    Feature record: CXX_FEATURE:1cxx_raw_string_literals
    Feature record: CXX_FEATURE:1cxx_reference_qualified_functions
    Feature record: CXX_FEATURE:0cxx_relaxed_constexpr
    Feature record: CXX_FEATURE:0cxx_return_type_deduction
    Feature record: CXX_FEATURE:1cxx_right_angle_brackets
    Feature record: CXX_FEATURE:1cxx_rvalue_references
    Feature record: CXX_FEATURE:1cxx_sizeof_member
    Feature record: CXX_FEATURE:1cxx_static_assert
    Feature record: CXX_FEATURE:1cxx_strong_enums
    Feature record: CXX_FEATURE:1cxx_template_template_parameters
    Feature record: CXX_FEATURE:1cxx_thread_local
    Feature record: CXX_FEATURE:1cxx_trailing_return_types
    Feature record: CXX_FEATURE:1cxx_unicode_literals
    Feature record: CXX_FEATURE:1cxx_uniform_initialization
    Feature record: CXX_FEATURE:1cxx_unrestricted_unions
    Feature record: CXX_FEATURE:1cxx_user_literals
    Feature record: CXX_FEATURE:0cxx_variable_templates
    Feature record: CXX_FEATURE:1cxx_variadic_macros
    Feature record: CXX_FEATURE:1cxx_variadic_templates


Detecting CXX [-std=c++98] compiler features compiled with the following output:
Change Dir: /opt/CMakeFiles/CMakeTmp

Run Build Command:"/usr/bin/make" "cmTC_cf94f/fast"
/usr/bin/make -f CMakeFiles/cmTC_cf94f.dir/build.make CMakeFiles/cmTC_cf94f.dir/build
make[1]: Entering directory '/opt/CMakeFiles/CMakeTmp'
Building CXX object CMakeFiles/cmTC_cf94f.dir/feature_tests.cxx.o
/usr/bin/c++     -std=c++98 -o CMakeFiles/cmTC_cf94f.dir/feature_tests.cxx.o -c /opt/CMakeFiles/feature_tests.cxx
Linking CXX executable cmTC_cf94f
/usr/bin/cmake -E cmake_link_script CMakeFiles/cmTC_cf94f.dir/link.txt --verbose=1
/usr/bin/c++        CMakeFiles/cmTC_cf94f.dir/feature_tests.cxx.o  -o cmTC_cf94f -rdynamic 
make[1]: Leaving directory '/opt/CMakeFiles/CMakeTmp'


    Feature record: CXX_FEATURE:0cxx_aggregate_default_initializers
    Feature record: CXX_FEATURE:0cxx_alias_templates
    Feature record: CXX_FEATURE:0cxx_alignas
    Feature record: CXX_FEATURE:0cxx_alignof
    Feature record: CXX_FEATURE:0cxx_attributes
    Feature record: CXX_FEATURE:0cxx_attribute_deprecated
    Feature record: CXX_FEATURE:0cxx_auto_type
    Feature record: CXX_FEATURE:0cxx_binary_literals
    Feature record: CXX_FEATURE:0cxx_constexpr
    Feature record: CXX_FEATURE:0cxx_contextual_conversions
    Feature record: CXX_FEATURE:0cxx_decltype
    Feature record: CXX_FEATURE:0cxx_decltype_auto
    Feature record: CXX_FEATURE:0cxx_decltype_incomplete_return_types
    Feature record: CXX_FEATURE:0cxx_default_function_template_args
    Feature record: CXX_FEATURE:0cxx_defaulted_functions
    Feature record: CXX_FEATURE:0cxx_defaulted_move_initializers
    Feature record: CXX_FEATURE:0cxx_delegating_constructors
    Feature record: CXX_FEATURE:0cxx_deleted_functions
    Feature record: CXX_FEATURE:0cxx_digit_separators
    Feature record: CXX_FEATURE:0cxx_enum_forward_declarations
    Feature record: CXX_FEATURE:0cxx_explicit_conversions
    Feature record: CXX_FEATURE:0cxx_extended_friend_declarations
    Feature record: CXX_FEATURE:0cxx_extern_templates
    Feature record: CXX_FEATURE:0cxx_final
    Feature record: CXX_FEATURE:0cxx_func_identifier
    Feature record: CXX_FEATURE:0cxx_generalized_initializers
    Feature record: CXX_FEATURE:0cxx_generic_lambdas
    Feature record: CXX_FEATURE:0cxx_inheriting_constructors
    Feature record: CXX_FEATURE:0cxx_inline_namespaces
    Feature record: CXX_FEATURE:0cxx_lambdas
    Feature record: CXX_FEATURE:0cxx_lambda_init_captures
    Feature record: CXX_FEATURE:0cxx_local_type_template_args
    Feature record: CXX_FEATURE:0cxx_long_long_type
    Feature record: CXX_FEATURE:0cxx_noexcept
    Feature record: CXX_FEATURE:0cxx_nonstatic_member_init
    Feature record: CXX_FEATURE:0cxx_nullptr
    Feature record: CXX_FEATURE:0cxx_override
    Feature record: CXX_FEATURE:0cxx_range_for
    Feature record: CXX_FEATURE:0cxx_raw_string_literals
    Feature record: CXX_FEATURE:0cxx_reference_qualified_functions
    Feature record: CXX_FEATURE:0cxx_relaxed_constexpr
    Feature record: CXX_FEATURE:0cxx_return_type_deduction
    Feature record: CXX_FEATURE:0cxx_right_angle_brackets
    Feature record: CXX_FEATURE:0cxx_rvalue_references
    Feature record: CXX_FEATURE:0cxx_sizeof_member
    Feature record: CXX_FEATURE:0cxx_static_assert
    Feature record: CXX_FEATURE:0cxx_strong_enums
    Feature record: CXX_FEATURE:1cxx_template_template_parameters
    Feature record: CXX_FEATURE:0cxx_thread_local
    Feature record: CXX_FEATURE:0cxx_trailing_return_types
    Feature record: CXX_FEATURE:0cxx_unicode_literals
    Feature record: CXX_FEATURE:0cxx_uniform_initialization
    Feature record: CXX_FEATURE:0cxx_unrestricted_unions
    Feature record: CXX_FEATURE:0cxx_user_literals
    Feature record: CXX_FEATURE:0cxx_variable_templates
    Feature record: CXX_FEATURE:0cxx_variadic_macros
    Feature record: CXX_FEATURE:0cxx_variadic_templates
Determining if the include file pthread.h exists passed with the following output:
Change Dir: /opt/CMakeFiles/CMakeTmp

Run Build Command:"/usr/bin/make" "cmTC_2437d/fast"
/usr/bin/make -f CMakeFiles/cmTC_2437d.dir/build.make CMakeFiles/cmTC_2437d.dir/build
make[1]: Entering directory '/opt/CMakeFiles/CMakeTmp'
Building C object CMakeFiles/cmTC_2437d.dir/CheckIncludeFile.c.o
/usr/bin/cc     -o CMakeFiles/cmTC_2437d.dir/CheckIncludeFile.c.o   -c /opt/CMakeFiles/CMakeTmp/CheckIncludeFile.c
Linking C executable cmTC_2437d
/usr/bin/cmake -E cmake_link_script CMakeFiles/cmTC_2437d.dir/link.txt --verbose=1
/usr/bin/cc       CMakeFiles/cmTC_2437d.dir/CheckIncludeFile.c.o  -o cmTC_2437d -rdynamic 
make[1]: Leaving directory '/opt/CMakeFiles/CMakeTmp'


Determining if the function pthread_create exists in the pthread passed with the following output:
Change Dir: /opt/CMakeFiles/CMakeTmp

Run Build Command:"/usr/bin/make" "cmTC_1631e/fast"
/usr/bin/make -f CMakeFiles/cmTC_1631e.dir/build.make CMakeFiles/cmTC_1631e.dir/build
make[1]: Entering directory '/opt/CMakeFiles/CMakeTmp'
Building C object CMakeFiles/cmTC_1631e.dir/CheckFunctionExists.c.o
/usr/bin/cc    -DCHECK_FUNCTION_EXISTS=pthread_create   -o CMakeFiles/cmTC_1631e.dir/CheckFunctionExists.c.o   -c /usr/share/cmake-3.7/Modules/CheckFunctionExists.c
Linking C executable cmTC_1631e
/usr/bin/cmake -E cmake_link_script CMakeFiles/cmTC_1631e.dir/link.txt --verbose=1
/usr/bin/cc   -DCHECK_FUNCTION_EXISTS=pthread_create    CMakeFiles/cmTC_1631e.dir/CheckFunctionExists.c.o  -o cmTC_1631e -rdynamic -lpthread 
make[1]: Leaving directory '/opt/CMakeFiles/CMakeTmp'


Determining if the include file pthread.h exists passed with the following output:
Change Dir: /opt/CMakeFiles/CMakeTmp

Run Build Command:"/usr/bin/make" "cmTC_7ab98/fast"
/usr/bin/make -f CMakeFiles/cmTC_7ab98.dir/build.make CMakeFiles/cmTC_7ab98.dir/build
make[1]: Entering directory '/opt/CMakeFiles/CMakeTmp'
Building C object CMakeFiles/cmTC_7ab98.dir/CheckIncludeFile.c.o
/usr/bin/cc     -o CMakeFiles/cmTC_7ab98.dir/CheckIncludeFile.c.o   -c /opt/CMakeFiles/CMakeTmp/CheckIncludeFile.c
Linking C executable cmTC_7ab98
/usr/bin/cmake -E cmake_link_script CMakeFiles/cmTC_7ab98.dir/link.txt --verbose=1
/usr/bin/cc       CMakeFiles/cmTC_7ab98.dir/CheckIncludeFile.c.o  -o cmTC_7ab98 -rdynamic 
make[1]: Leaving directory '/opt/CMakeFiles/CMakeTmp'


Determining if the function pthread_create exists in the pthread passed with the following output:
Change Dir: /opt/CMakeFiles/CMakeTmp

Run Build Command:"/usr/bin/make" "cmTC_0f618/fast"
/usr/bin/make -f CMakeFiles/cmTC_0f618.dir/build.make CMakeFiles/cmTC_0f618.dir/build
make[1]: Entering directory '/opt/CMakeFiles/CMakeTmp'
Building C object CMakeFiles/cmTC_0f618.dir/CheckFunctionExists.c.o
/usr/bin/cc    -DCHECK_FUNCTION_EXISTS=pthread_create   -o CMakeFiles/cmTC_0f618.dir/CheckFunctionExists.c.o   -c /usr/share/cmake-3.7/Modules/CheckFunctionExists.c
Linking C executable cmTC_0f618
/usr/bin/cmake -E cmake_link_script CMakeFiles/cmTC_0f618.dir/link.txt --verbose=1
/usr/bin/cc   -DCHECK_FUNCTION_EXISTS=pthread_create    CMakeFiles/cmTC_0f618.dir/CheckFunctionExists.c.o  -o cmTC_0f618 -rdynamic -lpthread 
make[1]: Leaving directory '/opt/CMakeFiles/CMakeTmp'


Determining if the include file pthread.h exists passed with the following output:
Change Dir: /opt/CMakeFiles/CMakeTmp

Run Build Command:"/usr/bin/make" "cmTC_ba147/fast"
/usr/bin/make -f CMakeFiles/cmTC_ba147.dir/build.make CMakeFiles/cmTC_ba147.dir/build
make[1]: Entering directory '/opt/CMakeFiles/CMakeTmp'
Building C object CMakeFiles/cmTC_ba147.dir/CheckIncludeFile.c.o
/usr/bin/cc     -o CMakeFiles/cmTC_ba147.dir/CheckIncludeFile.c.o   -c /opt/CMakeFiles/CMakeTmp/CheckIncludeFile.c
Linking C executable cmTC_ba147
/usr/bin/cmake -E cmake_link_script CMakeFiles/cmTC_ba147.dir/link.txt --verbose=1
/usr/bin/cc       CMakeFiles/cmTC_ba147.dir/CheckIncludeFile.c.o  -o cmTC_ba147 -rdynamic 
make[1]: Leaving directory '/opt/CMakeFiles/CMakeTmp'


Determining if the function pthread_create exists in the pthread passed with the following output:
Change Dir: /opt/CMakeFiles/CMakeTmp

Run Build Command:"/usr/bin/make" "cmTC_92a3b/fast"
/usr/bin/make -f CMakeFiles/cmTC_92a3b.dir/build.make CMakeFiles/cmTC_92a3b.dir/build
make[1]: Entering directory '/opt/CMakeFiles/CMakeTmp'
Building C object CMakeFiles/cmTC_92a3b.dir/CheckFunctionExists.c.o
/usr/bin/cc    -DCHECK_FUNCTION_EXISTS=pthread_create   -o CMakeFiles/cmTC_92a3b.dir/CheckFunctionExists.c.o   -c /usr/share/cmake-3.7/Modules/CheckFunctionExists.c
Linking C executable cmTC_92a3b
/usr/bin/cmake -E cmake_link_script CMakeFiles/cmTC_92a3b.dir/link.txt --verbose=1
/usr/bin/cc   -DCHECK_FUNCTION_EXISTS=pthread_create    CMakeFiles/cmTC_92a3b.dir/CheckFunctionExists.c.o  -o cmTC_92a3b -rdynamic -lpthread 
make[1]: Leaving directory '/opt/CMakeFiles/CMakeTmp'


Determining if the include file pthread.h exists passed with the following output:
Change Dir: /opt/CMakeFiles/CMakeTmp

Run Build Command:"/usr/bin/make" "cmTC_501c7/fast"
/usr/bin/make -f CMakeFiles/cmTC_501c7.dir/build.make CMakeFiles/cmTC_501c7.dir/build
make[1]: Entering directory '/opt/CMakeFiles/CMakeTmp'
Building C object CMakeFiles/cmTC_501c7.dir/CheckIncludeFile.c.o
/usr/bin/cc     -o CMakeFiles/cmTC_501c7.dir/CheckIncludeFile.c.o   -c /opt/CMakeFiles/CMakeTmp/CheckIncludeFile.c
Linking C executable cmTC_501c7
/usr/bin/cmake -E cmake_link_script CMakeFiles/cmTC_501c7.dir/link.txt --verbose=1
/usr/bin/cc       CMakeFiles/cmTC_501c7.dir/CheckIncludeFile.c.o  -o cmTC_501c7 -rdynamic 
make[1]: Leaving directory '/opt/CMakeFiles/CMakeTmp'


Determining if the function pthread_create exists in the pthread passed with the following output:
Change Dir: /opt/CMakeFiles/CMakeTmp

Run Build Command:"/usr/bin/make" "cmTC_9f09a/fast"
/usr/bin/make -f CMakeFiles/cmTC_9f09a.dir/build.make CMakeFiles/cmTC_9f09a.dir/build
make[1]: Entering directory '/opt/CMakeFiles/CMakeTmp'
Building C object CMakeFiles/cmTC_9f09a.dir/CheckFunctionExists.c.o
/usr/bin/cc    -DCHECK_FUNCTION_EXISTS=pthread_create   -o CMakeFiles/cmTC_9f09a.dir/CheckFunctionExists.c.o   -c /usr/share/cmake-3.7/Modules/CheckFunctionExists.c
Linking C executable cmTC_9f09a
/usr/bin/cmake -E cmake_link_script CMakeFiles/cmTC_9f09a.dir/link.txt --verbose=1
/usr/bin/cc   -DCHECK_FUNCTION_EXISTS=pthread_create    CMakeFiles/cmTC_9f09a.dir/CheckFunctionExists.c.o  -o cmTC_9f09a -rdynamic -lpthread 
make[1]: Leaving directory '/opt/CMakeFiles/CMakeTmp'


Determining if the include file pthread.h exists passed with the following output:
Change Dir: /opt/CMakeFiles/CMakeTmp

Run Build Command:"/usr/bin/make" "cmTC_29c5b/fast"
/usr/bin/make -f CMakeFiles/cmTC_29c5b.dir/build.make CMakeFiles/cmTC_29c5b.dir/build
make[1]: Entering directory '/opt/CMakeFiles/CMakeTmp'
Building C object CMakeFiles/cmTC_29c5b.dir/CheckIncludeFile.c.o
/usr/bin/cc     -o CMakeFiles/cmTC_29c5b.dir/CheckIncludeFile.c.o   -c /opt/CMakeFiles/CMakeTmp/CheckIncludeFile.c
Linking C executable cmTC_29c5b
/usr/bin/cmake -E cmake_link_script CMakeFiles/cmTC_29c5b.dir/link.txt --verbose=1
/usr/bin/cc       CMakeFiles/cmTC_29c5b.dir/CheckIncludeFile.c.o  -o cmTC_29c5b -rdynamic 
make[1]: Leaving directory '/opt/CMakeFiles/CMakeTmp'


Determining if the function pthread_create exists in the pthread passed with the following output:
Change Dir: /opt/CMakeFiles/CMakeTmp

Run Build Command:"/usr/bin/make" "cmTC_49609/fast"
/usr/bin/make -f CMakeFiles/cmTC_49609.dir/build.make CMakeFiles/cmTC_49609.dir/build
make[1]: Entering directory '/opt/CMakeFiles/CMakeTmp'
Building C object CMakeFiles/cmTC_49609.dir/CheckFunctionExists.c.o
/usr/bin/cc    -DCHECK_FUNCTION_EXISTS=pthread_create   -o CMakeFiles/cmTC_49609.dir/CheckFunctionExists.c.o   -c /usr/share/cmake-3.7/Modules/CheckFunctionExists.c
Linking C executable cmTC_49609
/usr/bin/cmake -E cmake_link_script CMakeFiles/cmTC_49609.dir/link.txt --verbose=1
/usr/bin/cc   -DCHECK_FUNCTION_EXISTS=pthread_create    CMakeFiles/cmTC_49609.dir/CheckFunctionExists.c.o  -o cmTC_49609 -rdynamic -lpthread 
make[1]: Leaving directory '/opt/CMakeFiles/CMakeTmp'


Determining if the include file pthread.h exists passed with the following output:
Change Dir: /opt/CMakeFiles/CMakeTmp

Run Build Command:"/usr/bin/make" "cmTC_d498e/fast"
/usr/bin/make -f CMakeFiles/cmTC_d498e.dir/build.make CMakeFiles/cmTC_d498e.dir/build
make[1]: Entering directory '/opt/CMakeFiles/CMakeTmp'
Building C object CMakeFiles/cmTC_d498e.dir/CheckIncludeFile.c.o
/usr/bin/cc     -o CMakeFiles/cmTC_d498e.dir/CheckIncludeFile.c.o   -c /opt/CMakeFiles/CMakeTmp/CheckIncludeFile.c
Linking C executable cmTC_d498e
/usr/bin/cmake -E cmake_link_script CMakeFiles/cmTC_d498e.dir/link.txt --verbose=1
/usr/bin/cc       CMakeFiles/cmTC_d498e.dir/CheckIncludeFile.c.o  -o cmTC_d498e -rdynamic 
make[1]: Leaving directory '/opt/CMakeFiles/CMakeTmp'


Determining if the function pthread_create exists in the pthread passed with the following output:
Change Dir: /opt/CMakeFiles/CMakeTmp

Run Build Command:"/usr/bin/make" "cmTC_2b682/fast"
/usr/bin/make -f CMakeFiles/cmTC_2b682.dir/build.make CMakeFiles/cmTC_2b682.dir/build
make[1]: Entering directory '/opt/CMakeFiles/CMakeTmp'
Building C object CMakeFiles/cmTC_2b682.dir/CheckFunctionExists.c.o
/usr/bin/cc    -DCHECK_FUNCTION_EXISTS=pthread_create   -o CMakeFiles/cmTC_2b682.dir/CheckFunctionExists.c.o   -c /usr/share/cmake-3.7/Modules/CheckFunctionExists.c
Linking C executable cmTC_2b682
/usr/bin/cmake -E cmake_link_script CMakeFiles/cmTC_2b682.dir/link.txt --verbose=1
/usr/bin/cc   -DCHECK_FUNCTION_EXISTS=pthread_create    CMakeFiles/cmTC_2b682.dir/CheckFunctionExists.c.o  -o cmTC_2b682 -rdynamic -lpthread 
make[1]: Leaving directory '/opt/CMakeFiles/CMakeTmp'


Determining if the include file pthread.h exists passed with the following output:
Change Dir: /opt/CMakeFiles/CMakeTmp

Run Build Command:"/usr/bin/make" "cmTC_8960c/fast"
/usr/bin/make -f CMakeFiles/cmTC_8960c.dir/build.make CMakeFiles/cmTC_8960c.dir/build
make[1]: Entering directory '/opt/CMakeFiles/CMakeTmp'
Building C object CMakeFiles/cmTC_8960c.dir/CheckIncludeFile.c.o
/usr/bin/cc     -o CMakeFiles/cmTC_8960c.dir/CheckIncludeFile.c.o   -c /opt/CMakeFiles/CMakeTmp/CheckIncludeFile.c
Linking C executable cmTC_8960c
/usr/bin/cmake -E cmake_link_script CMakeFiles/cmTC_8960c.dir/link.txt --verbose=1
/usr/bin/cc       CMakeFiles/cmTC_8960c.dir/CheckIncludeFile.c.o  -o cmTC_8960c -rdynamic 
make[1]: Leaving directory '/opt/CMakeFiles/CMakeTmp'


Determining if the function pthread_create exists in the pthread passed with the following output:
Change Dir: /opt/CMakeFiles/CMakeTmp

Run Build Command:"/usr/bin/make" "cmTC_52b38/fast"
/usr/bin/make -f CMakeFiles/cmTC_52b38.dir/build.make CMakeFiles/cmTC_52b38.dir/build
make[1]: Entering directory '/opt/CMakeFiles/CMakeTmp'
Building C object CMakeFiles/cmTC_52b38.dir/CheckFunctionExists.c.o
/usr/bin/cc    -DCHECK_FUNCTION_EXISTS=pthread_create   -o CMakeFiles/cmTC_52b38.dir/CheckFunctionExists.c.o   -c /usr/share/cmake-3.7/Modules/CheckFunctionExists.c
Linking C executable cmTC_52b38
/usr/bin/cmake -E cmake_link_script CMakeFiles/cmTC_52b38.dir/link.txt --verbose=1
/usr/bin/cc   -DCHECK_FUNCTION_EXISTS=pthread_create    CMakeFiles/cmTC_52b38.dir/CheckFunctionExists.c.o  -o cmTC_52b38 -rdynamic -lpthread 
make[1]: Leaving directory '/opt/CMakeFiles/CMakeTmp'


Determining if the include file pthread.h exists passed with the following output:
Change Dir: /opt/CMakeFiles/CMakeTmp

Run Build Command:"/usr/bin/make" "cmTC_5c44a/fast"
/usr/bin/make -f CMakeFiles/cmTC_5c44a.dir/build.make CMakeFiles/cmTC_5c44a.dir/build
make[1]: Entering directory '/opt/CMakeFiles/CMakeTmp'
Building C object CMakeFiles/cmTC_5c44a.dir/CheckIncludeFile.c.o
/usr/bin/cc     -o CMakeFiles/cmTC_5c44a.dir/CheckIncludeFile.c.o   -c /opt/CMakeFiles/CMakeTmp/CheckIncludeFile.c
Linking C executable cmTC_5c44a
/usr/bin/cmake -E cmake_link_script CMakeFiles/cmTC_5c44a.dir/link.txt --verbose=1
/usr/bin/cc       CMakeFiles/cmTC_5c44a.dir/CheckIncludeFile.c.o  -o cmTC_5c44a -rdynamic 
make[1]: Leaving directory '/opt/CMakeFiles/CMakeTmp'


Determining if the function pthread_create exists in the pthread passed with the following output:
Change Dir: /opt/CMakeFiles/CMakeTmp

Run Build Command:"/usr/bin/make" "cmTC_9b12b/fast"
/usr/bin/make -f CMakeFiles/cmTC_9b12b.dir/build.make CMakeFiles/cmTC_9b12b.dir/build
make[1]: Entering directory '/opt/CMakeFiles/CMakeTmp'
Building C object CMakeFiles/cmTC_9b12b.dir/CheckFunctionExists.c.o
/usr/bin/cc    -DCHECK_FUNCTION_EXISTS=pthread_create   -o CMakeFiles/cmTC_9b12b.dir/CheckFunctionExists.c.o   -c /usr/share/cmake-3.7/Modules/CheckFunctionExists.c
Linking C executable cmTC_9b12b
/usr/bin/cmake -E cmake_link_script CMakeFiles/cmTC_9b12b.dir/link.txt --verbose=1
/usr/bin/cc   -DCHECK_FUNCTION_EXISTS=pthread_create    CMakeFiles/cmTC_9b12b.dir/CheckFunctionExists.c.o  -o cmTC_9b12b -rdynamic -lpthread 
make[1]: Leaving directory '/opt/CMakeFiles/CMakeTmp'


Determining if the include file pthread.h exists passed with the following output:
Change Dir: /opt/CMakeFiles/CMakeTmp

Run Build Command:"/usr/bin/make" "cmTC_9c99a/fast"
/usr/bin/make -f CMakeFiles/cmTC_9c99a.dir/build.make CMakeFiles/cmTC_9c99a.dir/build
make[1]: Entering directory '/opt/CMakeFiles/CMakeTmp'
Building C object CMakeFiles/cmTC_9c99a.dir/CheckIncludeFile.c.o
/usr/bin/cc     -o CMakeFiles/cmTC_9c99a.dir/CheckIncludeFile.c.o   -c /opt/CMakeFiles/CMakeTmp/CheckIncludeFile.c
Linking C executable cmTC_9c99a
/usr/bin/cmake -E cmake_link_script CMakeFiles/cmTC_9c99a.dir/link.txt --verbose=1
/usr/bin/cc       CMakeFiles/cmTC_9c99a.dir/CheckIncludeFile.c.o  -o cmTC_9c99a -rdynamic 
make[1]: Leaving directory '/opt/CMakeFiles/CMakeTmp'


Determining if the function pthread_create exists in the pthread passed with the following output:
Change Dir: /opt/CMakeFiles/CMakeTmp

Run Build Command:"/usr/bin/make" "cmTC_f38bc/fast"
/usr/bin/make -f CMakeFiles/cmTC_f38bc.dir/build.make CMakeFiles/cmTC_f38bc.dir/build
make[1]: Entering directory '/opt/CMakeFiles/CMakeTmp'
Building C object CMakeFiles/cmTC_f38bc.dir/CheckFunctionExists.c.o
/usr/bin/cc    -DCHECK_FUNCTION_EXISTS=pthread_create   -o CMakeFiles/cmTC_f38bc.dir/CheckFunctionExists.c.o   -c /usr/share/cmake-3.7/Modules/CheckFunctionExists.c
Linking C executable cmTC_f38bc
/usr/bin/cmake -E cmake_link_script CMakeFiles/cmTC_f38bc.dir/link.txt --verbose=1
/usr/bin/cc   -DCHECK_FUNCTION_EXISTS=pthread_create    CMakeFiles/cmTC_f38bc.dir/CheckFunctionExists.c.o  -o cmTC_f38bc -rdynamic -lpthread 
make[1]: Leaving directory '/opt/CMakeFiles/CMakeTmp'


Determining if the include file pthread.h exists passed with the following output:
Change Dir: /opt/CMakeFiles/CMakeTmp

Run Build Command:"/usr/bin/make" "cmTC_2dd18/fast"
/usr/bin/make -f CMakeFiles/cmTC_2dd18.dir/build.make CMakeFiles/cmTC_2dd18.dir/build
make[1]: Entering directory '/opt/CMakeFiles/CMakeTmp'
Building C object CMakeFiles/cmTC_2dd18.dir/CheckIncludeFile.c.o
/usr/bin/cc     -o CMakeFiles/cmTC_2dd18.dir/CheckIncludeFile.c.o   -c /opt/CMakeFiles/CMakeTmp/CheckIncludeFile.c
Linking C executable cmTC_2dd18
/usr/bin/cmake -E cmake_link_script CMakeFiles/cmTC_2dd18.dir/link.txt --verbose=1
/usr/bin/cc       CMakeFiles/cmTC_2dd18.dir/CheckIncludeFile.c.o  -o cmTC_2dd18 -rdynamic 
make[1]: Leaving directory '/opt/CMakeFiles/CMakeTmp'


Determining if the function pthread_create exists in the pthread passed with the following output:
Change Dir: /opt/CMakeFiles/CMakeTmp

Run Build Command:"/usr/bin/make" "cmTC_16513/fast"
/usr/bin/make -f CMakeFiles/cmTC_16513.dir/build.make CMakeFiles/cmTC_16513.dir/build
make[1]: Entering directory '/opt/CMakeFiles/CMakeTmp'
Building C object CMakeFiles/cmTC_16513.dir/CheckFunctionExists.c.o
/usr/bin/cc    -DCHECK_FUNCTION_EXISTS=pthread_create   -o CMakeFiles/cmTC_16513.dir/CheckFunctionExists.c.o   -c /usr/share/cmake-3.7/Modules/CheckFunctionExists.c
Linking C executable cmTC_16513
/usr/bin/cmake -E cmake_link_script CMakeFiles/cmTC_16513.dir/link.txt --verbose=1
/usr/bin/cc   -DCHECK_FUNCTION_EXISTS=pthread_create    CMakeFiles/cmTC_16513.dir/CheckFunctionExists.c.o  -o cmTC_16513 -rdynamic -lpthread 
make[1]: Leaving directory '/opt/CMakeFiles/CMakeTmp'


Determining if the include file pthread.h exists passed with the following output:
Change Dir: /opt/CMakeFiles/CMakeTmp

Run Build Command:"/usr/bin/make" "cmTC_46aea/fast"
/usr/bin/make -f CMakeFiles/cmTC_46aea.dir/build.make CMakeFiles/cmTC_46aea.dir/build
make[1]: Entering directory '/opt/CMakeFiles/CMakeTmp'
Building C object CMakeFiles/cmTC_46aea.dir/CheckIncludeFile.c.o
/usr/bin/cc     -o CMakeFiles/cmTC_46aea.dir/CheckIncludeFile.c.o   -c /opt/CMakeFiles/CMakeTmp/CheckIncludeFile.c
Linking C executable cmTC_46aea
/usr/bin/cmake -E cmake_link_script CMakeFiles/cmTC_46aea.dir/link.txt --verbose=1
/usr/bin/cc       CMakeFiles/cmTC_46aea.dir/CheckIncludeFile.c.o  -o cmTC_46aea -rdynamic 
make[1]: Leaving directory '/opt/CMakeFiles/CMakeTmp'


Determining if the function pthread_create exists in the pthread passed with the following output:
Change Dir: /opt/CMakeFiles/CMakeTmp

Run Build Command:"/usr/bin/make" "cmTC_a30e2/fast"
/usr/bin/make -f CMakeFiles/cmTC_a30e2.dir/build.make CMakeFiles/cmTC_a30e2.dir/build
make[1]: Entering directory '/opt/CMakeFiles/CMakeTmp'
Building C object CMakeFiles/cmTC_a30e2.dir/CheckFunctionExists.c.o
/usr/bin/cc    -DCHECK_FUNCTION_EXISTS=pthread_create   -o CMakeFiles/cmTC_a30e2.dir/CheckFunctionExists.c.o   -c /usr/share/cmake-3.7/Modules/CheckFunctionExists.c
Linking C executable cmTC_a30e2
/usr/bin/cmake -E cmake_link_script CMakeFiles/cmTC_a30e2.dir/link.txt --verbose=1
/usr/bin/cc   -DCHECK_FUNCTION_EXISTS=pthread_create    CMakeFiles/cmTC_a30e2.dir/CheckFunctionExists.c.o  -o cmTC_a30e2 -rdynamic -lpthread 
make[1]: Leaving directory '/opt/CMakeFiles/CMakeTmp'


Determining if the include file pthread.h exists passed with the following output:
Change Dir: /opt/CMakeFiles/CMakeTmp

Run Build Command:"/usr/bin/make" "cmTC_f0159/fast"
/usr/bin/make -f CMakeFiles/cmTC_f0159.dir/build.make CMakeFiles/cmTC_f0159.dir/build
make[1]: Entering directory '/opt/CMakeFiles/CMakeTmp'
Building C object CMakeFiles/cmTC_f0159.dir/CheckIncludeFile.c.o
/usr/bin/cc     -o CMakeFiles/cmTC_f0159.dir/CheckIncludeFile.c.o   -c /opt/CMakeFiles/CMakeTmp/CheckIncludeFile.c
Linking C executable cmTC_f0159
/usr/bin/cmake -E cmake_link_script CMakeFiles/cmTC_f0159.dir/link.txt --verbose=1
/usr/bin/cc       CMakeFiles/cmTC_f0159.dir/CheckIncludeFile.c.o  -o cmTC_f0159 -rdynamic 
make[1]: Leaving directory '/opt/CMakeFiles/CMakeTmp'


Determining if the function pthread_create exists in the pthread passed with the following output:
Change Dir: /opt/CMakeFiles/CMakeTmp

Run Build Command:"/usr/bin/make" "cmTC_28760/fast"
/usr/bin/make -f CMakeFiles/cmTC_28760.dir/build.make CMakeFiles/cmTC_28760.dir/build
make[1]: Entering directory '/opt/CMakeFiles/CMakeTmp'
Building C object CMakeFiles/cmTC_28760.dir/CheckFunctionExists.c.o
/usr/bin/cc    -DCHECK_FUNCTION_EXISTS=pthread_create   -o CMakeFiles/cmTC_28760.dir/CheckFunctionExists.c.o   -c /usr/share/cmake-3.7/Modules/CheckFunctionExists.c
Linking C executable cmTC_28760
/usr/bin/cmake -E cmake_link_script CMakeFiles/cmTC_28760.dir/link.txt --verbose=1
/usr/bin/cc   -DCHECK_FUNCTION_EXISTS=pthread_create    CMakeFiles/cmTC_28760.dir/CheckFunctionExists.c.o  -o cmTC_28760 -rdynamic -lpthread 
make[1]: Leaving directory '/opt/CMakeFiles/CMakeTmp'


Determining if the include file pthread.h exists passed with the following output:
Change Dir: /opt/CMakeFiles/CMakeTmp

Run Build Command:"/usr/bin/make" "cmTC_a1f4d/fast"
/usr/bin/make -f CMakeFiles/cmTC_a1f4d.dir/build.make CMakeFiles/cmTC_a1f4d.dir/build
make[1]: Entering directory '/opt/CMakeFiles/CMakeTmp'
Building C object CMakeFiles/cmTC_a1f4d.dir/CheckIncludeFile.c.o
/usr/bin/cc     -o CMakeFiles/cmTC_a1f4d.dir/CheckIncludeFile.c.o   -c /opt/CMakeFiles/CMakeTmp/CheckIncludeFile.c
Linking C executable cmTC_a1f4d
/usr/bin/cmake -E cmake_link_script CMakeFiles/cmTC_a1f4d.dir/link.txt --verbose=1
/usr/bin/cc       CMakeFiles/cmTC_a1f4d.dir/CheckIncludeFile.c.o  -o cmTC_a1f4d -rdynamic 
make[1]: Leaving directory '/opt/CMakeFiles/CMakeTmp'


Determining if the function pthread_create exists in the pthread passed with the following output:
Change Dir: /opt/CMakeFiles/CMakeTmp

Run Build Command:"/usr/bin/make" "cmTC_22168/fast"
/usr/bin/make -f CMakeFiles/cmTC_22168.dir/build.make CMakeFiles/cmTC_22168.dir/build
make[1]: Entering directory '/opt/CMakeFiles/CMakeTmp'
Building C object CMakeFiles/cmTC_22168.dir/CheckFunctionExists.c.o
/usr/bin/cc    -DCHECK_FUNCTION_EXISTS=pthread_create   -o CMakeFiles/cmTC_22168.dir/CheckFunctionExists.c.o   -c /usr/share/cmake-3.7/Modules/CheckFunctionExists.c
Linking C executable cmTC_22168
/usr/bin/cmake -E cmake_link_script CMakeFiles/cmTC_22168.dir/link.txt --verbose=1
/usr/bin/cc   -DCHECK_FUNCTION_EXISTS=pthread_create    CMakeFiles/cmTC_22168.dir/CheckFunctionExists.c.o  -o cmTC_22168 -rdynamic -lpthread 
make[1]: Leaving directory '/opt/CMakeFiles/CMakeTmp'


Determining if the include file pthread.h exists passed with the following output:
Change Dir: /opt/CMakeFiles/CMakeTmp

Run Build Command:"/usr/bin/make" "cmTC_a7ec8/fast"
/usr/bin/make -f CMakeFiles/cmTC_a7ec8.dir/build.make CMakeFiles/cmTC_a7ec8.dir/build
make[1]: Entering directory '/opt/CMakeFiles/CMakeTmp'
Building C object CMakeFiles/cmTC_a7ec8.dir/CheckIncludeFile.c.o
/usr/bin/cc     -o CMakeFiles/cmTC_a7ec8.dir/CheckIncludeFile.c.o   -c /opt/CMakeFiles/CMakeTmp/CheckIncludeFile.c
Linking C executable cmTC_a7ec8
/usr/bin/cmake -E cmake_link_script CMakeFiles/cmTC_a7ec8.dir/link.txt --verbose=1
/usr/bin/cc       CMakeFiles/cmTC_a7ec8.dir/CheckIncludeFile.c.o  -o cmTC_a7ec8 -rdynamic 
make[1]: Leaving directory '/opt/CMakeFiles/CMakeTmp'


Determining if the function pthread_create exists in the pthread passed with the following output:
Change Dir: /opt/CMakeFiles/CMakeTmp

Run Build Command:"/usr/bin/make" "cmTC_ee501/fast"
/usr/bin/make -f CMakeFiles/cmTC_ee501.dir/build.make CMakeFiles/cmTC_ee501.dir/build
make[1]: Entering directory '/opt/CMakeFiles/CMakeTmp'
Building C object CMakeFiles/cmTC_ee501.dir/CheckFunctionExists.c.o
/usr/bin/cc    -DCHECK_FUNCTION_EXISTS=pthread_create   -o CMakeFiles/cmTC_ee501.dir/CheckFunctionExists.c.o   -c /usr/share/cmake-3.7/Modules/CheckFunctionExists.c
Linking C executable cmTC_ee501
/usr/bin/cmake -E cmake_link_script CMakeFiles/cmTC_ee501.dir/link.txt --verbose=1
/usr/bin/cc   -DCHECK_FUNCTION_EXISTS=pthread_create    CMakeFiles/cmTC_ee501.dir/CheckFunctionExists.c.o  -o cmTC_ee501 -rdynamic -lpthread 
make[1]: Leaving directory '/opt/CMakeFiles/CMakeTmp'


Determining if the include file pthread.h exists passed with the following output:
Change Dir: /opt/CMakeFiles/CMakeTmp

Run Build Command:"/usr/bin/make" "cmTC_a587c/fast"
/usr/bin/make -f CMakeFiles/cmTC_a587c.dir/build.make CMakeFiles/cmTC_a587c.dir/build
make[1]: Entering directory '/opt/CMakeFiles/CMakeTmp'
Building C object CMakeFiles/cmTC_a587c.dir/CheckIncludeFile.c.o
/usr/bin/cc     -o CMakeFiles/cmTC_a587c.dir/CheckIncludeFile.c.o   -c /opt/CMakeFiles/CMakeTmp/CheckIncludeFile.c
Linking C executable cmTC_a587c
/usr/bin/cmake -E cmake_link_script CMakeFiles/cmTC_a587c.dir/link.txt --verbose=1
/usr/bin/cc       CMakeFiles/cmTC_a587c.dir/CheckIncludeFile.c.o  -o cmTC_a587c -rdynamic 
make[1]: Leaving directory '/opt/CMakeFiles/CMakeTmp'


Determining if the function pthread_create exists in the pthread passed with the following output:
Change Dir: /opt/CMakeFiles/CMakeTmp

Run Build Command:"/usr/bin/make" "cmTC_fd324/fast"
/usr/bin/make -f CMakeFiles/cmTC_fd324.dir/build.make CMakeFiles/cmTC_fd324.dir/build
make[1]: Entering directory '/opt/CMakeFiles/CMakeTmp'
Building C object CMakeFiles/cmTC_fd324.dir/CheckFunctionExists.c.o
/usr/bin/cc    -DCHECK_FUNCTION_EXISTS=pthread_create   -o CMakeFiles/cmTC_fd324.dir/CheckFunctionExists.c.o   -c /usr/share/cmake-3.7/Modules/CheckFunctionExists.c
Linking C executable cmTC_fd324
/usr/bin/cmake -E cmake_link_script CMakeFiles/cmTC_fd324.dir/link.txt --verbose=1
/usr/bin/cc   -DCHECK_FUNCTION_EXISTS=pthread_create    CMakeFiles/cmTC_fd324.dir/CheckFunctionExists.c.o  -o cmTC_fd324 -rdynamic -lpthread 
make[1]: Leaving directory '/opt/CMakeFiles/CMakeTmp'


Determining if the include file pthread.h exists passed with the following output:
Change Dir: /opt/CMakeFiles/CMakeTmp

Run Build Command:"/usr/bin/make" "cmTC_b7f0e/fast"
/usr/bin/make -f CMakeFiles/cmTC_b7f0e.dir/build.make CMakeFiles/cmTC_b7f0e.dir/build
make[1]: Entering directory '/opt/CMakeFiles/CMakeTmp'
Building C object CMakeFiles/cmTC_b7f0e.dir/CheckIncludeFile.c.o
/usr/bin/cc     -o CMakeFiles/cmTC_b7f0e.dir/CheckIncludeFile.c.o   -c /opt/CMakeFiles/CMakeTmp/CheckIncludeFile.c
Linking C executable cmTC_b7f0e
/usr/bin/cmake -E cmake_link_script CMakeFiles/cmTC_b7f0e.dir/link.txt --verbose=1
/usr/bin/cc       CMakeFiles/cmTC_b7f0e.dir/CheckIncludeFile.c.o  -o cmTC_b7f0e -rdynamic 
make[1]: Leaving directory '/opt/CMakeFiles/CMakeTmp'


Determining if the function pthread_create exists in the pthread passed with the following output:
Change Dir: /opt/CMakeFiles/CMakeTmp

Run Build Command:"/usr/bin/make" "cmTC_9968e/fast"
/usr/bin/make -f CMakeFiles/cmTC_9968e.dir/build.make CMakeFiles/cmTC_9968e.dir/build
make[1]: Entering directory '/opt/CMakeFiles/CMakeTmp'
Building C object CMakeFiles/cmTC_9968e.dir/CheckFunctionExists.c.o
/usr/bin/cc    -DCHECK_FUNCTION_EXISTS=pthread_create   -o CMakeFiles/cmTC_9968e.dir/CheckFunctionExists.c.o   -c /usr/share/cmake-3.7/Modules/CheckFunctionExists.c
Linking C executable cmTC_9968e
/usr/bin/cmake -E cmake_link_script CMakeFiles/cmTC_9968e.dir/link.txt --verbose=1
/usr/bin/cc   -DCHECK_FUNCTION_EXISTS=pthread_create    CMakeFiles/cmTC_9968e.dir/CheckFunctionExists.c.o  -o cmTC_9968e -rdynamic -lpthread 
make[1]: Leaving directory '/opt/CMakeFiles/CMakeTmp'


Determining if the include file pthread.h exists passed with the following output:
Change Dir: /opt/CMakeFiles/CMakeTmp

Run Build Command:"/usr/bin/make" "cmTC_dce82/fast"
/usr/bin/make -f CMakeFiles/cmTC_dce82.dir/build.make CMakeFiles/cmTC_dce82.dir/build
make[1]: Entering directory '/opt/CMakeFiles/CMakeTmp'
Building C object CMakeFiles/cmTC_dce82.dir/CheckIncludeFile.c.o
/usr/bin/cc     -o CMakeFiles/cmTC_dce82.dir/CheckIncludeFile.c.o   -c /opt/CMakeFiles/CMakeTmp/CheckIncludeFile.c
Linking C executable cmTC_dce82
/usr/bin/cmake -E cmake_link_script CMakeFiles/cmTC_dce82.dir/link.txt --verbose=1
/usr/bin/cc       CMakeFiles/cmTC_dce82.dir/CheckIncludeFile.c.o  -o cmTC_dce82 -rdynamic 
make[1]: Leaving directory '/opt/CMakeFiles/CMakeTmp'


Determining if the function pthread_create exists in the pthread passed with the following output:
Change Dir: /opt/CMakeFiles/CMakeTmp

Run Build Command:"/usr/bin/make" "cmTC_12b20/fast"
/usr/bin/make -f CMakeFiles/cmTC_12b20.dir/build.make CMakeFiles/cmTC_12b20.dir/build
make[1]: Entering directory '/opt/CMakeFiles/CMakeTmp'
Building C object CMakeFiles/cmTC_12b20.dir/CheckFunctionExists.c.o
/usr/bin/cc    -DCHECK_FUNCTION_EXISTS=pthread_create   -o CMakeFiles/cmTC_12b20.dir/CheckFunctionExists.c.o   -c /usr/share/cmake-3.7/Modules/CheckFunctionExists.c
Linking C executable cmTC_12b20
/usr/bin/cmake -E cmake_link_script CMakeFiles/cmTC_12b20.dir/link.txt --verbose=1
/usr/bin/cc   -DCHECK_FUNCTION_EXISTS=pthread_create    CMakeFiles/cmTC_12b20.dir/CheckFunctionExists.c.o  -o cmTC_12b20 -rdynamic -lpthread 
make[1]: Leaving directory '/opt/CMakeFiles/CMakeTmp'


Determining if the include file pthread.h exists passed with the following output:
Change Dir: /opt/CMakeFiles/CMakeTmp

Run Build Command:"/usr/bin/make" "cmTC_a469a/fast"
/usr/bin/make -f CMakeFiles/cmTC_a469a.dir/build.make CMakeFiles/cmTC_a469a.dir/build
make[1]: Entering directory '/opt/CMakeFiles/CMakeTmp'
Building C object CMakeFiles/cmTC_a469a.dir/CheckIncludeFile.c.o
/usr/bin/cc     -o CMakeFiles/cmTC_a469a.dir/CheckIncludeFile.c.o   -c /opt/CMakeFiles/CMakeTmp/CheckIncludeFile.c
Linking C executable cmTC_a469a
/usr/bin/cmake -E cmake_link_script CMakeFiles/cmTC_a469a.dir/link.txt --verbose=1
/usr/bin/cc       CMakeFiles/cmTC_a469a.dir/CheckIncludeFile.c.o  -o cmTC_a469a -rdynamic 
make[1]: Leaving directory '/opt/CMakeFiles/CMakeTmp'


Determining if the function pthread_create exists in the pthread passed with the following output:
Change Dir: /opt/CMakeFiles/CMakeTmp

Run Build Command:"/usr/bin/make" "cmTC_0164e/fast"
/usr/bin/make -f CMakeFiles/cmTC_0164e.dir/build.make CMakeFiles/cmTC_0164e.dir/build
make[1]: Entering directory '/opt/CMakeFiles/CMakeTmp'
Building C object CMakeFiles/cmTC_0164e.dir/CheckFunctionExists.c.o
/usr/bin/cc    -DCHECK_FUNCTION_EXISTS=pthread_create   -o CMakeFiles/cmTC_0164e.dir/CheckFunctionExists.c.o   -c /usr/share/cmake-3.7/Modules/CheckFunctionExists.c
Linking C executable cmTC_0164e
/usr/bin/cmake -E cmake_link_script CMakeFiles/cmTC_0164e.dir/link.txt --verbose=1
/usr/bin/cc   -DCHECK_FUNCTION_EXISTS=pthread_create    CMakeFiles/cmTC_0164e.dir/CheckFunctionExists.c.o  -o cmTC_0164e -rdynamic -lpthread 
make[1]: Leaving directory '/opt/CMakeFiles/CMakeTmp'


Determining if the include file pthread.h exists passed with the following output:
Change Dir: /opt/CMakeFiles/CMakeTmp

Run Build Command:"/usr/bin/make" "cmTC_6343e/fast"
/usr/bin/make -f CMakeFiles/cmTC_6343e.dir/build.make CMakeFiles/cmTC_6343e.dir/build
make[1]: Entering directory '/opt/CMakeFiles/CMakeTmp'
Building C object CMakeFiles/cmTC_6343e.dir/CheckIncludeFile.c.o
/usr/bin/cc     -o CMakeFiles/cmTC_6343e.dir/CheckIncludeFile.c.o   -c /opt/CMakeFiles/CMakeTmp/CheckIncludeFile.c
Linking C executable cmTC_6343e
/usr/bin/cmake -E cmake_link_script CMakeFiles/cmTC_6343e.dir/link.txt --verbose=1
/usr/bin/cc       CMakeFiles/cmTC_6343e.dir/CheckIncludeFile.c.o  -o cmTC_6343e -rdynamic 
make[1]: Leaving directory '/opt/CMakeFiles/CMakeTmp'


Determining if the function pthread_create exists in the pthread passed with the following output:
Change Dir: /opt/CMakeFiles/CMakeTmp

Run Build Command:"/usr/bin/make" "cmTC_63ac9/fast"
/usr/bin/make -f CMakeFiles/cmTC_63ac9.dir/build.make CMakeFiles/cmTC_63ac9.dir/build
make[1]: Entering directory '/opt/CMakeFiles/CMakeTmp'
Building C object CMakeFiles/cmTC_63ac9.dir/CheckFunctionExists.c.o
/usr/bin/cc    -DCHECK_FUNCTION_EXISTS=pthread_create   -o CMakeFiles/cmTC_63ac9.dir/CheckFunctionExists.c.o   -c /usr/share/cmake-3.7/Modules/CheckFunctionExists.c
Linking C executable cmTC_63ac9
/usr/bin/cmake -E cmake_link_script CMakeFiles/cmTC_63ac9.dir/link.txt --verbose=1
/usr/bin/cc   -DCHECK_FUNCTION_EXISTS=pthread_create    CMakeFiles/cmTC_63ac9.dir/CheckFunctionExists.c.o  -o cmTC_63ac9 -rdynamic -lpthread 
make[1]: Leaving directory '/opt/CMakeFiles/CMakeTmp'


Determining if the include file pthread.h exists passed with the following output:
Change Dir: /opt/CMakeFiles/CMakeTmp

Run Build Command:"/usr/bin/make" "cmTC_8140b/fast"
/usr/bin/make -f CMakeFiles/cmTC_8140b.dir/build.make CMakeFiles/cmTC_8140b.dir/build
make[1]: Entering directory '/opt/CMakeFiles/CMakeTmp'
Building C object CMakeFiles/cmTC_8140b.dir/CheckIncludeFile.c.o
/usr/bin/cc     -o CMakeFiles/cmTC_8140b.dir/CheckIncludeFile.c.o   -c /opt/CMakeFiles/CMakeTmp/CheckIncludeFile.c
Linking C executable cmTC_8140b
/usr/bin/cmake -E cmake_link_script CMakeFiles/cmTC_8140b.dir/link.txt --verbose=1
/usr/bin/cc       CMakeFiles/cmTC_8140b.dir/CheckIncludeFile.c.o  -o cmTC_8140b -rdynamic 
make[1]: Leaving directory '/opt/CMakeFiles/CMakeTmp'


Determining if the function pthread_create exists in the pthread passed with the following output:
Change Dir: /opt/CMakeFiles/CMakeTmp

Run Build Command:"/usr/bin/make" "cmTC_06263/fast"
/usr/bin/make -f CMakeFiles/cmTC_06263.dir/build.make CMakeFiles/cmTC_06263.dir/build
make[1]: Entering directory '/opt/CMakeFiles/CMakeTmp'
Building C object CMakeFiles/cmTC_06263.dir/CheckFunctionExists.c.o
/usr/bin/cc    -DCHECK_FUNCTION_EXISTS=pthread_create   -o CMakeFiles/cmTC_06263.dir/CheckFunctionExists.c.o   -c /usr/share/cmake-3.7/Modules/CheckFunctionExists.c
Linking C executable cmTC_06263
/usr/bin/cmake -E cmake_link_script CMakeFiles/cmTC_06263.dir/link.txt --verbose=1
/usr/bin/cc   -DCHECK_FUNCTION_EXISTS=pthread_create    CMakeFiles/cmTC_06263.dir/CheckFunctionExists.c.o  -o cmTC_06263 -rdynamic -lpthread 
make[1]: Leaving directory '/opt/CMakeFiles/CMakeTmp'


Determining if the include file pthread.h exists passed with the following output:
Change Dir: /opt/CMakeFiles/CMakeTmp

Run Build Command:"/usr/bin/make" "cmTC_da777/fast"
/usr/bin/make -f CMakeFiles/cmTC_da777.dir/build.make CMakeFiles/cmTC_da777.dir/build
make[1]: Entering directory '/opt/CMakeFiles/CMakeTmp'
Building C object CMakeFiles/cmTC_da777.dir/CheckIncludeFile.c.o
/usr/bin/cc     -o CMakeFiles/cmTC_da777.dir/CheckIncludeFile.c.o   -c /opt/CMakeFiles/CMakeTmp/CheckIncludeFile.c
Linking C executable cmTC_da777
/usr/bin/cmake -E cmake_link_script CMakeFiles/cmTC_da777.dir/link.txt --verbose=1
/usr/bin/cc       CMakeFiles/cmTC_da777.dir/CheckIncludeFile.c.o  -o cmTC_da777 -rdynamic 
make[1]: Leaving directory '/opt/CMakeFiles/CMakeTmp'


Determining if the function pthread_create exists in the pthread passed with the following output:
Change Dir: /opt/CMakeFiles/CMakeTmp

Run Build Command:"/usr/bin/make" "cmTC_8391e/fast"
/usr/bin/make -f CMakeFiles/cmTC_8391e.dir/build.make CMakeFiles/cmTC_8391e.dir/build
make[1]: Entering directory '/opt/CMakeFiles/CMakeTmp'
Building C object CMakeFiles/cmTC_8391e.dir/CheckFunctionExists.c.o
/usr/bin/cc    -DCHECK_FUNCTION_EXISTS=pthread_create   -o CMakeFiles/cmTC_8391e.dir/CheckFunctionExists.c.o   -c /usr/share/cmake-3.7/Modules/CheckFunctionExists.c
Linking C executable cmTC_8391e
/usr/bin/cmake -E cmake_link_script CMakeFiles/cmTC_8391e.dir/link.txt --verbose=1
/usr/bin/cc   -DCHECK_FUNCTION_EXISTS=pthread_create    CMakeFiles/cmTC_8391e.dir/CheckFunctionExists.c.o  -o cmTC_8391e -rdynamic -lpthread 
make[1]: Leaving directory '/opt/CMakeFiles/CMakeTmp'


Determining if the include file pthread.h exists passed with the following output:
Change Dir: /opt/CMakeFiles/CMakeTmp

Run Build Command:"/usr/bin/make" "cmTC_9fbc2/fast"
/usr/bin/make -f CMakeFiles/cmTC_9fbc2.dir/build.make CMakeFiles/cmTC_9fbc2.dir/build
make[1]: Entering directory '/opt/CMakeFiles/CMakeTmp'
Building C object CMakeFiles/cmTC_9fbc2.dir/CheckIncludeFile.c.o
/usr/bin/cc     -o CMakeFiles/cmTC_9fbc2.dir/CheckIncludeFile.c.o   -c /opt/CMakeFiles/CMakeTmp/CheckIncludeFile.c
Linking C executable cmTC_9fbc2
/usr/bin/cmake -E cmake_link_script CMakeFiles/cmTC_9fbc2.dir/link.txt --verbose=1
/usr/bin/cc       CMakeFiles/cmTC_9fbc2.dir/CheckIncludeFile.c.o  -o cmTC_9fbc2 -rdynamic 
make[1]: Leaving directory '/opt/CMakeFiles/CMakeTmp'


Determining if the function pthread_create exists in the pthread passed with the following output:
Change Dir: /opt/CMakeFiles/CMakeTmp

Run Build Command:"/usr/bin/make" "cmTC_93c44/fast"
/usr/bin/make -f CMakeFiles/cmTC_93c44.dir/build.make CMakeFiles/cmTC_93c44.dir/build
make[1]: Entering directory '/opt/CMakeFiles/CMakeTmp'
Building C object CMakeFiles/cmTC_93c44.dir/CheckFunctionExists.c.o
/usr/bin/cc    -DCHECK_FUNCTION_EXISTS=pthread_create   -o CMakeFiles/cmTC_93c44.dir/CheckFunctionExists.c.o   -c /usr/share/cmake-3.7/Modules/CheckFunctionExists.c
Linking C executable cmTC_93c44
/usr/bin/cmake -E cmake_link_script CMakeFiles/cmTC_93c44.dir/link.txt --verbose=1
/usr/bin/cc   -DCHECK_FUNCTION_EXISTS=pthread_create    CMakeFiles/cmTC_93c44.dir/CheckFunctionExists.c.o  -o cmTC_93c44 -rdynamic -lpthread 
make[1]: Leaving directory '/opt/CMakeFiles/CMakeTmp'


Determining if the include file pthread.h exists passed with the following output:
Change Dir: /opt/CMakeFiles/CMakeTmp

Run Build Command:"/usr/bin/make" "cmTC_8c9c0/fast"
/usr/bin/make -f CMakeFiles/cmTC_8c9c0.dir/build.make CMakeFiles/cmTC_8c9c0.dir/build
make[1]: Entering directory '/opt/CMakeFiles/CMakeTmp'
Building C object CMakeFiles/cmTC_8c9c0.dir/CheckIncludeFile.c.o
/usr/bin/cc     -o CMakeFiles/cmTC_8c9c0.dir/CheckIncludeFile.c.o   -c /opt/CMakeFiles/CMakeTmp/CheckIncludeFile.c
Linking C executable cmTC_8c9c0
/usr/bin/cmake -E cmake_link_script CMakeFiles/cmTC_8c9c0.dir/link.txt --verbose=1
/usr/bin/cc       CMakeFiles/cmTC_8c9c0.dir/CheckIncludeFile.c.o  -o cmTC_8c9c0 -rdynamic 
make[1]: Leaving directory '/opt/CMakeFiles/CMakeTmp'


Determining if the function pthread_create exists in the pthread passed with the following output:
Change Dir: /opt/CMakeFiles/CMakeTmp

Run Build Command:"/usr/bin/make" "cmTC_789b6/fast"
/usr/bin/make -f CMakeFiles/cmTC_789b6.dir/build.make CMakeFiles/cmTC_789b6.dir/build
make[1]: Entering directory '/opt/CMakeFiles/CMakeTmp'
Building C object CMakeFiles/cmTC_789b6.dir/CheckFunctionExists.c.o
/usr/bin/cc    -DCHECK_FUNCTION_EXISTS=pthread_create   -o CMakeFiles/cmTC_789b6.dir/CheckFunctionExists.c.o   -c /usr/share/cmake-3.7/Modules/CheckFunctionExists.c
Linking C executable cmTC_789b6
/usr/bin/cmake -E cmake_link_script CMakeFiles/cmTC_789b6.dir/link.txt --verbose=1
/usr/bin/cc   -DCHECK_FUNCTION_EXISTS=pthread_create    CMakeFiles/cmTC_789b6.dir/CheckFunctionExists.c.o  -o cmTC_789b6 -rdynamic -lpthread 
make[1]: Leaving directory '/opt/CMakeFiles/CMakeTmp'


Determining if the include file pthread.h exists passed with the following output:
Change Dir: /opt/CMakeFiles/CMakeTmp

Run Build Command:"/usr/bin/make" "cmTC_fec4c/fast"
/usr/bin/make -f CMakeFiles/cmTC_fec4c.dir/build.make CMakeFiles/cmTC_fec4c.dir/build
make[1]: Entering directory '/opt/CMakeFiles/CMakeTmp'
Building C object CMakeFiles/cmTC_fec4c.dir/CheckIncludeFile.c.o
/usr/bin/cc     -o CMakeFiles/cmTC_fec4c.dir/CheckIncludeFile.c.o   -c /opt/CMakeFiles/CMakeTmp/CheckIncludeFile.c
Linking C executable cmTC_fec4c
/usr/bin/cmake -E cmake_link_script CMakeFiles/cmTC_fec4c.dir/link.txt --verbose=1
/usr/bin/cc       CMakeFiles/cmTC_fec4c.dir/CheckIncludeFile.c.o  -o cmTC_fec4c -rdynamic 
make[1]: Leaving directory '/opt/CMakeFiles/CMakeTmp'


Determining if the function pthread_create exists in the pthread passed with the following output:
Change Dir: /opt/CMakeFiles/CMakeTmp

Run Build Command:"/usr/bin/make" "cmTC_90e4b/fast"
/usr/bin/make -f CMakeFiles/cmTC_90e4b.dir/build.make CMakeFiles/cmTC_90e4b.dir/build
make[1]: Entering directory '/opt/CMakeFiles/CMakeTmp'
Building C object CMakeFiles/cmTC_90e4b.dir/CheckFunctionExists.c.o
/usr/bin/cc    -DCHECK_FUNCTION_EXISTS=pthread_create   -o CMakeFiles/cmTC_90e4b.dir/CheckFunctionExists.c.o   -c /usr/share/cmake-3.7/Modules/CheckFunctionExists.c
Linking C executable cmTC_90e4b
/usr/bin/cmake -E cmake_link_script CMakeFiles/cmTC_90e4b.dir/link.txt --verbose=1
/usr/bin/cc   -DCHECK_FUNCTION_EXISTS=pthread_create    CMakeFiles/cmTC_90e4b.dir/CheckFunctionExists.c.o  -o cmTC_90e4b -rdynamic -lpthread 
make[1]: Leaving directory '/opt/CMakeFiles/CMakeTmp'


Determining if the include file pthread.h exists passed with the following output:
Change Dir: /opt/CMakeFiles/CMakeTmp

Run Build Command:"/usr/bin/make" "cmTC_96e08/fast"
/usr/bin/make -f CMakeFiles/cmTC_96e08.dir/build.make CMakeFiles/cmTC_96e08.dir/build
make[1]: Entering directory '/opt/CMakeFiles/CMakeTmp'
Building C object CMakeFiles/cmTC_96e08.dir/CheckIncludeFile.c.o
/usr/bin/cc     -o CMakeFiles/cmTC_96e08.dir/CheckIncludeFile.c.o   -c /opt/CMakeFiles/CMakeTmp/CheckIncludeFile.c
Linking C executable cmTC_96e08
/usr/bin/cmake -E cmake_link_script CMakeFiles/cmTC_96e08.dir/link.txt --verbose=1
/usr/bin/cc       CMakeFiles/cmTC_96e08.dir/CheckIncludeFile.c.o  -o cmTC_96e08 -rdynamic 
make[1]: Leaving directory '/opt/CMakeFiles/CMakeTmp'


Determining if the function pthread_create exists in the pthread passed with the following output:
Change Dir: /opt/CMakeFiles/CMakeTmp

Run Build Command:"/usr/bin/make" "cmTC_d1de0/fast"
/usr/bin/make -f CMakeFiles/cmTC_d1de0.dir/build.make CMakeFiles/cmTC_d1de0.dir/build
make[1]: Entering directory '/opt/CMakeFiles/CMakeTmp'
Building C object CMakeFiles/cmTC_d1de0.dir/CheckFunctionExists.c.o
/usr/bin/cc    -DCHECK_FUNCTION_EXISTS=pthread_create   -o CMakeFiles/cmTC_d1de0.dir/CheckFunctionExists.c.o   -c /usr/share/cmake-3.7/Modules/CheckFunctionExists.c
Linking C executable cmTC_d1de0
/usr/bin/cmake -E cmake_link_script CMakeFiles/cmTC_d1de0.dir/link.txt --verbose=1
/usr/bin/cc   -DCHECK_FUNCTION_EXISTS=pthread_create    CMakeFiles/cmTC_d1de0.dir/CheckFunctionExists.c.o  -o cmTC_d1de0 -rdynamic -lpthread 
make[1]: Leaving directory '/opt/CMakeFiles/CMakeTmp'


Determining if the include file pthread.h exists passed with the following output:
Change Dir: /opt/CMakeFiles/CMakeTmp

Run Build Command:"/usr/bin/make" "cmTC_f89a5/fast"
/usr/bin/make -f CMakeFiles/cmTC_f89a5.dir/build.make CMakeFiles/cmTC_f89a5.dir/build
make[1]: Entering directory '/opt/CMakeFiles/CMakeTmp'
Building C object CMakeFiles/cmTC_f89a5.dir/CheckIncludeFile.c.o
/usr/bin/cc     -o CMakeFiles/cmTC_f89a5.dir/CheckIncludeFile.c.o   -c /opt/CMakeFiles/CMakeTmp/CheckIncludeFile.c
Linking C executable cmTC_f89a5
/usr/bin/cmake -E cmake_link_script CMakeFiles/cmTC_f89a5.dir/link.txt --verbose=1
/usr/bin/cc       CMakeFiles/cmTC_f89a5.dir/CheckIncludeFile.c.o  -o cmTC_f89a5 -rdynamic 
make[1]: Leaving directory '/opt/CMakeFiles/CMakeTmp'


Determining if the function pthread_create exists in the pthread passed with the following output:
Change Dir: /opt/CMakeFiles/CMakeTmp

Run Build Command:"/usr/bin/make" "cmTC_f1143/fast"
/usr/bin/make -f CMakeFiles/cmTC_f1143.dir/build.make CMakeFiles/cmTC_f1143.dir/build
make[1]: Entering directory '/opt/CMakeFiles/CMakeTmp'
Building C object CMakeFiles/cmTC_f1143.dir/CheckFunctionExists.c.o
/usr/bin/cc    -DCHECK_FUNCTION_EXISTS=pthread_create   -o CMakeFiles/cmTC_f1143.dir/CheckFunctionExists.c.o   -c /usr/share/cmake-3.7/Modules/CheckFunctionExists.c
Linking C executable cmTC_f1143
/usr/bin/cmake -E cmake_link_script CMakeFiles/cmTC_f1143.dir/link.txt --verbose=1
/usr/bin/cc   -DCHECK_FUNCTION_EXISTS=pthread_create    CMakeFiles/cmTC_f1143.dir/CheckFunctionExists.c.o  -o cmTC_f1143 -rdynamic -lpthread 
make[1]: Leaving directory '/opt/CMakeFiles/CMakeTmp'


Determining if the include file pthread.h exists passed with the following output:
Change Dir: /opt/CMakeFiles/CMakeTmp

Run Build Command:"/usr/bin/make" "cmTC_adaf6/fast"
/usr/bin/make -f CMakeFiles/cmTC_adaf6.dir/build.make CMakeFiles/cmTC_adaf6.dir/build
make[1]: Entering directory '/opt/CMakeFiles/CMakeTmp'
Building C object CMakeFiles/cmTC_adaf6.dir/CheckIncludeFile.c.o
/usr/bin/cc     -o CMakeFiles/cmTC_adaf6.dir/CheckIncludeFile.c.o   -c /opt/CMakeFiles/CMakeTmp/CheckIncludeFile.c
Linking C executable cmTC_adaf6
/usr/bin/cmake -E cmake_link_script CMakeFiles/cmTC_adaf6.dir/link.txt --verbose=1
/usr/bin/cc       CMakeFiles/cmTC_adaf6.dir/CheckIncludeFile.c.o  -o cmTC_adaf6 -rdynamic 
make[1]: Leaving directory '/opt/CMakeFiles/CMakeTmp'


Determining if the function pthread_create exists in the pthread passed with the following output:
Change Dir: /opt/CMakeFiles/CMakeTmp

Run Build Command:"/usr/bin/make" "cmTC_aaf74/fast"
/usr/bin/make -f CMakeFiles/cmTC_aaf74.dir/build.make CMakeFiles/cmTC_aaf74.dir/build
make[1]: Entering directory '/opt/CMakeFiles/CMakeTmp'
Building C object CMakeFiles/cmTC_aaf74.dir/CheckFunctionExists.c.o
/usr/bin/cc    -DCHECK_FUNCTION_EXISTS=pthread_create   -o CMakeFiles/cmTC_aaf74.dir/CheckFunctionExists.c.o   -c /usr/share/cmake-3.7/Modules/CheckFunctionExists.c
Linking C executable cmTC_aaf74
/usr/bin/cmake -E cmake_link_script CMakeFiles/cmTC_aaf74.dir/link.txt --verbose=1
/usr/bin/cc   -DCHECK_FUNCTION_EXISTS=pthread_create    CMakeFiles/cmTC_aaf74.dir/CheckFunctionExists.c.o  -o cmTC_aaf74 -rdynamic -lpthread 
make[1]: Leaving directory '/opt/CMakeFiles/CMakeTmp'


Determining if the include file pthread.h exists passed with the following output:
Change Dir: /opt/CMakeFiles/CMakeTmp

Run Build Command:"/usr/bin/make" "cmTC_350c9/fast"
/usr/bin/make -f CMakeFiles/cmTC_350c9.dir/build.make CMakeFiles/cmTC_350c9.dir/build
make[1]: Entering directory '/opt/CMakeFiles/CMakeTmp'
Building C object CMakeFiles/cmTC_350c9.dir/CheckIncludeFile.c.o
/usr/bin/cc     -o CMakeFiles/cmTC_350c9.dir/CheckIncludeFile.c.o   -c /opt/CMakeFiles/CMakeTmp/CheckIncludeFile.c
Linking C executable cmTC_350c9
/usr/bin/cmake -E cmake_link_script CMakeFiles/cmTC_350c9.dir/link.txt --verbose=1
/usr/bin/cc       CMakeFiles/cmTC_350c9.dir/CheckIncludeFile.c.o  -o cmTC_350c9 -rdynamic 
make[1]: Leaving directory '/opt/CMakeFiles/CMakeTmp'


Determining if the function pthread_create exists in the pthread passed with the following output:
Change Dir: /opt/CMakeFiles/CMakeTmp

Run Build Command:"/usr/bin/make" "cmTC_6efe0/fast"
/usr/bin/make -f CMakeFiles/cmTC_6efe0.dir/build.make CMakeFiles/cmTC_6efe0.dir/build
make[1]: Entering directory '/opt/CMakeFiles/CMakeTmp'
Building C object CMakeFiles/cmTC_6efe0.dir/CheckFunctionExists.c.o
/usr/bin/cc    -DCHECK_FUNCTION_EXISTS=pthread_create   -o CMakeFiles/cmTC_6efe0.dir/CheckFunctionExists.c.o   -c /usr/share/cmake-3.7/Modules/CheckFunctionExists.c
Linking C executable cmTC_6efe0
/usr/bin/cmake -E cmake_link_script CMakeFiles/cmTC_6efe0.dir/link.txt --verbose=1
/usr/bin/cc   -DCHECK_FUNCTION_EXISTS=pthread_create    CMakeFiles/cmTC_6efe0.dir/CheckFunctionExists.c.o  -o cmTC_6efe0 -rdynamic -lpthread 
make[1]: Leaving directory '/opt/CMakeFiles/CMakeTmp'


Determining if the include file pthread.h exists passed with the following output:
Change Dir: /opt/CMakeFiles/CMakeTmp

Run Build Command:"/usr/bin/make" "cmTC_f93b9/fast"
/usr/bin/make -f CMakeFiles/cmTC_f93b9.dir/build.make CMakeFiles/cmTC_f93b9.dir/build
make[1]: Entering directory '/opt/CMakeFiles/CMakeTmp'
Building C object CMakeFiles/cmTC_f93b9.dir/CheckIncludeFile.c.o
/usr/bin/cc     -o CMakeFiles/cmTC_f93b9.dir/CheckIncludeFile.c.o   -c /opt/CMakeFiles/CMakeTmp/CheckIncludeFile.c
Linking C executable cmTC_f93b9
/usr/bin/cmake -E cmake_link_script CMakeFiles/cmTC_f93b9.dir/link.txt --verbose=1
/usr/bin/cc       CMakeFiles/cmTC_f93b9.dir/CheckIncludeFile.c.o  -o cmTC_f93b9 -rdynamic 
make[1]: Leaving directory '/opt/CMakeFiles/CMakeTmp'


Determining if the function pthread_create exists in the pthread passed with the following output:
Change Dir: /opt/CMakeFiles/CMakeTmp

Run Build Command:"/usr/bin/make" "cmTC_b2f0a/fast"
/usr/bin/make -f CMakeFiles/cmTC_b2f0a.dir/build.make CMakeFiles/cmTC_b2f0a.dir/build
make[1]: Entering directory '/opt/CMakeFiles/CMakeTmp'
Building C object CMakeFiles/cmTC_b2f0a.dir/CheckFunctionExists.c.o
/usr/bin/cc    -DCHECK_FUNCTION_EXISTS=pthread_create   -o CMakeFiles/cmTC_b2f0a.dir/CheckFunctionExists.c.o   -c /usr/share/cmake-3.7/Modules/CheckFunctionExists.c
Linking C executable cmTC_b2f0a
/usr/bin/cmake -E cmake_link_script CMakeFiles/cmTC_b2f0a.dir/link.txt --verbose=1
/usr/bin/cc   -DCHECK_FUNCTION_EXISTS=pthread_create    CMakeFiles/cmTC_b2f0a.dir/CheckFunctionExists.c.o  -o cmTC_b2f0a -rdynamic -lpthread 
make[1]: Leaving directory '/opt/CMakeFiles/CMakeTmp'


Determining if the include file pthread.h exists passed with the following output:
Change Dir: /opt/CMakeFiles/CMakeTmp

Run Build Command:"/usr/bin/make" "cmTC_b9093/fast"
/usr/bin/make -f CMakeFiles/cmTC_b9093.dir/build.make CMakeFiles/cmTC_b9093.dir/build
make[1]: Entering directory '/opt/CMakeFiles/CMakeTmp'
Building C object CMakeFiles/cmTC_b9093.dir/CheckIncludeFile.c.o
/usr/bin/cc     -o CMakeFiles/cmTC_b9093.dir/CheckIncludeFile.c.o   -c /opt/CMakeFiles/CMakeTmp/CheckIncludeFile.c
Linking C executable cmTC_b9093
/usr/bin/cmake -E cmake_link_script CMakeFiles/cmTC_b9093.dir/link.txt --verbose=1
/usr/bin/cc       CMakeFiles/cmTC_b9093.dir/CheckIncludeFile.c.o  -o cmTC_b9093 -rdynamic 
make[1]: Leaving directory '/opt/CMakeFiles/CMakeTmp'


Determining if the function pthread_create exists in the pthread passed with the following output:
Change Dir: /opt/CMakeFiles/CMakeTmp

Run Build Command:"/usr/bin/make" "cmTC_f3620/fast"
/usr/bin/make -f CMakeFiles/cmTC_f3620.dir/build.make CMakeFiles/cmTC_f3620.dir/build
make[1]: Entering directory '/opt/CMakeFiles/CMakeTmp'
Building C object CMakeFiles/cmTC_f3620.dir/CheckFunctionExists.c.o
/usr/bin/cc    -DCHECK_FUNCTION_EXISTS=pthread_create   -o CMakeFiles/cmTC_f3620.dir/CheckFunctionExists.c.o   -c /usr/share/cmake-3.7/Modules/CheckFunctionExists.c
Linking C executable cmTC_f3620
/usr/bin/cmake -E cmake_link_script CMakeFiles/cmTC_f3620.dir/link.txt --verbose=1
/usr/bin/cc   -DCHECK_FUNCTION_EXISTS=pthread_create    CMakeFiles/cmTC_f3620.dir/CheckFunctionExists.c.o  -o cmTC_f3620 -rdynamic -lpthread 
make[1]: Leaving directory '/opt/CMakeFiles/CMakeTmp'


Determining if the include file pthread.h exists passed with the following output:
Change Dir: /opt/CMakeFiles/CMakeTmp

Run Build Command:"/usr/bin/make" "cmTC_277b8/fast"
/usr/bin/make -f CMakeFiles/cmTC_277b8.dir/build.make CMakeFiles/cmTC_277b8.dir/build
make[1]: Entering directory '/opt/CMakeFiles/CMakeTmp'
Building C object CMakeFiles/cmTC_277b8.dir/CheckIncludeFile.c.o
/usr/bin/cc     -o CMakeFiles/cmTC_277b8.dir/CheckIncludeFile.c.o   -c /opt/CMakeFiles/CMakeTmp/CheckIncludeFile.c
Linking C executable cmTC_277b8
/usr/bin/cmake -E cmake_link_script CMakeFiles/cmTC_277b8.dir/link.txt --verbose=1
/usr/bin/cc       CMakeFiles/cmTC_277b8.dir/CheckIncludeFile.c.o  -o cmTC_277b8 -rdynamic 
make[1]: Leaving directory '/opt/CMakeFiles/CMakeTmp'


Determining if the function pthread_create exists in the pthread passed with the following output:
Change Dir: /opt/CMakeFiles/CMakeTmp

Run Build Command:"/usr/bin/make" "cmTC_60c9b/fast"
/usr/bin/make -f CMakeFiles/cmTC_60c9b.dir/build.make CMakeFiles/cmTC_60c9b.dir/build
make[1]: Entering directory '/opt/CMakeFiles/CMakeTmp'
Building C object CMakeFiles/cmTC_60c9b.dir/CheckFunctionExists.c.o
/usr/bin/cc    -DCHECK_FUNCTION_EXISTS=pthread_create   -o CMakeFiles/cmTC_60c9b.dir/CheckFunctionExists.c.o   -c /usr/share/cmake-3.7/Modules/CheckFunctionExists.c
Linking C executable cmTC_60c9b
/usr/bin/cmake -E cmake_link_script CMakeFiles/cmTC_60c9b.dir/link.txt --verbose=1
/usr/bin/cc   -DCHECK_FUNCTION_EXISTS=pthread_create    CMakeFiles/cmTC_60c9b.dir/CheckFunctionExists.c.o  -o cmTC_60c9b -rdynamic -lpthread 
make[1]: Leaving directory '/opt/CMakeFiles/CMakeTmp'


Determining if the include file pthread.h exists passed with the following output:
Change Dir: /opt/CMakeFiles/CMakeTmp

Run Build Command:"/usr/bin/make" "cmTC_2d172/fast"
/usr/bin/make -f CMakeFiles/cmTC_2d172.dir/build.make CMakeFiles/cmTC_2d172.dir/build
make[1]: Entering directory '/opt/CMakeFiles/CMakeTmp'
Building C object CMakeFiles/cmTC_2d172.dir/CheckIncludeFile.c.o
/usr/bin/cc     -o CMakeFiles/cmTC_2d172.dir/CheckIncludeFile.c.o   -c /opt/CMakeFiles/CMakeTmp/CheckIncludeFile.c
Linking C executable cmTC_2d172
/usr/bin/cmake -E cmake_link_script CMakeFiles/cmTC_2d172.dir/link.txt --verbose=1
/usr/bin/cc       CMakeFiles/cmTC_2d172.dir/CheckIncludeFile.c.o  -o cmTC_2d172 -rdynamic 
make[1]: Leaving directory '/opt/CMakeFiles/CMakeTmp'


Determining if the function pthread_create exists in the pthread passed with the following output:
Change Dir: /opt/CMakeFiles/CMakeTmp

Run Build Command:"/usr/bin/make" "cmTC_9a825/fast"
/usr/bin/make -f CMakeFiles/cmTC_9a825.dir/build.make CMakeFiles/cmTC_9a825.dir/build
make[1]: Entering directory '/opt/CMakeFiles/CMakeTmp'
Building C object CMakeFiles/cmTC_9a825.dir/CheckFunctionExists.c.o
/usr/bin/cc    -DCHECK_FUNCTION_EXISTS=pthread_create   -o CMakeFiles/cmTC_9a825.dir/CheckFunctionExists.c.o   -c /usr/share/cmake-3.7/Modules/CheckFunctionExists.c
Linking C executable cmTC_9a825
/usr/bin/cmake -E cmake_link_script CMakeFiles/cmTC_9a825.dir/link.txt --verbose=1
/usr/bin/cc   -DCHECK_FUNCTION_EXISTS=pthread_create    CMakeFiles/cmTC_9a825.dir/CheckFunctionExists.c.o  -o cmTC_9a825 -rdynamic -lpthread 
make[1]: Leaving directory '/opt/CMakeFiles/CMakeTmp'


Determining if the include file pthread.h exists passed with the following output:
Change Dir: /opt/CMakeFiles/CMakeTmp

Run Build Command:"/usr/bin/make" "cmTC_d1c82/fast"
/usr/bin/make -f CMakeFiles/cmTC_d1c82.dir/build.make CMakeFiles/cmTC_d1c82.dir/build
make[1]: Entering directory '/opt/CMakeFiles/CMakeTmp'
Building C object CMakeFiles/cmTC_d1c82.dir/CheckIncludeFile.c.o
/usr/bin/cc     -o CMakeFiles/cmTC_d1c82.dir/CheckIncludeFile.c.o   -c /opt/CMakeFiles/CMakeTmp/CheckIncludeFile.c
Linking C executable cmTC_d1c82
/usr/bin/cmake -E cmake_link_script CMakeFiles/cmTC_d1c82.dir/link.txt --verbose=1
/usr/bin/cc       CMakeFiles/cmTC_d1c82.dir/CheckIncludeFile.c.o  -o cmTC_d1c82 -rdynamic 
make[1]: Leaving directory '/opt/CMakeFiles/CMakeTmp'


Determining if the function pthread_create exists in the pthread passed with the following output:
Change Dir: /opt/CMakeFiles/CMakeTmp

Run Build Command:"/usr/bin/make" "cmTC_9bff4/fast"
/usr/bin/make -f CMakeFiles/cmTC_9bff4.dir/build.make CMakeFiles/cmTC_9bff4.dir/build
make[1]: Entering directory '/opt/CMakeFiles/CMakeTmp'
Building C object CMakeFiles/cmTC_9bff4.dir/CheckFunctionExists.c.o
/usr/bin/cc    -DCHECK_FUNCTION_EXISTS=pthread_create   -o CMakeFiles/cmTC_9bff4.dir/CheckFunctionExists.c.o   -c /usr/share/cmake-3.7/Modules/CheckFunctionExists.c
Linking C executable cmTC_9bff4
/usr/bin/cmake -E cmake_link_script CMakeFiles/cmTC_9bff4.dir/link.txt --verbose=1
/usr/bin/cc   -DCHECK_FUNCTION_EXISTS=pthread_create    CMakeFiles/cmTC_9bff4.dir/CheckFunctionExists.c.o  -o cmTC_9bff4 -rdynamic -lpthread 
make[1]: Leaving directory '/opt/CMakeFiles/CMakeTmp'


Determining if the include file pthread.h exists passed with the following output:
Change Dir: /opt/CMakeFiles/CMakeTmp

Run Build Command:"/usr/bin/make" "cmTC_89051/fast"
/usr/bin/make -f CMakeFiles/cmTC_89051.dir/build.make CMakeFiles/cmTC_89051.dir/build
make[1]: Entering directory '/opt/CMakeFiles/CMakeTmp'
Building C object CMakeFiles/cmTC_89051.dir/CheckIncludeFile.c.o
/usr/bin/cc     -o CMakeFiles/cmTC_89051.dir/CheckIncludeFile.c.o   -c /opt/CMakeFiles/CMakeTmp/CheckIncludeFile.c
Linking C executable cmTC_89051
/usr/bin/cmake -E cmake_link_script CMakeFiles/cmTC_89051.dir/link.txt --verbose=1
/usr/bin/cc       CMakeFiles/cmTC_89051.dir/CheckIncludeFile.c.o  -o cmTC_89051 -rdynamic 
make[1]: Leaving directory '/opt/CMakeFiles/CMakeTmp'


Determining if the function pthread_create exists in the pthread passed with the following output:
Change Dir: /opt/CMakeFiles/CMakeTmp

Run Build Command:"/usr/bin/make" "cmTC_28be9/fast"
/usr/bin/make -f CMakeFiles/cmTC_28be9.dir/build.make CMakeFiles/cmTC_28be9.dir/build
make[1]: Entering directory '/opt/CMakeFiles/CMakeTmp'
Building C object CMakeFiles/cmTC_28be9.dir/CheckFunctionExists.c.o
/usr/bin/cc    -DCHECK_FUNCTION_EXISTS=pthread_create   -o CMakeFiles/cmTC_28be9.dir/CheckFunctionExists.c.o   -c /usr/share/cmake-3.7/Modules/CheckFunctionExists.c
Linking C executable cmTC_28be9
/usr/bin/cmake -E cmake_link_script CMakeFiles/cmTC_28be9.dir/link.txt --verbose=1
/usr/bin/cc   -DCHECK_FUNCTION_EXISTS=pthread_create    CMakeFiles/cmTC_28be9.dir/CheckFunctionExists.c.o  -o cmTC_28be9 -rdynamic -lpthread 
make[1]: Leaving directory '/opt/CMakeFiles/CMakeTmp'


Determining if the include file pthread.h exists passed with the following output:
Change Dir: /opt/CMakeFiles/CMakeTmp

Run Build Command:"/usr/bin/make" "cmTC_f7e6c/fast"
/usr/bin/make -f CMakeFiles/cmTC_f7e6c.dir/build.make CMakeFiles/cmTC_f7e6c.dir/build
make[1]: Entering directory '/opt/CMakeFiles/CMakeTmp'
Building C object CMakeFiles/cmTC_f7e6c.dir/CheckIncludeFile.c.o
/usr/bin/cc     -o CMakeFiles/cmTC_f7e6c.dir/CheckIncludeFile.c.o   -c /opt/CMakeFiles/CMakeTmp/CheckIncludeFile.c
Linking C executable cmTC_f7e6c
/usr/bin/cmake -E cmake_link_script CMakeFiles/cmTC_f7e6c.dir/link.txt --verbose=1
/usr/bin/cc       CMakeFiles/cmTC_f7e6c.dir/CheckIncludeFile.c.o  -o cmTC_f7e6c -rdynamic 
make[1]: Leaving directory '/opt/CMakeFiles/CMakeTmp'


Determining if the function pthread_create exists in the pthread passed with the following output:
Change Dir: /opt/CMakeFiles/CMakeTmp

Run Build Command:"/usr/bin/make" "cmTC_bb800/fast"
/usr/bin/make -f CMakeFiles/cmTC_bb800.dir/build.make CMakeFiles/cmTC_bb800.dir/build
make[1]: Entering directory '/opt/CMakeFiles/CMakeTmp'
Building C object CMakeFiles/cmTC_bb800.dir/CheckFunctionExists.c.o
/usr/bin/cc    -DCHECK_FUNCTION_EXISTS=pthread_create   -o CMakeFiles/cmTC_bb800.dir/CheckFunctionExists.c.o   -c /usr/share/cmake-3.7/Modules/CheckFunctionExists.c
Linking C executable cmTC_bb800
/usr/bin/cmake -E cmake_link_script CMakeFiles/cmTC_bb800.dir/link.txt --verbose=1
/usr/bin/cc   -DCHECK_FUNCTION_EXISTS=pthread_create    CMakeFiles/cmTC_bb800.dir/CheckFunctionExists.c.o  -o cmTC_bb800 -rdynamic -lpthread 
make[1]: Leaving directory '/opt/CMakeFiles/CMakeTmp'


Determining if the include file pthread.h exists passed with the following output:
Change Dir: /opt/CMakeFiles/CMakeTmp

Run Build Command:"/usr/bin/make" "cmTC_aa315/fast"
/usr/bin/make -f CMakeFiles/cmTC_aa315.dir/build.make CMakeFiles/cmTC_aa315.dir/build
make[1]: Entering directory '/opt/CMakeFiles/CMakeTmp'
Building C object CMakeFiles/cmTC_aa315.dir/CheckIncludeFile.c.o
/usr/bin/cc     -o CMakeFiles/cmTC_aa315.dir/CheckIncludeFile.c.o   -c /opt/CMakeFiles/CMakeTmp/CheckIncludeFile.c
Linking C executable cmTC_aa315
/usr/bin/cmake -E cmake_link_script CMakeFiles/cmTC_aa315.dir/link.txt --verbose=1
/usr/bin/cc       CMakeFiles/cmTC_aa315.dir/CheckIncludeFile.c.o  -o cmTC_aa315 -rdynamic 
make[1]: Leaving directory '/opt/CMakeFiles/CMakeTmp'


Determining if the function pthread_create exists in the pthread passed with the following output:
Change Dir: /opt/CMakeFiles/CMakeTmp

Run Build Command:"/usr/bin/make" "cmTC_e1c26/fast"
/usr/bin/make -f CMakeFiles/cmTC_e1c26.dir/build.make CMakeFiles/cmTC_e1c26.dir/build
make[1]: Entering directory '/opt/CMakeFiles/CMakeTmp'
Building C object CMakeFiles/cmTC_e1c26.dir/CheckFunctionExists.c.o
/usr/bin/cc    -DCHECK_FUNCTION_EXISTS=pthread_create   -o CMakeFiles/cmTC_e1c26.dir/CheckFunctionExists.c.o   -c /usr/share/cmake-3.7/Modules/CheckFunctionExists.c
Linking C executable cmTC_e1c26
/usr/bin/cmake -E cmake_link_script CMakeFiles/cmTC_e1c26.dir/link.txt --verbose=1
/usr/bin/cc   -DCHECK_FUNCTION_EXISTS=pthread_create    CMakeFiles/cmTC_e1c26.dir/CheckFunctionExists.c.o  -o cmTC_e1c26 -rdynamic -lpthread 
make[1]: Leaving directory '/opt/CMakeFiles/CMakeTmp'


Determining if the include file pthread.h exists passed with the following output:
Change Dir: /opt/CMakeFiles/CMakeTmp

Run Build Command:"/usr/bin/make" "cmTC_5623f/fast"
/usr/bin/make -f CMakeFiles/cmTC_5623f.dir/build.make CMakeFiles/cmTC_5623f.dir/build
make[1]: Entering directory '/opt/CMakeFiles/CMakeTmp'
Building C object CMakeFiles/cmTC_5623f.dir/CheckIncludeFile.c.o
/usr/bin/cc     -o CMakeFiles/cmTC_5623f.dir/CheckIncludeFile.c.o   -c /opt/CMakeFiles/CMakeTmp/CheckIncludeFile.c
Linking C executable cmTC_5623f
/usr/bin/cmake -E cmake_link_script CMakeFiles/cmTC_5623f.dir/link.txt --verbose=1
/usr/bin/cc       CMakeFiles/cmTC_5623f.dir/CheckIncludeFile.c.o  -o cmTC_5623f -rdynamic 
make[1]: Leaving directory '/opt/CMakeFiles/CMakeTmp'


Determining if the function pthread_create exists in the pthread passed with the following output:
Change Dir: /opt/CMakeFiles/CMakeTmp

Run Build Command:"/usr/bin/make" "cmTC_4544d/fast"
/usr/bin/make -f CMakeFiles/cmTC_4544d.dir/build.make CMakeFiles/cmTC_4544d.dir/build
make[1]: Entering directory '/opt/CMakeFiles/CMakeTmp'
Building C object CMakeFiles/cmTC_4544d.dir/CheckFunctionExists.c.o
/usr/bin/cc    -DCHECK_FUNCTION_EXISTS=pthread_create   -o CMakeFiles/cmTC_4544d.dir/CheckFunctionExists.c.o   -c /usr/share/cmake-3.7/Modules/CheckFunctionExists.c
Linking C executable cmTC_4544d
/usr/bin/cmake -E cmake_link_script CMakeFiles/cmTC_4544d.dir/link.txt --verbose=1
/usr/bin/cc   -DCHECK_FUNCTION_EXISTS=pthread_create    CMakeFiles/cmTC_4544d.dir/CheckFunctionExists.c.o  -o cmTC_4544d -rdynamic -lpthread 
make[1]: Leaving directory '/opt/CMakeFiles/CMakeTmp'


